1775
2604
1465
2243
1991
3057
2169
1798
1998
2454
1858
1407
1474
2056
1343
2756
2667
1235
1448
1312
2111
2952
2869
2361
2852
1918
3458
2453
3162
2679
2371
1165
3069
2644
2361
2071
2399
3302
2780
2217
18826
15909
16700
17766
16370
16251
18971
14821
17730
15738
14377
16638
15765
16433
17748
16569
17990
17782
20535
16494
20133
23949
22821
22671
21999
24042
21645
24814
23571
21246
21961
23256
22916
23198
23893
23904
23073
24386
22472
20726
29909
29447
25913
32557
31876
30686
29374
29865
31978
30944
32144
28423
31031
30763
30686
26671
29422
32354
28371
31283
