16384
216768
554112
1115776
2845696
1082176
384
768
112
1776
1696
676
21
49
8
8
1
1
1
3
1
29018
2664496
1891819
62997845
37162075
5869813
2396
266597
0
0
16457
17364
47667
973165
4008877
37458706
5268775
11520638
1987740
50816368
63850879
78908547
70437566
70219059
0
7796884
95183251
8528209
1918364
801261
12123989
9827004
282682
4712
9026
3498
16184
10782
14270
361
526
390
8
2835
1
8
8
17
29018
27863238
39669098
49634956
55618865
7151719
4354
944705
0
0
28907
17364
47667
973165
4008877
37458706
5268775
11520638
55577384
44616103
110287
54841762
18953992
70219059
0
7796884
59706385
