-1
1
-1
2
1
2
13168
954
1482
10681
-1
9979
23670
15603
2742
-1
-1
-1
6218
5574
-1
4942
-1
-1
-1
16650
8346
12970
6914
17038
9517
2577
-1
-1
88
14845
-1
-1
-1
-1
6168
19360
6120
4078
-1
23029
-1
-1
-1
2362
4328
-1
4792
-1
2198
15618
6499
15616
11083
2746
-1
8183
9204
17273
6128
4128
12014
-1
-1
-1
-1
6112
4356
-1
7943
-1
-1
6092
3777
11623
4987
18697
-1
-1
-1
-1
8960
-1
7318
4752
1939
-1
14267
3955
-1
7167
-1
-1
22234
5026
990
7932
4674
861
1788
9936
17349
-1
2882
5026
-1
-1
-1
-1
-1
8450
13047
12297
668
-1
-1
4698
-1
7459
-1
170
-1
-1
-1
-1
-1
-1
6708
18006
7922
1978
5934
-1
10634
-1
644
-1
2844
2741
6234
-1
13231
928
-1
9930
-1
6980
-1
4933
4972
-1
18484
14748
32022
1978
-1
-1
15919
4485
21454
4580
3361
-1
-1
2958
12303
-1
5982
9645
-1
-1
-1
1431
600
2608
-1
1475
5026
23676
9436
11810
-1
5652
-1
14266
17647
3287
2622
-1
-1
-1
-1
-1
6750
13648
10162
4822
-1
11852
-1
2300
-1
-1
1046
19234
3815
4134
-1
-1
10286
18710
-1
16981
1194
-1
10656
-1
3425
1917
-1
16414
-1
-1
-1
-1
-1
-1
-1
30559
2106
-1
9459
-1
5366
18112
10354
1488
14781
5824
8142
-1
4753
2889
9602
-1
5186
10278
-1
13120
-1
-1
16948
-1
10804
-1
-1
2380
-1
19968
7537
826
12769
-1
1003
3886
-1
18284
6624
10798
-1
18740
1276
-1
-1
-1
-1
3086
1327
6192
7740
-1
11846
6980
-1
-1
10998
11694
4425
14860
8364
1110
-1
-1
3655
423
4196
2984
1632
15824
2398
12586
628
1054
7803
9814
9805
1355
-1
410
2226
1245
-1
13134
-1
6352
-1
194
3613
-1
-1
4530
8061
5042
-1
4758
-1
954
-1
-1
-1
2310
-1
3822
2833
3669
2413
9451
-1
-1
-1
-1
-1
6951
-1
-1
94740006
-1
-1
521985792
2933640
-1
-1
-1
-1
-1
-1
-1
-1
-1
-1
-1
-1
11681294
-1
-1
-1
-1
-1
-1
30538013
-1
24447256
180345633
-1
12942730
-1
-1
347221976
-1
-1
-1
-1
-1
154751348
280794194
-1
-1
150546103
-1
-1
5891310
-1
-1
-1
273292515
-1
-1
-1
-1
-1
-1
259498409
-1
6800241
199203867
-1
-1
-1
38444518
-1
-1
-1
-1
-1
-1
-1
-1
-1
-1
-1
-1
181857487
156521520
84627358
-1
-1
-1
-1
162164796
-1
-1
-1
-1
-1
-1
-1
-1
-1
-1
252393390
-1
-1
-1
-1
-1
-1
8340351
-1
-1
-1
32462123
-1
-1
-1
-1
-1
-1
264580671
-1
-1
-1
-1
-1
41534972
210563350
-1
-1
-1
-1
-1
-1
35659558
-1
-1
-1
-1
-1
-1
-1
-1
-1
-1
179803581
-1
-1
-1
-1
-1
-1
-1
-1
31700186
-1
38656317
-1
-1
-1
283298198
34524313
-1
-1
95062215
-1
-1
-1
31735695
-1
-1
-1
-1
-1
-1
-1
-1
-1
-1
-1
-1
-1
-1
-1
-1
-1
-1
-1
-1
-1
-1
-1
-1
-1
-1
-1
-1
-1
-1
-1
-1
-1
112908891
300433170
-1
-1
-1
-1
-1
-1
-1
-1
-1
-1
-1
-1
7695460
-1
-1
-1
-1
-1
-1
-1
-1
113103272
-1
188110625
-1
-1
-1
-1
-1
174626968
28196258
-1
-1
-1
-1
51787110
13838322
267638221
-1
-1
-1
-1
116367409
-1
-1
126730371
8233958
-1
-1
-1
-1
-1
-1
-1
-1
-1
-1
201085536
-1
-1
-1
-1
-1
-1
144112554
99177894
-1
166322524
-1
353110272
44080404
-1
16062911
109884866
-1
-1
-1
-1
-1
-1
-1
-1
-1
-1
-1
-1
62326467
-1
-1
-1
-1
-1
-1
-1
-1
-1
46498413
-1
-1
-1
-1
-1
-1
-1
-1
-1
-1
-1
-1
20329870
-1
-1
-1
-1
-1
-1
-1
-1
-1
-1
51668021
6250798
-1
-1
-1
-1
-1
-1
240790978
-1
178836924
-1
-1
298329020
-1
67329648
-1
-1
-1
-1
-1
-1
-1
-1
11989453
129868245
-1
-1
103682417
-1
129327855
-1
20640274
-1
-1
169216444
-1
-1
-1
-1
29103585
-1
-1
-1
130154435
-1
-1
-1
-1
8639202
-1
235848259
-1
-1
-1
-1
-1
-1
-1
-1
-1
-1
-1
-1
-1
435705392
-1
-1
-1
-1
90341833
-1
-1
-1
-1
-1
209511044
-1
-1
-1
-1
-1
-1
-1
-1
-1
5784252
-1
-1
-1
-1
-1
-1
-1
-1
-1
-1
-1
-1
-1
-1
4641780
-1
-1
-1
-1
-1
-1
-1
-1
-1
53162782
-1
-1
-1
87443372
-1
-1
-1
-1
207182327
-1
-1
-1
-1
339330548
-1
-1
-1
-1
-1
6436987
-1
-1
366471278
-1
-1
-1
-1
-1
-1
-1
26210214
119112231
-1
176239432
-1
-1
29826304
-1
63535257
-1
-1
222751102
28936594
-1
-1
-1
-1
-1
-1
-1
-1
-1
-1
105437327
24499844
-1
143326390
-1
-1
-1
-1
-1
-1
-1
241381640
346721170
175704310
-1
138613211
-1
-1
142711010
-1
-1
-1
336418
172869878
-1
-1
-1
3863324
-1
-1
-1
-1
123987310
287863277
-1
-1
-1
-1
229720513
-1
-1
-1
-1
27780177
-1
-1
179508392
-1
8385029
-1
464509405
-1
-1
80608445
-1
58538610
-1
-1
-1
-1
-1
-1
-1
-1
7961506
12854922
-1
144207064
39947086
-1
-1
-1
-1
-1
-1
-1
5895603
203173199
87400356
258466186
-1
130991572
-1
150546121
-1
-1
-1
-1
-1
-1
-1
212326878
44608846
-1
-1
-1
-1
-1
-1
-1
105514363
65873138
-1
-1
-1
256836584
-1
378430821
-1
-1
422484707
70267519
-1
-1
40662069
-1
-1
-1
-1
72837682
22764142
315139555
-1
-1
-1
34544864
-1
-1
109574747
-1
-1
327024096
-1
-1
-1
-1
-1
-1
51467908
-1
-1
-1
-1
-1
-1
-1
-1
-1
150820938
-1
-1
-1
-1
54949095
-1
-1
-1
115283428
49619012
15227532
-1
378020320
-1
-1
-1
-1
