2147483644 -1
1 -1
1 -1
1 1
1 1
1 1
1 -1
336971124 659598368
35766290 26239572
326051436 -392289610
675016433 168544290
116752251 -194041604
84970743 21417562
80835680 -436291072
466701606 -86546364
36629216 -366496748
33557676 379268589
32230962 709031778
416998221 84161664
368402970 48581612
939151437 -204145359
314295422 -450219948
29331900 31051110
111511395 87708700
634446252 481551312
26137200 8465309
94689270 217042882
521273564 690847794
65449575 44362899
89065044 407401680
483589584 -227869096
453525720 220504716
128804732 -536672875
192515622 57109679
6526000 564329607
52946170 248711870
8980026 442118269
56829266 -70778792
423188884 -209071423
67311552 455546030
647333036 70953718
38371240 119711628
469069512 15405769
695134188 345474072
125370428 30391024
116869478 -240524736
211859639 -61474686
26304960 222807551
330381356 185218041
1205864 -538807492
416255900 7245755
1917160 -58276680
390256886 105690054
50643600 -59821560
274074594 36600876
67270875 -179722712
49556357 -331592375
892697481 163781817
103003940 -258076798
13772400 -167787462
314309231 -452452850
893010144 415289260
15214482 -113881782
299487104 -237757032
58584988 -665647080
308315633 66762316
60485150 -49221666
57559270 -51924684
155265662 43436158
4764300 -239846733
667415472 32312136
7818980 -15185844
547596650 -50477733
248171352 2934265
489955200 175664124
816269960 811416462
144640224 -368634528
386985060 149926089
199760710 501399360
293743776 18903750
185394432 -53073944
26998478 119138215
789222660 -271929123
511396803 50869921
52924536 37190691
19492480 37306518
549036600 20246116
252522537 176755552
763104868 -534266275
419315688 -144647475
639380217 217268820
429421776 184699116
23767965 -325241430
122491708 -112775229
271184102 374975568
615536000 -359378844
797663487 53066022
