3.00
23.25
57096.55
2.50
161.65
32.48
7.19
296.75
45.40
37.90
113.43
33.67
123.90
27.62
9.22
154.22
330.39
145.22
15.22
15.67
170.54
3.00
861.63
96.04
75.33
454.04
271.39
9.29
1667.27
61.03
205.24
81.31
19.21
51.23
73.12
2.40
3.33
459.73
59.61
201.40
122.71
107.22
34.98
164.38
13.94
51.23
14.79
58.90
1152.39
563.07
22.83
11.56
70.50
20.50
36.45
695.87
15.83
31.94
25.32
23857.86
28.47
257.00
16.47
148.50
73.97
39.64
569.09
267.13
233.63
9.91
150.08
25.52
95.69
145.91
165.36
88.10
20.95
68.15
15.30
58.31
3.97
45.97
71.18
5148.26
53.43
13.49
12.34
67.30
60.51
436.43
726.58
85.90
7.64
58.10
328.27
2.57
18.59
968.63
11.77
31.39
