3
5
0
33051
33051
0
0
0
33060
2447
2447
79695
79695
79695
23032
79695
60262
29649
40677
58379
20585
136990
210432
210432
188930
71272
88974
164513
273021
68825
281114
175044
20585
51180
241826
153214
313120
230662
71272
221316
187923
239321
265371
87976
1369214
239321
1339068
105981
321900
87976
351173
105981
1395369
294645
105981
388625
1482594
1482594
237981
1410450
268594
217196
1485225
310703
402046
319609
230220
51180
402369
1463866
20585
0
1613177
343385
1613177
343385
1613177
1566877
20585
1673422
20585
1670944
1652486
24389
1653589
515580
53246
0
525002
456123
169576
498232
277807
274666
436577
261900
1848043
1848043
261900
1890372
1890391
508636
324852
1735503
495205
1937998
260075
1800796
2009141
2009141
2009141
20604
82569
2009142
354156
1918874
1871015
2015644
1890220
2033247
82569
2033247
2033247
561611
2066057
1876535
2013737
276769
389665
2172147
2203207
701309
727082
762559
727082
2070872
835368
736237
19
2297967
398845
874294
936742
2184073
2242722
468726
707294
2227708
2363086
2163388
2198726
543521
2274473
500345
134270
886124
321891
1029748
2496857
844992
2496857
478688
2361460
575850
2377320
2530321
1104013
1104032
2512511
1104032
321891
966937
2598814
1166922
901965
901965
478688
134289
2548072
2523664
478688
762932
809435
732778
2655337
20604
2655337
795136
1273618
2322156
328489
2393709
2727644
2512487
1226481
150728
2761804
2776388
598025
1058240
1156078
541953
0
17841
42212
42212
69658
123466
0
123466
123466
0
125313
166946
97867
0
166946
53462
0
0
191100
181706
149467
122021
228458
0
149468
0
239873
0
0
237914
249746
216720
0
285650
32964
310203
189316
287130
107055
289918
335786
0
346054
213397
346451
107929
3662
295453
31109
361915
0
382033
382033
394545
102600
433520
464023
0
33291
61612
235993
540206
397454
0
540206
237764
600533
61612
475045
206463
641727
642978
642978
458954
365011
676022
676022
583222
676022
622974
679775
458954
169600
155774
128639
798577
85268
820792
706079
703310
724576
57005
294808
54217
703310
100318
915935
255572
173874
30503
402936
1014754
204292
858335
431152
238054
1044222
891825
858335
953965
471678
374104
254207
1116074
956676
153937
284097
1144714
880821
968277
314184
410030
1171057
968277
920095
1195888
467309
691283
712849
712849
0
0
312127
1271601
1289195
579843
451927
261718
307662
765096
1092404
536174
536174
225095
1008309
1372145
281961
1372145
1047190
0
1405196
857428
1405196
335341
281961
857437
663874
1449713
1231380
1023373
1023373
557794
1494687
904072
373638
873160
738260
912731
938781
1550790
1164208
1574958
1219857
561654
1054665
375077
1083938
470297
1257520
946489
621594
852707
1189601
621594
1373824
1720315
748441
748441
1014179
1248169
890845
780557
1735822
1165200
1551548
907304
587996
787062
658964
1769301
61733
1782116
1812711
1719511
1386873
448465
689559
1875300
1875300
38179
0
1704691
967796
967796
967796
723826
1591871
2039861
92236
1455645
61733
1890708
1842218
1944329
1581213
1744925
1281495
2066108
148611
0
1282215
1096177
420810
1255445
280673
710439
0
8093
8093
0
0
20785
0
0
20785
0
0
20642
41427
41427
20642
41427
41427
29324
63889
63889
58628
179944
136534
58628
120027
203667
232673
0
232673
29304
232673
87634
189263
189263
189263
234275
208468
58628
154458
29304
254403
125933
287214
227297
243804
75341
153231
333386
153231
224499
250272
275617
250272
409367
321656
250272
0
464800
157568
360582
371177
486284
497197
225572
302229
529919
250800
507337
542675
250800
569890
268525
608391
85657
402501
131694
509223
685043
402501
402501
273575
630720
305059
646561
320900
531635
531635
685837
531635
131694
473201
607162
443661
443661
298894
85657
772238
772238
298894
376373
422876
346219
0
174920
422963
668288
705791
146061
765077
0
823164
693770
102115
896868
648405
399190
604171
675239
376526
261869
641217
1048222
856033
1075668
435626
1016567
336218
1100385
888994
168421
955672
968130
696571
147779
830311
504579
419785
361537
422864
1079226
881911
720725
1181247
14584
817823
34934
147779
147779
168421
1135434
403973
1021316
1041338
14584
1066692
466152
599449
708602
1131928
623022
1163347
1220128
179891
14584
1271276
860652
1124869
602237
179891
1048308
406761
1142083
14584
1265501
1265501
525561
1299026
525561
406761
950383
14584
201712
437264
741893
1145179
14584
598463
743664
1071398
334080
1267225
667071
1626096
1598798
556033
181070
1127724
858540
1632128
448798
1385046
1473609
1574848
1094695
556033
555457
447193
1306218
204784
1748349
1517375
1505134
1535872
204784
700979
1779070
89151
1505134
240476
677699
499031
45087
828042
1061569
424277
1674484
856258
588530
1994305
1709724
1666762
1822116
896784
767140
629009
968218
1774575
280056
1676079
1810914
1977225
745208
827804
643419
1810914
1715353
382787
899511
1216153
1310280
1310280
0
0
722556
295674
313268
1043529
898792
452498
583208
1387556
1974380
737961
922346
922346
657557
375952
1731547
32178
472741
1804126
2344367
419611
706084
1446355
1105205
22950
2099773
1738532
1003785
1775365
1516551
794569
1422501
1233733
1509288
1551260
796284
1313641
991804
1736795
755700
1766068
1524991
1495227
1067655
1401445
0
0
16892
0
0
0
45728
43817
22280
37818
0
81635
63533
63533
74561
74561
0
215299
222155
70520
105156
0
0
437029
306743
306743
83399
473943
28312
466019
28312
562430
521784
545406
456732
60973
623392
466154
172996
122295
184024
529100
724491
122295
572990
371348
393233
0
0
20642
20642
20642
20642
20642
29324
122197
43104
58628
160286
98070
58628
81563
58628
87634
246530
167437
111994
175159
175159
246530
194364
82988
140354
265735
114519
129508
129508
283249
195371
211878
99701
356677
301460
177591
131071
280473
210252
387389
299678
255128
202675
500351
428980
156155
324762
335357
450464
532748
224159
555788
494099
249387
471517
506855
249387
616354
665563
110017
490253
500862
166663
359248
359248
282771
698072
314255
330096
516703
516703
687024
516703
787026
166663
491674
267782
566911
799580
799580
279146
839199
505279
356033
737765
640237
392510
647414
943186
345185
541278
600617
642589
989715
346900
484032
411378
693669
346900
1111749
626427
601082
427219
539356
427219
513305
941426
513305
1191058
468824
468824
870407
1266100
551123
155681
803857
736749
602889
300397
1345793
561664
1094707
1302864
1063513
424036
553309
55966
53311
0
1402485
1585276
768189
1607161
553406
1315150
1227946
55966
1573215
1722707
1633713
1333250
1533005
1143857
135456
0
1755090
900489
391375
1110587
716048
477170
1152970
1832468
334290
1260703
907174
1864474
907174
557441
1123096
1913077
614556
1458268
993082
761213
1556490
1556490
931585
1996211
1854679
481855
1594949
637553
53311
2075866
1706700
815329
1925179
1864681
2075866
1768054
481855
1462673
230067
655067
1073394
2110983
2110983
1700566
1960296
498568
1806655
2248132
1254725
1426272
1227927
1906004
1554446
1339068
2355347
2059202
694367
1593372
2085131
2217113
871986
2415229
261437
2015232
35338
0
35338
49209
84547
84547
106447
117056
30959
64868
64868
64868
117056
64868
67297
119485
119485
163967
119485
30959
94456
247039
144804
0
280090
67866
317468
155833
393204
272511
144441
279688
247482
144441
211905
459479
282191
161145
213060
379726
179150
333271
135826
362544
314395
314395
208311
297545
444444
210740
240881
531320
240881
240881
500962
336675
278699
40935
494734
424717
361078
592656
129002
333721
303580
333721
668466
853252
670345
223292
336830
23240
20585
0
148828
941982
518442
518442
420788
891045
877871
23240
1101799
1166633
946337
1076838
790816
102730
0
825267
636874
223260
757546
491177
283971
799929
102730
198902
929776
657427
446332
1354602
366689
789260
1047632
1144287
729467
522930
1100166
1152969
1469077
663998
926542
1350573
284436
1109321
738149
456403
1564106
1264001
592299
1580109
1383167
1290558
1309763
324799
1107488
143093
472584
1601839
810043
1619661
1241965
1483217
341512
547374
1348054
977516
1114563
986439
1473409
1225854
1052704
0
1619042
514674
1264780
1327247
1640526
1761595
693980
981732
764053
1571379
35338
0
35338
49209
84547
20350
106447
117056
30959
64868
64868
64868
117056
64868
67297
119485
119485
163967
119485
30959
94456
173926
144804
100982
130579
76232
135827
265705
236583
265875
233669
155048
214014
254148
458629
171752
226989
377733
189757
331278
146433
550009
331278
299051
299051
241033
282201
413178
243462
646454
500054
256150
244330
244330
469696
724127
293968
49301
463468
409373
345734
774513
139609
306995
307863
835338
630720
884582
340245
31606
0
974184
542700
1126298
426577
910669
888362
59918
1208948
1256293
1109040
801307
1256293
139408
0
827056
654585
283983
775257
513891
344694
1349259
809547
139408
235580
1361951
672983
498353
672983
427412
1429868
452731
1041328
1159694
739085
567759
1102995
1102995
708858
1525044
1423446
374463
1168288
537728
1635727
1635727
1311788
642072
1514143
1453645
1350923
1370128
390466
1154927
1670935
863921
1730598
1337853
1593011
407179
1804026
1443942
1867747
529484
1337355
1010503
1523023
1285483
1089121
1915768
0
1647365
529484
1299325
1673294
1804476
1978784
997453
1989492
2003961
1586572
1621910
786837
1802337
2050745
674600
1734198
236435
2076145
1415934
469508
1079565
1079565
2093325
1844917
800935
928571
2142908
1494663
2052555
1494663
460650
1328113
1595088
