76
34
26770340
661208
29894182
9003014
94890
268787944
1869926
56747698
181567536
74120326
156163122
129932524
23820584
1859754
101072984
216844814
67863582
81191548
13020198
110313882
31115022
3472122
71005630
543560
361578
9833948
88978998
5313066
205674050
11184398
1118426
166333430
124744950
246239868
67027728
27919376
6334430
19131604
264761612
16105994
185435552
10102
108968014
62795458
196338
11673202
61302664
3848470
5432256
129558562
57522538
52796508
22531026
109627692
221504064
92406028
36785574
2892410
171582550
102050546
142140470
114774454
16548370
54347026
15412756
87508000
316079776
18042074
12548178
82031682
7366
41017056
277263654
3091794
2242856
30604206
103832140
1280534
2017134
1435480
5611190
66836404
142721044
182376124
29591104
42814474
24336196
121754324
371980
784306
19104580
374549110
6457450
41651336
151372050
152207762
956272
144954544
67444026
28683312
36197340
2042240
11736358
201432926
162268078
17134676
140155240
107261904
9908710
35204204
99543374
58936794
242402
142754382
20151374
129711254
190868018
6689896
132794812
5922
116264408
5534864
38291408
3994418
973634
93203070
196034
336474938
2293082
218595136
3170718
240698
130358388
36195034
492386
32510410
333036122
11296764
149423360
1929464
225716248
16176784
288617774
1341092
70848
9138
5437124
5119394
118736888
4949698
34981366
7977092
5746834
16554128
3297726
12530
332296608
5654408
1571476
15076650
64811668
778446
156224704
139992618
830130
46844118
41185088
65430426
55719050
300310280
8622386
43304514
24684798
124802806
29083622
159832070
1537458
52495890
4547750
192860406
132819870
121280054
67517822
92389922
51145630
51051202
253659584
18140030
68890888
52483686
119640158
70686902
155590
116731636
25142064
26876222
51455680
41102340
39753950
412262
45532950
47657178
19388878
154539964
12082096
59064412
165012
1388806
9181044
12650688
4712788
36375272
40325984
15854114
28763180
109640158
63766554
1363544
30937886
114406238
283087070
19957430
23665326
14677268
690668
9317960
3674768
556492
1422596
40011628
8450246
2001140
230870720
114446582
104849810
9934000
105019560
16447724
8842992
1201858
88499172
20930434
32828298
196022808
28923466
30430974
267753048
121169462
16716700
51617320
13548484
103560822
128631118
169474216
187178
60515088
66835982
115818766
142435926
108817118
172751016
53631008
152107578
25063296
252692436
10241668
131699112
71499836
165324
133522952
196202710
1620348
195937060
283628732
330600
280654982
177172516
3317920
31067318
44145190
1533828
1198066
610382
366056
12212602
2004462
86809844
225632150
30194006
10115066
21992854
51220944
26949082
258912056
112652670
26233516
9386334
247577202
124123902
17853426
211019492
55193540
1805640
318380200
141732268
61688072
4522966
12763790
15693950
61160394
8030060
151249994
20808934
34921130
56099740
169655606
5824796
46953654
4727168
3446664
66369540
70996388
16308680
6716472
216974
125537846
5019966
35555460
8028064
51910934
39410952
13720384
59320356
110613402
77807950
4942286
11648126
364061056
226493542
2040
1215792
160388468
62910670
22697904
85218260
2398998
62868336
63927450
121823592
119328712
27990256
113756158
18260542
2072
2289510
260056924
221529880
8026566
160735166
97994862
8457280
35214906
13246
18290450
40515090
12485412
30590550
135320872
1986788
15173488
54542554
1682172
2706594
95484184
3873128
218576304
22760232
8532482
56551792
130438196
252150266
22623592
243274
76719286
148474150
16651574
12351484
190
103580
4057026
2084346
2026692
25981930
59666888
14198676
28595392
2171094
217829778
62759820
6349334
86901652
199244386
53004618
21368226
9389352
62210302
196578294
141301596
338595988
51196812
30620568
38709632
42247084
102698194
5715514
65512178
964606
97911514
20024852
20670824
70866640
1466298
9939082
1245830
120047108
104591378
31131772
5189426
49865558
151156
2405538
16733708
39856876
256106
28122
215302414
27541694
172365968
44072728
3941958
9840452
5604010
47420062
7031990
6605294
5207984
135495242
31947548
129906
948986
44160764
113793784
44448920
84449776
15173114
288586
557280
1218016
68816854
80824408
3741538
35904428
12777382
92829178
212131142
55236662
4515208
88302
299058032
198293798
31878308
676950
15383010
30499630
3801090
50284118
19288
15950264
15370640
27580998
106596300
111803432
150000166
2452924
21151480
19276264
61096290
48444602
6305300
5951432
763254
33199890
7258244
1098448
3007214
61678
241619026
30580964
83864
6129816
2626372
3600048
35899224
5003178
185537876
2195728
20013614
22456
99093480
53479864
7170668
1425072
280154
1004918
16923406
181404970
128408114
423498
175763846
42252
7390
270636
33354784
114282208
88019904
9337772
66658960
2610592
77060672
99993688
43955138
29210848
113465964
17549196
8384154
11580886
125872
879680
8859090
28072580
47084998
13807876
311348
28015046
3249868
120021750
219406414
167776534
14528
61565988
257700096
201700850
103456102
2929422
15149924
209981282
20264474
72519722
1895392
9716488
93009116
10950604
250924708
1687160
80679972
78038286
137967680
7746088
3209160
932430
63897786
51394660
133657210
160446
22556308
444028
90078830
43962782
15180562
7510278
101238288
11453562
38714054
58418936
21803772
24948624
496406
137523212
7909864
4361206
9225636
9554768
10598830
175560820
299469296
9849790
25464708
13573744
90519600
233843084
24588356
1492476
366572
4735152
68719904
170039476
30066056
80412696
26735472
83198722
54730830
2520126
3739892
3951478
3532722
1466172
895996
4871624
172581024
448174
91147188
9200572
10608072
64007362
2086134
62981528
132602090
25795562
24518730
18064372
10481292
8757138
902780
163944
23288350
87195980
13099762
20381400
136638436
14865072
8488556
196673350
12004066
59058420
26298902
163101636
112882994
7918006
8595282
20513994
69112568
1700176
777794
37352852
236500724
12954252
6734350
1945354
30835176
318064782
10548054
2901884
7986292
92573388
193542
221428
11889966
9388468
15073724
5559956
47375850
89273210
186866568
1602550
131695690
4980452
10110100
9842450
302842004
11245462
106716868
140158560
7578768
1551502
2698920
287368586
379582520
10811216
223866474
24572
105734
12000536
41039000
87426
317378
176929978
584040
44864026
51521832
28026998
86954402
605790
12891822
19354
71952714
20995386
257221968
71697418
6466748
16658112
37800146
146682234
2657066
38793928
4182122
164018526
17848476
35487426
252118008
269417960
89456184
1694560
13669680
108834152
28533388
107123230
24913424
130675378
1387892
156272596
14525638
7170310
217352238
7728538
108461180
8189196
2501568
33359946
81339420
202396666
7895492
156959996
24287336
38403192
94558480
4876266
232457316
170803336
17629772
1638236
35529892
2377220
16966736
1410804
18068152
42678
159574982
14402530
197513356
189503456
48869764
7224672
243900
25868384
3356430
551500
2919984
10237596
7166952
51605436
16361838
120672538
5305662
62154
15166646
38170440
9872
233162992
71308
1974868
473770
30957292
176519078
40052
276081518
19514454
74167414
2898752
41966458
113145048
6341464
3501508
10216100
203014
4670482
72970636
65571556
201429614
19533330
736116
2755918
230407484
20002924
27816
213018872
70204536
173143982
82574890
305840456
171483950
87324
273725706
61581238
15106406
15001458
209076436
1165128
8186232
797322
98447278
8871376
1060944
137721432
57556582
35994876
574856
624148
4239190
6563800
4588042
9633922
27792040
65768886
5425146
7627294
140511634
138843438
127287396
13412060
31417094
134929316
54355608
90891954
3337822
6066620
108685880
30986456
6685074
9716388
150829434
1727456
64494432
1283142
4584
59135606
30345892
23659942
31003374
10854444
231302932
200866630
6051888
135894098
92190
44800608
2280118
164913332
95070542
27299980
209329754
885304
56756524
236276168
5559312
121410450
162858014
63188220
12026144
164567012
31456766
536690
173049684
40291624
299332268
43359514
7091930
110797178
994682
8830054
3186268
62497878
2400096
141352966
167260160
71656666
6447990
82118708
1173558
23871560
178450388
10402374
120008694
4035084
8146976
281049016
20092442
35470472
3807258
342218
318514440
323094
42930310
114849400
98034016
116932000
215366750
12760848
74068254
14939278
119002162
603060
102379746
229692558
108625808
75822314
63949050
10050100
20586026
3405840
8464
1056904
157135838
1037546
18037964
122545012
208658
69486438
28009338
10909688
132577994
5717708
74747494
8101436
63079876
6153980
8295014
268826
28024542
183446850
620546
750158
13956484
7024434
8909008
51749524
115227342
14506580
10604554
204037872
460646
3802796
1501440
25150800
45224462
8512496
3292628
138013162
247789462
39386708
160094898
2905810
16516686
10219256
283604310
38493468
9390472
13129412
6759690
4553864
98373630
1635058
39571966
18366604
141910766
63313138
55799012
29742466
118953564
38192
194080508
178267764
2898110
75705578
26936102
73314752
60195726
8956344
254789938
26531230
5048662
191210436
80853880
5192944
28552598
19246638
132878850
14709186
85841900
21074850
41391666
8532928
1991660
12463342
237069856
47337868
2741168
1184714
5408556
17747370
135374736
311698
10060166
125434378
326004330
148501552
6032
84767084
21507748
1146046
11969386
55887562
91087834
835272
76272594
226352708
1718
2164982
2412786
331642
29515198
251889636
1905236
3162930
49667722
248953902
23702810
8392024
7254402
8099346
59198808
15734280
53653550
120734420
296975488
12007534
23947088
68722200
28574982
36305186
80692730
78584
296472146
21215852
2859534
266
87193840
253214590
477446
25434872
5784290
110132
84215490
2401086
4417748
25285996
15469412
72496124
77870040
5268436
23936292
27725860
183296620
30251230
77077490
2355464
741498
2857844
66
18885548
9498604
10090
412670
52712816
232831408
7953110
112095786
33005014
632442
38875146
64038
5570792
217801170
70145156
78253256
95265968
170480
89269830
11793902
81360634
134434594
3933134
8446350
2446258
1633768
6178230
4144212
81144794
27261328
57613100
5710576
16626858
8064918
102172432
2804710
30506170
6228472
2396760
92556406
118956068
15612584
114085276
18233502
27282836
99103244
87823566
341520
18274374
53028462
42407522
8998660
22202610
105555114
47292908
25519706
48969166
35285946
13044894
55681320
148597840
69788018
2378460
134457116
11854222
112541626
2995624
8409296
2373554
68223044
52229684
200653750
61120612
869774
80091580
134035256
361164
32962546
41094312
2613098
73689646
7021240
16776608
7376454
187025586
15826
135329652
58081144
17797752
27426746
512370
39696518
316053578
15765320
3174962
306643922
1564174
345408
213826
2861400
88516624
136490400
3298426
200516982
55959580
46290714
300186
1429598
370506
47632986
2100
25347354
53802
153006924
13623848
8109836
13203114
15581620
23878754
3294870
9032656
21892128
103847384
43972548
83081434
248612
220505108
63471666
645772
79819672
490884
26590218
45629946
21307962
12402954
61026552
86233566
28850376
603090
35657708
226495448
156183538
1165638
13221218
4989752
109661556
173813558
13983830
7265402
182817012
230368
82244830
61490034
262414370
152813222
125305872
20785548
13362880
35566686
9730530
78228244
308328630
153707322
439266
50346
25211410
356925256
108071802
186450760
125822094
253746128
82279158
4074898
18158798
39018838
11211016
165485876
3685016
39809080
5613868
1999038
499476
16796850
68199812
6656480
1885508
1667500
37058030
167684818
139561406
15326330
5772570
62458884
18950204
6167286
69618
29563314
163761966
78313804
802040
18895668
149088514
150447944
840652
1255238
7819654
105762436
27662190
27391766
316971692
68226372
259504
18617986
58418584
7915642
46862558
13565166
60684104
648696
87541498
24129128
27176950
65934
130192540
8791392
534530
56050884
10098196
1366616
95048214
720244
479340
33310150
18363786
32261454
33773526
123448382
29937136
123204804
21326542
185943592
19022176
1003682
9116142
518340
77619376
4125786
9338108
28536518
6263056
147162884
6656324
17655382
802526
423554
61916184
90694558
26020130
19575398
113807418
194302894
79915714
46592406
249956636
110146016
131422948
96873646
10807534
235508100
121306556
31437290
7444198
1478984
30949182
21018946
174514464
99612684
283280134
872832
279206308
396
4995182
295693210
393874
201040250
143876286
613602
122795932
729958
224459840
245905906
20314666
46103328
20118882
5640112
162454722
3224004
69142878
46352192
12193800
112690
119552
9349522
16410586
268650
14310250
162
174957682
251249742
499992
13726040
15679046
58995236
242022
55042254
6544868
6820040
6780424
245709972
20792822
110947024
19595048
172846010
7071498
33105864
5875880
847768
4216012
6372400
183836700
12949932
189337710
16922916
22073278
43050432
38184628
92300178
68439090
423150
2305798
6942820
23664560
167346616
128987300
51759582
2424276
12711788
109888636
218399320
118314432
320344348
7606678
5871046
208163030
4688954
163475700
146197940
57655454
13230080
185450
153987846
168846596
12403822
8591182
177656668
96995506
8079284
2783322
3334298
68374376
270483138
184572050
171717236
102207014
15515828
71067534
2200274
102123526
100200
1152332
2424260
86352892
3754836
145987356
164987512
384898
60644582
4302844
45165438
155856
137494
39963964
138533028
4427568
5331912
125711102
32532800
52035270
54008550
3876170
122897564
1762476
9375434
148810226
1062476
11495856
91299626
3521874
30489954
90890
11219940
7044310
13846
48856682
110153684
20400776
106075722
206818134
274062
8923624
223828
3402506
11594268
22128382
110108470
22125578
942638
1429972
50910532
86346860
28320740
1531682
1789726
14921466
8011090
3042908
15098362
12608
148792992
17854438
1327380
152828742
129977348
6219754
55278064
8631990
106844504
102706
10928252
8534650
64256
66717280
24212
502906
37058666
100556086
12254302
8034890
3526706
8017660
143285180
27461778
857236
32244
932584
134860134
69715622
168910258
23661722
98041688
3294362
8590332
242248176
47916
37176302
310580
126693786
268298554
19857944
5730642
116985366
127881242
55659292
26429930
256187204
47488432
2137678
261259784
4073674
838250
2290566
31789598
16700998
57366016
264787576
247814
1961714
30468780
3202430
43306
605400
9977450
111286246
73420670
11800610
40988798
61971598
6948
18927970
38247746
12439534
93962704
2838722
86844250
2654594
75130978
65955818
128675586
140230820
206665686
164877692
13573686
74651252
155968090
216990506
29895118
637524
116612762
8367972
480878
129756930
60513452
62195340
205949528
12195742
166066
1510452
103673620
781220
170690752
41744074
12577752
19031280
1101006
149627222
188
7524710
10696684
1809064
1364634
29130140
46052924
27881572
2564038
21324238
10922094
76073216
805906
49443126
11723724
163693112
47414598
3650426
53592850
13960346
153020374
19514708
55235396
3218392
90858
5359592
23836130
276540
39924268
22086536
15117596
6370518
73001540
68999782
229435196
59518112
221755412
52001870
1378234
21197878
102209012
29907186
152325234
7771310
105192
11049310
154645470
61092942
2896986
3362
161741732
58687370
1521930
209723262
2596506
19823112
5239258
13147610
94356086
64722094
9664802
214328064
4806006
107080646
1605716
306898038
68769046
74916442
3286912
28223158
2111892
148880036
1567010
59945418
12699464
104833238
7765888
219904770
79059962
7255506
191050910
169826
268730678
175650606
2724906
230559882
51947048
115192586
33028316
96159394
2816576
2496260
8996584
163348222
163474918
3893802
951012
227870250
36622966
11046986
6937750
71882880
13171240
39505038
70770224
1586166
231079408
116380874
6392568
141292
45494584
1045394
207158836
124200452
6577350
138026696
55652
29217570
24824786
2077944
75452544
214948
18499194
35384144
65941032
51897820
291995736
11289412
216190670
875480
1008210
171850926
344811384
35926646
26466
23187040
8520002
2960514
5520670
72922194
22811208
920234
57988844
239186
25377440
72190892
111615020
70107742
6398980
3130354
409296
37474922
204733872
95509064
1981256
21342272
170964
56639320
134459156
8234720
96182026
7418646
9946618
2205590
298097878
205329222
169588
5255686
137074856
97019176
4882576
205400732
23073954
1508616
2830198
112339164
2645562
194411610
72150464
213111290
47168918
2199650
4428132
145288904
14320926
56949340
18645262
233516
1380116
32042402
26917396
5392774
267346014
382130
43030284
106450878
939412
229540976
150635040
85369774
11202
64417978
13272206
249569214
3655964
51776660
46687534
3913648
83551192
94160006
82999230
20039978
3675780
11305690
2657098
26637306
325201214
33892354
84640850
52930634
39888500
70366430
102864298
14076494
128494228
587594
8743428
29203728
61192802
99104774
1071544
1045990
13650096
121322942
14947476
48172304
173115806
49124410
28594572
1914
10081806
83100258
92147030
76010316
246528650
2385484
208324558
114014246
9625888
12076
2097570
44858972
7951264
20535920
8314838
106540172
15681588
39983134
33802210
10541358
4098
7826792
4585900
11648
2024226
192240
1170318
71172006
1720432
164296786
6332200
147696
33259570
7430
1632202
75627486
10448782
303232984
284184
335854
184507346
163892702
96527284
30511570
843478
14313320
81992586
56061246
3107476
141378168
5919518
944050
2578068
431698
145975328
477372
16239288
15023848
337236
2777736
40465556
56493698
305571318
9016466
144966576
485590
246404464
9061504
40852068
119412242
200204978
39652660
24328522
5049104
33197716
206824144
15086188
19075426
28977068
341209992
18650728
72854866
481608
218675804
211298
7633064
27362290
21703786
5278106
65300142
280825294
6056412
1187232
162836914
131816986
2057526
188828
31097090
5545696
100802754
76872090
4926
144849928
248143416
13416216
123882384
640836
78031642
4119182
4495574
154170538
8677688
91489940
51765202
1739770
5586726
1168462
103441714
682360
2055586
165136
2351466
27085120
188076830
132569890
31423568
12704906
11366562
149182676
85875464
17066242
24442648
9807246
8343066
23937694
43700246
69904702
10362296
153766
26998004
27334850
27654390
57493864
99420
3506904
133575812
240446
27527882
45179848
52717214
195240602
36082522
69950450
3801576
10627674
109288
5207082
339889756
1616854
76205574
5133282
104240954
228014124
2112638
15134354
137534712
96679532
3582374
15885158
3359214
168032608
142076930
10944168
64385818
63039368
6743006
335097638
72671702
114068688
7557420
46444312
1136130
7366432
194906
1064570
37660
10754756
139868304
27067914
16745112
816176
56447626
295756040
135844410
261981446
12669440
50891266
18521362
1021434
6287126
1566234
6724140
34874858
20851874
22168886
5728852
262331096
263687960
2527152
29949906
45179998
4390524
159997622
77357426
337312084
450282
84203852
268646
46763546
1140026
115980968
70375954
15063262
4216578
385424
764554
11668368
19617082
112011094
3022524
73981276
4060916
120088042
72411828
344909632
79841964
278432294
19468340
67539746
19597962
5413412
19793988
7355922
79762118
133724
21077918
3116758
99524174
3506196
93565162
11939370
294
33153334
161108616
1700008
7248134
19780820
12036598
259373202
85188
259074930
103415532
12186
21855180
214604040
15171102
88224588
429322
8144372
1975218
208211378
19415816
38609600
196824582
132940374
149791332
175734866
408782
144441558
40203082
111681652
19216358
76441358
22312078
129089626
288196266
25708734
218993372
64666
118574556
1881274
216655338
4781446
62052870
365214
13562846
1440540
59739036
5866850
110452332
9341062
10059828
5942042
91669002
45069966
4752106
16145058
17749892
2933500
5130276
32578116
63756792
9806748
39859152
108869144
3090234
418808
50555942
166953090
11602098
68375526
18204640
25393286
476202
19086512
29557610
65423536
455128
15161520
26952904
155396308
995194
95645330
2941766
110138824
6684044
13871648
13536300
184986
22195952
35339656
12091616
2552016
334528042
19452578
22316924
32649518
40660622
156802442
5414776
110520444
54397906
91582418
11692096
3051938
9860356
1724700
20267224
1362938
62232078
48968972
9455814
99647518
46509912
459042
461478
18429958
34098466
66608802
16621266
1032294
1577718
5024358
9773160
1662730
102264
465978
5048786
175307150
162138358
24402402
91886594
44813986
4422040
112308048
89861498
106816526
11609674
21948826
219503050
241082
160304012
14306602
4813014
56045348
81016
12106848
311254
51650984
304180
3652982
2171784
308494144
3438200
39939170
2405966
6445024
142536254
9685524
54725664
17186026
8535064
160119304
78114072
169734
398452
5806610
155099164
429926
48384040
31713426
18095834
60760944
320904066
11090928
95813250
75755612
65127546
26901790
108377744
58247330
164692570
877752
236926992
1677238
6020446
3341512
64115824
208499264
18512996
31034314
5841176
5385312
6905778
42125810
3279008
7317708
55145714
3891360
8322278
829692
102684188
654548
35904960
107263190
45494564
107497908
165689628
191524874
11780648
205764342
104423564
18909654
15678056
69071136
9463716
17212956
35695286
190653744
2433876
52359510
36258368
9307692
1024098
166625666
49463122
46019466
46361806
105156
3456766
62770574
85375346
22691602
34838554
70420976
279497058
54271238
497082
8563962
31127362
7793864
42357264
244882
35036066
288128538
80473984
45285448
20626634
114975274
206522
61598696
313843996
2888
6664964
33997106
45475592
20376636
81135756
20424966
116206
3462404
6382792
240020
320100
5360382
36213394
612168
70555580
11711170
849718
62695982
200365608
24889134
333848962
163355332
34710974
12305638
27003926
8801770
9730326
25362084
10251754
44375996
1620182
183838244
8329382
272996
17720904
77911886
19848934
2486998
7877256
181237664
4370718
51360972
152367930
137103790
35794332
83152
26854376
8170452
314316382
39113820
302950
542154
7647292
10433240
18983534
62195260
15206516
21173120
119067760
72675260
72318060
57139626
13643458
10010592
129376648
11551360
60581934
165243830
144158
88339952
2958030
255279606
6135202
263190998
7445774
234570416
264276
69630
135466764
270251060
10630340
206209456
84070712
272772
339814
42548142
34485160
113717182
614440
37620768
275610248
17328674
4850138
51937126
137654500
15601444
5644854
83042568
42110134
825402
56559170
563624
275831450
54233814
57220106
37001206
78543840
34399490
618112
70710642
374
22028616
102310760
1329056
281598852
210365374
6927450
62532276
31579838
305512032
962162
6181370
3206248
37249612
7117322
12761842
32309524
43780014
121819894
48363622
646412
189175252
17267426
2319790
187153624
65616312
38774568
97789848
2163160
138624304
70743702
68570
10076986
219430
239472070
186744374
129452086
37195790
51034756
33513336
168416424
15137090
852614
242990
9450088
30241898
874074
732874
19549286
31773926
23151156
141984956
23174
14826314
198625636
8746088
5719516
22551756
91828302
41683646
104105356
265586
406706
1347060
13678620
10739904
12938722
205823020
89409636
1980846
44625136
2086314
3095296
11246694
25770302
26263548
27767516
4579704
216494684
410716
209074384
617604
3048934
31146954
250656202
181929820
4682364
727024
1240700
126393238
207168
19032
216152382
213658248
133866
169188988
1870286
2955510
40253158
61319078
29976506
20710884
531814
21411780
22238604
26921106
401762
565350
35980088
105879872
20714904
145549152
90016
6022358
71007322
114013964
132327292
18725040
163180298
557082
4175368
144314
861940
79515674
5045122
11714456
61228330
30329700
48987902
15336862
44080878
471078
231394
1176592
91120
3061824
26901274
9731156
1592988
98696498
1988228
10335756
156045520
95055360
58079350
159751076
17069734
20737996
30669002
57869024
59386000
7071556
583146
42257476
39637902
349739092
30177336
11093904
21355848
1686372
80578
4296018
3184414
3139544
23502312
78729610
193123208
193292536
31664746
10549814
85095572
58508934
104188166
6370508
108775134
207556088
4061202
2177310
1404704
14842460
18543622
71472574
115163084
91489170
50406702
38004082
2836134
767016
202981446
167634660
2569732
274482
128896750
8481252
30485908
9877284
47812392
173880
16158
282695724
10278198
6642110
6260244
16515222
17689700
2930744
57877580
27898372
93363666
39393542
18980702
166443152
6432168
66136094
93493264
132329236
30661182
10486
32890910
88642370
23074088
2932102
185097472
123450772
1715080
210476232
42548544
15528478
15007064
35762840
70313786
5762022
8375346
27653728
114479614
19429734
13609142
73986626
143618108
17961138
12179878
4183190
121302360
19079168
90003954
19460502
7545492
7628072
68145060
155474906
11541462
194204
86876
711430
106413844
262348796
12386886
15565272
29275178
176302170
45484218
85178
61017826
337477174
3763720
37632
1012976
178558
207146
19970090
36617824
132486096
311337740
71758
95948038
2665276
278811370
664
2949920
52758622
45549320
11097028
26422872
18325990
12347986
80858116
20776928
51910732
183871784
41633008
267898476
2395736
33043888
40080772
437492
6623086
553276
36921788
30101050
62000440
66237556
695130
1957554
100418702
120582
9815284
22003466
11911664
128777780
60791696
74942290
21416668
686950
15596190
880146
15324232
126556358
583842
683082
5195140
19421280
113239688
3240560
9256790
13110844
339675352
233238118
54700454
8320188
83174788
7722442
252084
2594692
8589520
29164
548202
62332930
123480962
347800
191635934
24979364
79164240
33867614
114953162
138399844
48470476
71216964
157064026
9657990
90728
23121354
171703478
78230486
2022136
153603026
24615632
32503358
38266468
31385892
178539912
1303506
221918034
130255662
337670102
65690688
18477066
14182478
40272058
85629026
49086238
87724930
22783710
6231742
17490996
208828270
14631466
631048
3224928
41275912
2452304
33826010
16369312
5739274
25357024
21804760
3251104
177315744
4002270
75964394
4430732
64059932
107568424
1196296
4748776
69613516
95219292
54874146
11179754
6826450
87694978
149954578
46574334
21709544
42196158
13160628
712752
30596096
114708962
3423118
115567094
28560914
1473902
7180488
6650886
5395990
24504978
263082
75700124
88392178
88296462
75608
99222234
16986288
11736050
6120546
247992
41965546
117626972
103563044
266721342
117386018
144162446
14333918
173950334
3518180
193229242
4248660
127303470
24376492
98360954
60522568
273389410
23907666
60391350
26782840
26294938
334242
59543458
29987968
4640378
20104926
1585874
98290604
24176
69128644
36080504
255316538
577242
251078
165346
253707778
113069976
44092718
10452134
54229528
15119076
5021156
139377684
37542850
74810646
252070
1490438
73889926
98653054
65385680
152326222
46614042
6377742
15208302
6624766
35561880
17661364
37949902
8865170
2338
656010
154548586
107719178
30212856
2068986
14503692
184520236
285607660
111252718
5237628
2820084
871474
78129052
1393406
71411774
112841024
72218328
135671452
104744
129040090
42073042
85187170
104654
22810342
73748294
4084148
80653082
126755492
113193616
34324
156636214
107113292
53922134
25821132
15052
1056010
2986688
15603052
308580688
4576572
77112760
15200440
49307026
2030146
34480842
593920
103157400
1739648
7198494
136212092
356132
69530262
10092790
297696444
280736580
34639092
36614206
5268816
4849786
7608798
15139734
431018
62263248
50697286
265860340
49318622
5615846
170318
26622498
24154494
374048
37883028
4409764
12483516
12080896
417462
683940
55381790
191131186
90438734
68740056
2705200
24294126
1597306
217236364
167139904
75946584
21006434
167274088
75461424
99262104
5566808
231272980
282215182
293539228
25619952
32326668
347142676
122758312
1582058
27721942
146609256
127613866
55291112
371890648
118128420
2125110
250011982
7835512
110488498
23406580
36518630
41320438
532212
235629708
21711950
2316466
6545038
38308050
881966
868190
21646498
26005092
42966936
20458530
3998624
35119048
88053154
83104528
1500688
15464228
3373940
206827998
110169506
116075732
2847186
1250666
29580058
24702538
25645362
280201778
7124210
858516
125667756
43204066
239574126
14981380
94386628
17741204
4892208
49740
10272382
31395144
2586964
70434076
201907256
111366
18520744
312398038
56427660
5742810
105221912
93248410
112688944
8459954
84582232
131253272
993362
6542562
18674308
4784166
97187914
61313042
24692530
72754066
734648
4262264
3192936
26094368
29307648
13387922
1783932
627676
107306
244791916
255004
7102144
11115052
133933434
49327912
202787996
1967874
236508620
27514
5174172
16770922
93945616
305700078
183490
16491942
52040654
2208656
149815346
19597476
166567888
218247832
488418
2382340
25046
11345274
54697622
158688552
52452662
7277320
4142266
22249448
200124224
2640428
1971442
140134356
119583510
47604590
167414842
105594988
23245202
74390088
34537178
57638324
234622214
2496
5512468
21213834
39594542
96796776
46377774
383536568
6041550
47781378
7521328
3397458
36514546
105516402
7609190
44184570
91699360
102617364
107565418
67727930
100185226
8578510
1590176
71720346
29870478
59267242
15363898
286849976
123189002
279644170
47716328
6667136
24680920
124699256
10262986
5680966
41358
34377564
63753390
1048610
44230206
131539972
18196368
57880450
17573298
177220078
13202788
39429784
1716132
31642510
3507474
32770
59164142
7692212
311660508
1797124
27133070
17476168
1375248
352422
1017230
111924470
73748110
3365910
18427354
94226560
265812160
45255080
778132
116437854
65105732
16579818
83142
120921930
97594278
1487310
7106072
33908264
8583886
139851030
139976616
124169376
9743254
97302962
164223430
12113948
151620414
397368
6603156
270708972
151884690
141464752
73244034
70708628
8296534
4387704
822764
94619684
31978128
2565008
8849228
25431600
38112
563166
3011662
182634530
1770688
145237908
15442488
62664
116470206
26223372
10445594
175947916
19129488
103915000
66476474
12037334
2686844
59769878
2443738
128673976
16105652
146622746
68263382
28670860
9202804
2743556
108970006
6121250
71598096
11354434
29966978
216993758
104915152
119212
66129008
190792
213236126
10022244
89167316
874838
160558686
25174416
10614500
108831056
134058
117168296
4132022
1582404
30147800
57692434
234446558
333338336
69778200
1860744
36143500
30370454
86979800
223996
51139814
2638734
31364564
243043190
43509542
14261610
31850338
62917050
2575232
5830820
25026562
710614
218645332
22570522
22754094
4317902
916856
8829558
48759890
1577500
137167630
148065204
306211612
30376380
734434
20180408
4217180
214038
12305670
171387390
65458872
92136688
1000442
230524
102813176
40486226
42374708
3222428
7826948
37733538
205016862
129066856
11279964
2839750
3897560
24254516
120716184
4375720
37070332
5271656
22030466
45089750
52482366
11670504
109714276
210929110
43561194
24456972
14580780
34049568
4003550
48446740
181448066
2112890
11591452
22793002
200222978
57748322
77094418
330242746
80915764
77743256
106211360
533090
125216622
92478
284793566
95776142
12394674
56090874
3504896
6302870
71509332
13162378
25856750
1197910
70427036
3381256
303094722
1085602
76559330
27177532
36551164
47487292
7734580
8410092
9346996
76970502
622730
84953648
629742
117160998
223017770
224371130
16530582
84602892
5495976
74182760
99838468
11061880
1199818
123972
157934632
206862122
27562268
32796160
128290320
3056032
125775410
101323750
35019786
401116
127516224
20439388
313228444
178957810
24632748
89362184
144636436
5658164
100568724
59984
3111386
54329900
20299154
31657924
13655624
211562
82201938
4932534
92214514
52661004
142010988
48416832
24884500
91682174
97462942
192116868
24879714
74913130
324630
17162
61355222
33828680
856682
10498
99486980
17812332
15746702
112524320
156112372
71385158
232238
22712208
71327418
18890294
10816122
5332864
9093562
13345190
25534164
251555528
117169502
4187212
3117288
1063076
67680732
131323308
1259696
302679252
550848
256924400
99661612
59694
173778384
103748642
71271324
212168528
4673218
25756806
61768014
19001974
66333032
93880476
3466420
235835860
286618474
15381456
70387470
79327868
161718728
44502198
32546146
8396990
36489068
1807316
16562356
149388918
18215166
5332
318889628
18490270
220464012
72152612
41974
9192874
285226160
219127700
35806550
2047400
79879454
22841700
42890566
335125298
33031144
193804190
48186
91114512
1730498
19435740
44332
26635948
96790584
15985284
1661252
22873124
155217492
169835390
13144802
3886640
2573170
1785740
95524
27574192
3837228
86836
28632530
192864614
104789228
19337750
208769096
86218
5632710
12490614
206026232
42619238
32391538
304183066
34638400
26916924
566252
142154696
79710
955178
59019478
107883750
14915140
96240482
62444098
143010028
4620836
27560442
340864
2241120
43590594
60197694
310368672
10123478
340746316
32775148
180765814
2188880
117068
15688600
34723634
5791372
186284450
1835646
152416276
5856070
55852280
218262876
353236
106958790
10757302
929856
28671206
195428
2418716
15237996
51875442
1690
308060
595028
9009288
11469524
62346462
19411208
57125504
65277322
839180
64118958
71896002
10563814
76028480
140141128
123509572
30552576
24485848
181713564
114115712
190
1609734
3159296
67718
137741740
29386188
46542802
6030938
324720838
139799286
74043540
18271044
7771016
4778604
5001998
11854282
12192154
55307336
3100
179590720
131844852
68050642
31977144
40726162
135122712
11014602
19740764
33152064
1948880
78166008
21132096
60136010
184983784
193192
17920350
27194050
199519878
312591568
104098374
9598820
81486966
39091236
8862218
18268552
3765476
61865800
4914084
298194
16072350
74970
66080
10770144
148031612
69775844
66294364
64717472
7456342
15162768
27184352
132417020
66
188560480
38560
14765052
33559004
32039256
11357488
91837226
52102402
1012034
109397458
16793318
16533266
10758610
95111672
234702610
88660
3338952
22198650
6059788
2031322
66610186
57358578
289183126
72198652
7350080
195201714
296068
284432
84209904
192124
183684340
4229324
8030362
154160230
58628894
4588694
41703224
285222868
234271278
31567978
44297248
13992592
1121314
160530048
104053004
5637656
81880974
21635272
37797490
34212056
115315882
146204758
179921606
75654096
5420498
25377094
27224758
35284306
37896722
28157268
5873178
371786
23006558
12243008
1062774
69910466
3916552
81697244
2605950
1752048
19057940
34413112
22367988
2368074
126506900
297533772
193837290
20034360
10814326
110431376
9947736
104200524
137589350
17664238
16200188
715380
20792128
9652456
43594
6499136
185217540
113056676
63167094
104012260
119444496
1064118
504
45585030
3949954
49032378
15384262
598520
3337000
21785516
232136
4312180
73882576
5320188
1266824
170685414
18057512
89364328
301450586
1987326
5223024
7184544
4556214
16182160
172223462
316660
3808838
6071300
198106320
101784394
22854692
246170466
32319944
6108876
143472340
5640368
120302
86894590
4233892
15681768
5284214
64451436
102408
119441266
4194760
61497430
182113448
51576932
140006438
15272
15042698
104060608
56935580
6941478
874486
7171356
94192016
7402046
342492858
81480882
327650
32301166
4343778
20357792
156619892
285841778
34628688
44794812
23331212
269739570
216511526
172518
180785466
145587636
58801462
43674936
98175862
26831494
93164882
70030166
757084
242827318
22056452
120192500
309245930
1729468
35203218
205283080
156434388
733994
25684116
30836882
32869266
527996
143168166
4646516
52015494
57995448
83019004
6323614
4555524
19495196
31705246
25159290
6103004
12126014
6163066
4001136
319098784
138272328
488364
5951500
13729106
20224136
48649058
116755240
15316770
49416352
104224208
14971586
12599862
108217082
81047664
3056440
1001656
20005476
19511008
189292404
180014908
1035872
137822
106822
1236
35947556
233851408
58424324
5360424
182777740
286996992
10043874
5400464
7769238
6882
1573520
6686064
46428404
26142864
49686786
53162582
5062668
265509658
1827396
359776396
3600428
5885848
20602866
114980248
65448516
8051108
102939618
5542606
69734728
185002
1707458
232274602
96657010
32985318
45817900
252663684
4169202
63598368
173845286
1040374
37623124
2250
51384334
1556912
25860686
17644462
199324718
194981184
302880268
1241208
5627198
96264832
135853004
13724976
45146382
2537800
59061390
42006
8834
57055296
155028126
97096792
31420216
11896418
61454764
195713870
15434340
592678
14693360
5118836
225271966
90324
32917572
7441664
86529122
1737128
1158050
59846042
222047616
172106038
20522100
14083200
54623756
7850588
213055976
23568336
25052458
36430410
25493192
33196602
44122986
163752942
328381794
11790048
10225262
62716456
23776380
26570736
677146
38682
18511254
54030422
12661196
83199474
14511456
245218870
691156
23012
86797816
111845618
80864390
231025254
17097268
45663436
230500516
51836676
40410
3995520
89131646
1856236
1232230
8738326
126143190
20281998
194579334
291551874
32056902
30254542
26803008
1883514
30172674
3534606
35470410
22174442
292630
261911158
126618048
23243172
130711690
1144400
118780832
39624272
23139816
99983984
102467194
181834
103621334
42650670
82751612
7940206
16049316
13197936
2873540
1106510
132471194
54244064
109580928
226638228
296567130
130389328
53578
170869476
16707338
4700568
66778866
13435970
14007092
2569150
6309346
42444946
4517164
21164152
166538522
46604638
230452
5978
796366
2510884
8606390
252895424
235559692
15213022
36809902
16602032
275394
63498660
40075588
17147208
55193510
125197052
63176646
892830
12602654
8140210
30984010
391623700
8877520
5311320
32153926
3792014
366926
151605552
584644
24167226
57401976
81553614
221496170
112859712
1133860
1989382
56723346
3551242
94676402
1193090
21732546
19114558
301150
171984
11014100
6181966
4170944
257596274
114429270
4305346
36651758
58072414
171134884
218518486
5334944
10304226
21903328
78554224
42282782
210930242
102406680
95440168
8955028
3029032
109205108
348460840
152424110
54196700
9627646
35210888
12512330
225232094
22261416
39286766
30814204
29150
3101926
200993540
13177024
7915576
11728
23071104
18127420
107757614
25671866
129386104
40910
28521584
59398
3913714
163028338
662100
81428934
117456
250944
108839446
1097608
33291200
10676214
1488844
1899100
2225884
18819438
6803784
38000122
5161010
11950204
29263930
39089184
13607962
10807318
72958132
252982730
280738864
2368824
71669904
2611354
858420
9356530
114982288
34009354
173717922
46863760
36512886
6429898
51372616
32852620
85761422
495076
40960002
49563740
124632820
14934552
275956546
12286890
1742560
170126206
8114052
80667184
226404782
268304
15180470
97668056
26931328
84368346
35142252
26353358
72503786
88724844
133109004
525976
16734868
6049842
12993126
62940950
14442694
132018618
61214772
70919890
94877830
23296036
31824180
110736814
197438
54412300
104620428
52414108
98220672
49126200
48840656
29889168
40390
162625034
5377084
3566438
81027934
79532264
2146774
58633848
27548048
141063238
140270924
248085910
4103756
19359566
95762722
47931104
2566618
194345268
1108726
243552
84344312
1787616
4821744
55170806
6426576
121323040
1492768
7792938
110136252
84162968
2982520
239186
42630852
1841860
111003536
755454
48803890
50300326
111785850
3622574
9428152
72169142
313607790
16666830
138624484
91602760
180665284
1261482
2777230
979494
586422
98777944
5118878
6254946
37177508
2116986
1654676
17666582
163203542
11297758
34600242
639694
25322744
130905468
2004432
21568672
34348
212874482
27281030
110955690
49771584
239152248
24160528
16194850
39281924
154613068
4512016
74308248
23896634
10775560
228820862
130597620
196323724
138903382
221616
18352804
113340870
664520
27452466
130678798
22415088
1921572
34460330
203828
222295560
24734806
26386604
14787510
134822794
5804410
87067252
140914566
43088080
106966330
68734266
37768182
129758
423786
68069526
30890274
776184
209440892
368840
8042074
11906152
54134598
62782474
13673498
25558
461588
7356
89500
585882
31461856
115375886
39094554
92420614
10486
36198366
3989340
2142824
41049938
15608270
2109842
4020042
50386588
32120924
173762502
280144606
42396404
58619038
5261066
7132988
9309924
82988632
139836042
103163472
20488888
115285310
18015212
3389666
231055996
15919538
1052348
306694100
18222498
19494258
53023530
4608432
968498
170711668
207999518
68788968
75590114
3555068
204413948
129291820
2762
61187266
21116198
141021024
3961244
8465634
189834042
21201852
57920050
16534388
31132312
6650
6941284
3747070
11187424
150218
11704720
144124168
168774
78873992
66742
18528526
4184980
134780
843630
61248504
6950554
13907450
194190902
48104350
34580658
90056704
295546
8062854
6375836
7827706
9246920
284224304
175918428
14997326
41441782
19107156
35902122
2248138
3357292
407596
147548176
50735536
6016
113769786
21040120
73130
79539910
172706918
328380818
31142
228647692
168984176
11547686
55691782
58308322
28277670
199832094
113253296
11677750
1047020
1105684
43602358
180687228
86715792
30964868
4454496
110524630
43322472
10121662
1132070
27710758
221076564
16759136
193016958
147008
223951036
106848612
61883578
86593324
134539094
4033724
7391514
14366646
126599204
4990782
9220764
98174868
85058550
7654428
510462
198816
338831450
1321232
2993828
4237696
88817116
2387958
11247026
27184444
188264114
1147560
20311354
61337130
29781832
217031442
11691682
28650268
44920676
9835482
39146006
157618368
2988356
216255086
155322908
34984330
213964
202945264
13422324
7001192
85359512
88517060
25648252
207545406
1175320
183888
4522506
240489110
18930948
5063000
130200748
257859950
20130752
272893158
12133974
6820466
345626
148690538
5385236
12334946
4708370
33721918
20750326
29603420
23871120
172391538
217899650
19834008
136119048
33648924
8681872
199247528
1656416
35592930
7463346
7448460
47428234
7666610
66934202
82143500
25673304
11278380
88395542
50660608
1390486
15455832
486672
1509068
73872618
51191230
8717042
282
29026592
36194276
21076726
48228634
221296
58087974
175385508
115761292
737312
721104
81181026
24561260
19634142
96357016
614156
1049600
1634864
80167894
112874276
24516290
40224756
30562494
33006130
118874836
5126766
10798910
4442178
199260588
3782830
36076
104553780
106825690
44779770
108492
511686
12439776
173084238
4431864
249352138
33979948
82091086
301423852
464386
26439978
17170100
80541892
138141220
99958678
3426848
493112
11186884
10648700
53431622
20340572
1406412
966226
5686920
12819034
38589006
622994
123587982
16164094
80147492
28864610
62025470
114369742
161689794
775860
148488936
20272636
1599776
36694324
57579146
27615682
13923298
1728030
198150
32242598
301108780
605714
47405766
17654316
6273270
45034142
215504
113669102
173260808
1142296
15092234
193354696
15739530
15463324
83845464
124416
2864674
26054254
26813656
57120152
90356030
122542
6525952
208112930
61444892
21644342
22814564
3887284
28933072
63633142
41687050
79389336
3994146
4115754
996098
18076116
2499032
4354628
132726
115771602
11312
4440104
80852350
86662206
5049540
49295596
6596178
26509622
62853334
299053460
3300840
257056344
19148
42909016
65852632
40242654
287280
366164154
26292362
312324
132517256
178464616
82353524
103004438
230002842
100596398
151919396
158780310
217206522
39775702
2387060
54904728
8718264
479898
29422166
55200332
961010
50668
10403664
34541302
33158410
178261850
147756
240882310
127288590
257418502
15246632
276067326
65378084
30242434
161152888
64071666
40695738
107209990
41145874
16707598
87880812
62535874
14393936
85701988
172942456
173341392
52976050
1821972
49444790
102877092
2048548
16494432
49331994
155597350
12751490
2739314
210234412
21297452
335542354
66204
15441310
14330460
9312
21536140
1700360
1148712
81224494
135015738
82094472
131508
62269698
60675284
14646902
12082860
9013500
117308720
285856450
13642080
105123124
221170290
33625312
8170000
166243688
262697912
1422442
3874258
15209488
134672
53345262
48642344
91679834
329157314
19027530
22719024
133657060
42636796
153434410
26342394
81629318
2469748
235602406
274834532
197380
932854
5934568
83378266
123124918
701536
28732348
327332
331223072
106936248
10163094
46427368
230019448
4975448
2384144
28870542
18910842
217361714
26516156
31190162
4599896
156796354
13432310
115146010
23762440
33654748
22155490
20539618
8053024
1550992
13647390
27754794
155923848
2559094
138712388
1583890
12693426
252956768
184468
6440866
50432048
43168824
10046804
20459926
151784802
52576740
28172442
87359116
189381352
5462816
66544792
8808890
79268324
1482100
6620130
40337908
49010400
12693162
606956
567484
70683156
50724640
119719394
4819152
4965656
74156532
2932892
4020146
31462800
205957464
5794616
53125042
88831152
43100092
218116
11860590
12085390
8328566
170629862
4310572
90106492
114123784
188133392
253211880
6771252
874806
12755790
104052
9550308
42354114
99218490
247906940
1646532
22909250
2412612
7258154
130691150
2599964
117760498
1481852
45315994
64051952
103867556
24899604
13969216
32133876
261220988
3461048
304010
50790164
165772794
54792102
609570
166461042
11668962
274468168
98072566
22668
79629102
440970
36139524
170440918
146192778
12818816
11874294
865670
3802614
17828670
6659436
5557770
2390920
6438228
368085918
306986032
226996084
239675106
135698788
15371174
71556668
575216
54403602
6762818
24726554
103570312
34812788
112746722
20622844
65519568
60152688
9697538
218152996
12704680
1030502
265045478
8662072
19264764
124131270
401846
1605402
1481818
1089144
585726
205860
84906884
1018388
145760496
54391128
63199174
365068
36171348
17997504
81440408
14499350
10628286
71022654
22794548
66332658
255130
2385784
134377706
16350140
25886796
202850298
115439766
1399202
12163144
50004950
42943490
521944
87771526
219444992
12111702
2075910
72958
410632
70829994
251538714
61321018
117675218
24864748
79940986
15480924
185018412
4151538
80176768
97265762
1339284
125613726
269839268
17125898
19131272
198166992
14692052
115041170
3310282
1374002
100748132
12771972
58067626
35191972
929866
3061326
269354
35401468
3686798
328094784
150813136
1263564
28864744
913558
68401564
37567742
101923358
28113436
55565522
7473004
2526884
17922914
179317618
166058
12922950
28170942
1488400
13206400
14214164
27074322
4937524
234435706
83398780
142701628
195578448
105500824
65633988
14839564
637638
121184712
43872576
49953708
25598980
114359158
132211586
21159528
28085488
14200774
47403168
2526222
59708704
5706668
12494328
145692632
24927364
28607742
23361870
1013764
2189462
134188172
94024952
2553768
37042988
532098
150038
700502
78678912
27277784
15819690
1768194
232116850
19510814
61831056
14991506
120881404
2310310
151723776
187073010
196955636
64271558
106988610
35533510
6099124
230554404
127052778
5979266
73107630
1640940
10569182
83216360
176217306
276
175319166
75600340
8805552
72367096
113817568
81206500
3235262
32590978
5700500
65443054
61893134
3613868
3145588
31690280
1809154
14601796
14733632
20812734
17595908
6030546
16078220
31718562
4640154
6653918
2941372
281956
31717224
40199928
4216632
100924510
77500292
13886384
91108628
52593788
323852766
21316096
2977048
36067416
14889252
479876
10251066
2746
134764
16930404
11179146
9888454
6994818
95114840
440466
20507858
6499326
157596600
497114
8180340
337892020
5686628
30821874
208168
262793550
115347998
10264070
6693798
15740466
17928812
3758168
101318
48263626
17433048
1675634
108575882
44238306
11003222
76054948
176390204
328656988
22448870
5545110
105203896
627268
93593410
31239526
29120444
75290028
62725228
50801146
1549728
15795290
22722438
202777144
1389786
190515996
9714442
91476248
194349342
53908800
11803590
12088458
3115912
179144058
4834172
13146104
18234120
85050166
128248
63273382
16162024
217224360
218178154
6289646
20213068
3907790
14559216
176417588
11098862
47298074
708176
517730
100920498
87464986
17070634
319337920
167768836
1850952
8242982
835792
14007636
4225956
54852106
34256894
134016
92834016
5378728
8844964
88019362
19809688
165361810
902124
125902876
8171576
21455516
17640990
66662044
36873288
35321906
5171468
120528
131372078
10299962
13261968
8360084
138849166
38486980
181658642
9096184
130150040
2565852
163283992
7746948
139007574
145134
29558320
26356812
6498602
117560820
333064
11618166
174064682
162521506
2097746
6643678
32061950
306385844
29116788
90935968
240477318
61482432
229682278
55599360
511752
54465428
147757826
74688494
63857058
45979326
81335892
201027262
79965944
89805014
141996560
22514330
13123244
30994
21042862
41370490
82739360
23145322
361162
56513738
165566142
36546048
56100118
159466478
1432572
1080570
74348028
20804892
66638530
15015878
8226636
10895522
3405162
10951320
92979880
1740558
10541212
35953988
5984120
103909392
21475020
70135380
62162798
154133308
104616008
63491378
2629464
18485144
113338402
108075722
37885596
156511848
248485064
121032256
106496628
45662988
3002554
75328100
7652330
222392730
4576
78880832
160369390
24070186
298393590
52941414
128380478
57785698
68472138
6699478
68841086
8328976
201351852
129368330
4974648
2392866
40113464
80617450
8724216
21760562
39355286
26154930
4992320
12243408
39426
8835248
423458
193626682
426882
27107016
118486054
38041810
106602970
71483904
41806994
1482040
80360
369938092
93348
92200046
50016652
106771150
7109622
2765536
55741114
3763696
12271388
78294414
8142336
1906962
14662756
5461846
4782028
47260156
315578182
15196108
10396000
18408
107057416
25642658
5775986
180
1338572
20687260
30274508
30586108
21992890
21238376
26793686
62077154
5134010
209144
3631080
21973772
6575136
53340888
120189504
14295836
33554342
155984326
11956566
56054668
194179008
57824032
2849914
209605886
49281228
860072
154494906
1378136
15454982
240484604
170648
7253886
3826304
80021890
27224354
91639476
96262
1065436
60652380
165109990
35244
156282728
82977466
98113350
4301124
7989476
106579846
929596
24763686
2937302
1290198
37026
43912050
8708358
171226474
122318276
399776
2868654
10322898
31333334
73649088
75757474
3187528
103632216
4483688
13918472
193244734
126861226
42763654
171029598
682938
806192
76549136
9956828
117638
5437894
3677790
3713928
7180520
61234234
5233452
39387370
20804294
41738160
147258
61275472
192630586
56915252
163959014
133466774
37958792
86346384
107941358
216601898
6509786
8531394
500160
25699606
79522844
38654736
30251014
288168282
3491584
38020532
255463964
64776
8024690
101568768
135256810
73201462
89834054
84205542
99780488
9025590
145198
9260058
12901524
1292344
1620982
261873036
5471910
28765220
159973740
53842050
83505182
12868
197718208
19414844
659220
5897170
99643186
39956758
62364276
85082
12312
104136738
3924764
688088
67302254
8115550
87737404
6040138
45385256
17786642
6556208
14661162
193440410
669932
886768
9574764
70774232
36354656
5877528
1694416
343926116
237521496
104862550
3275882
158233298
33928314
18668556
26649454
199978018
301007228
8249670
108344098
101533604
5401456
17457888
18215228
183927818
322031642
876354
59032
13371062
150000928
16711680
21372270
27107838
1701320
85641664
1093838
41730500
158565480
193673632
220268
2670670
8012
1582328
16043092
39514040
19742618
17144002
884406
2383422
63126216
257919566
115858334
18625734
31706
29089736
23366616
9374544
23495296
24184340
197143878
49774600
4844808
129506936
1396394
6703482
534976
105037942
113509104
92326856
97323510
34254158
125511310
55298466
93498912
151800520
22359858
9603508
153695322
43982858
64370460
31864
233012532
13302248
375942
46702200
23919778
19822834
3287342
15020498
30850170
211620854
15347284
2342090
171104938
8658338
55167958
7937428
378089710
2893298
5187750
13743536
1585334
18333380
164189176
184223400
145842532
15852134
12830054
23754670
33284386
137331676
34352788
11481770
98709002
121468292
23852542
180277160
10668044
38426594
150272
7197232
118012
380097274
31680496
4776658
117922922
166278652
253588474
21666048
6748070
60200066
143347130
129022810
10694138
149534410
206668100
571552
56545072
91817376
296389198
43128340
63958600
53308782
5394788
148428
536
23174
22608
8872
56856816
338150
35019704
2092788
6472264
204872572
148339082
1406780
11653480
21962544
112525968
29460668
107689558
2435550
68104710
57617170
44691910
6464376
186836718
28979522
4137600
51688350
4307430
17397804
22657526
42573886
16641508
32630590
14248156
882088
7945260
13724302
96540
50763026
2937046
15594674
9800094
469812
44736436
6510214
57368926
254501700
127973572
10265396
105415814
58511498
7710740
49605956
24466216
173996022
19004618
12786850
26630
242438996
4037990
72834620
21535696
174323858
1299746
12594848
199070536
155007112
17758556
49129640
14097992
18038552
21634236
45906338
82123158
2919746
4282644
7641192
7493882
11929630
3249548
4103632
37144456
55890316
227341928
4050670
148231850
2332184
100554524
54998892
37869352
44842066
25339474
82924448
3212088
72512
130093828
4203498
5596664
231343522
3922334
6159364
2242636
172642018
544346
185870
3592908
40186884
117000
107827230
149938220
22677144
130643728
224449892
196117120
82596880
32650
51043954
110265948
27956268
203534298
5242608
9451804
8306342
298372
2701042
81111552
159921954
17223368
73645922
103538
48886806
167552142
365797816
1457468
36388032
30854370
25914
38382706
233854130
137204972
23554536
75779556
49891816
164105950
8841374
32312
26544570
11436058
73293000
5083228
236702
1141480
4389536
178632036
53388314
3853482
173800346
45420204
211597114
2621380
6128288
9738686
65538
2825480
33896032
16181120
62594
2467500
12853408
16565296
3392830
47782998
180155526
16606772
79091126
27232084
17941654
40788328
76533062
184391118
266265398
25386198
4109796
5732488
10890166
2087900
28174554
50468768
334913906
327483104
13450274
4724
296893068
258034802
74712012
5665296
40547234
10762702
1315294
112961942
175738816
1254518
30898086
14373930
36065284
77611210
2880870
83095814
297236
10051356
99908852
199412114
44706596
27537694
294426138
152790
6972
16464298
523014
8627912
29334256
69962332
99851304
1585464
71713106
212197148
270132618
27225146
15576320
10972
24316294
151260920
53968408
18038866
355338
70406108
1059702
52740360
70659220
71358
119240808
1909048
28834248
105334560
10090166
146146860
34291420
40726610
20877082
116339262
2124490
3265606
29402
75473984
25592896
64349266
21656878
4079690
170070788
1216436
89966876
8737752
102854
22504968
479370
33869512
2841578
36486546
291148
51514430
264132
15774778
56654094
16620254
3503548
3445588
20457442
146798
191340006
5115556
28481960
37898338
184413546
42898806
4059878
5743412
2859086
4146802
104590674
16904680
153088606
1805412
2619880
45146522
37593000
54135472
93126804
169962962
146347848
882872
331551008
22735114
11158604
423718
63063030
174033174
1152
17679558
5008974
88412
134814540
55448830
1640126
2411032
5910066
249560
24156906
149608090
168677502
25279152
42535832
1360662
736672
161085192
11716418
138606420
140885362
63150
164344
67040574
167181502
146255566
12215226
74755624
8242594
19709184
36750400
8219260
105781022
40601444
68815206
72
737952
301455812
174981692
71003332
397118
147458048
6041210
14529138
141242288
6320320
33207160
52134770
894090
25430740
315111282
167350690
189319518
323994470
17009462
1117924
39854980
19252658
11658764
50419016
2565212
7461720
243390590
3498522
258010
19713980
292452
1636364
282310234
3083208
84025922
141185920
2384044
6167014
41509834
112056202
20015326
86845880
13382900
687052
52150168
17649206
13071394
191352918
821694
612822
28000120
3947890
142767840
109136806
163744006
9564984
211624
145378316
28133778
35644842
41524770
45855026
6208632
50016496
67749966
114194488
94584596
13439874
34035834
46566
297217046
199879094
27439468
1812114
1235622
49292
1572574
17944194
1309014
26941362
1562540
82001496
204006706
11640410
110321850
15815792
98437436
254845700
7664708
9014
12734
59658132
158062614
2104014
324507636
16576978
2266036
39663166
30108084
67241102
212398446
7555088
1905924
163114860
1181418
59936688
243256288
104720066
49729632
237610850
23610066
231111174
174204462
51089144
3724560
42518942
21714430
14721326
153454306
77408548
12820858
24016716
16978
319149934
5857680
29802608
4629008
170108388
44213894
5468830
36642506
86737896
3944018
146845032
16159506
2751784
73404022
279721982
207299242
56199022
4157364
33979324
34425462
204857810
83092072
89785196
215422
45619602
4481992
77492840
59765652
84969412
33259532
27836762
25713904
75055034
10704078
39732528
73286806
120137048
10310446
47753440
9185224
16827154
1870384
152759236
258594
70878302
10547762
277920484
187526
34388642
33187144
136131946
206217884
1800730
51112380
38299506
705820
102879160
15993600
26264088
222758148
8720306
1312432
82725890
103594416
35798174
18838286
18491102
6812
186480018
178800126
44536638
1416274
445758
8337158
3430194
1038694
2183830
47700620
49318594
14163186
277876968
31070398
155453696
172778392
25858484
23462610
1199078
19644962
1360732
69710586
100602312
95980126
33130360
28269236
32723322
2584120
65819438
4098356
282589006
104566318
126460854
134280758
9165864
13463270
259832
16751998
25709578
8524504
57691136
34102198
132178156
132661846
13679494
507534
193679078
89677830
2779984
3513688
130084576
7078188
4114900
6460266
2134606
230638
1629042
22643088
81290534
2337278
260122310
34569876
43706614
88912650
120491306
44936434
188644660
18248676
188782184
2826988
113532286
34979850
121053834
55460736
48480346
281803300
3541472
21800552
2848250
62426870
1605220
125378970
7648878
91897486
90648
183334232
16001176
25242008
63000204
52988714
7545912
198247810
15743522
6649092
45078178
303918
14077544
3465482
65249036
35073096
1711054
55181978
31319272
9991138
1668046
228420
14826936
27288000
4272302
60133596
5028668
27271826
28112126
23006630
1449626
9419704
63092986
137293028
1740206
12836130
848764
14499276
154511430
71967340
70524
65473408
60655186
31672170
27113394
3436756
32547510
61490954
30942
120748840
40629086
132641602
223109658
57668084
189901392
19510136
100943604
26833654
8702808
17724614
56913084
49431422
285494
14665688
86635206
2484728
160640194
16068620
21210820
95098058
83026196
419470
20288794
6146870
170567308
163598060
138920142
22960762
14577836
2123754
123955636
24306130
247399920
147274592
13387332
31014680
65979422
85414328
84646090
1114124
90184
35092276
3860882
216843058
85477312
178852
170428
277551500
34438174
114544972
75363028
37221376
838976
44711816
119005914
2126920
267720076
89990778
18619674
78783794
7620320
23626536
1383708
53203166
116014864
5555686
6402208
266519198
269281452
127178
6704774
237468974
84185512
172508950
13749790
81894644
6570296
83601382
3210832
955086
110344144
7304772
70263190
3519206
24981200
17360770
75224090
71468878
6163002
49695732
286567912
10422878
147531826
36413664
81880704
48886888
55516614
5284328
100645686
6047076
6948284
208343378
117074154
44813886
51697878
16514590
341171226
63271974
22287390
40995132
206691230
237892684
276944690
4676268
27892600
10657532
1936746
7189914
5199024
215594
2926234
120986
1197936
747978
132315874
3840
23500630
303739888
13575910
9518666
175366450
3724264
2033362
175739216
9795658
85063016
84177926
3583880
3210810
832524
265186400
27525126
25266462
413642
30250892
35541178
4467312
13288290
16488630
2851574
11198004
36332034
3370418
36538
1928874
160485794
16292038
