158091
9084823
2525957
96729
4882808
993229
4039635
105536762
38161
42039149
Impossible
27614273
18129064
122872069
33685
4760044
37277344
11942
3416281
12047932
Impossible
56425761
159375932
7126884
6913239
3711750
46638777
1227746
24320928
14888563
Impossible
92090448
100734782
1827282
27468511
2572036
716188
4535558
2158688
69343756
5462625
37076228
7849734
260110208
606514
581416
20555671
423671
164582335
24043106
56256567
7822801
4797638
1659546
79396014
5437407
5172640
366468257
3865038
21860693
179341
11294704
192291047
1350651
2994296
2566590
299983
11700674
3498394
947430
Impossible
64640890
600323706
5459378
17387599
28303525
99989748
927157
19633695
39283
Impossible
17003702
18647115
9790
1830436
5568721
7278826
49832
2150515
37015477
Impossible
13365479
419996
9787190
104757429
38851653
41558869
1751928
2547282
243672366
