No.
No.
No.
Benzema go to Barcelona from ReadMadrid for 4000.
Messi go to ReadMadrid from Barcelona for 9000.
No.
No.
No.
No.
CJ go to B from C for 500.
No.
BA go to C from B for 1200.
No.
AB go to C from A for 600.
No.
No.
No.
BA go to A from B for 100.
No.
No.
No.
No.
No.
BA go to B from A for 101.
No.
HB go to E from H for 800.
No.
FB go to B from F for 799.
FE go to C from F for 1999.
EE go to C from E for 1999.
GH go to B from G for 3201.
No.
No.
BB go to C from B for 799.
No.
No.
DC go to B from D for 1200.
No.
No.
AC go to F from A for 1199.
BE go to G from B for 1999.
No.
No.
No.
CF go to I from C for 2399.
FA go to J from F for 399.
No.
No.
HA go to D from H for 399.
BD go to A from B for 1599.
No.
BG go to A from B for 2800.
No.
No.
JE go to I from J for 2001.
No.
No.
No.
No.
GE go to E from G for 2000.
IE go to J from I for 1999.
EC go to D from E for 1200.
No.
No.
No.
GA go to F from G for 399.
JH go to G from J for 3200.
EF go to I from E for 2401.
No.
No.
No.
No.
No.
AG go to J from A for 2801.
No.
No.
No.
CB go to E from C for 799.
No.
GD go to C from G for 1601.
No.
IH go to B from I for 3199.
No.
No.
No.
No.
EA go to J from E for 400.
No.
JB go to G from J for 800.
No.
No.
No.
No.
No.
No.
IB go to G from I for 800.
No.
No.
CA go to J from C for 399.
No.
No.
FC go to I from F for 1201.
No.
No.
No.
AA go to D from A for 400.
No.
No.
No.
No.
No.
No.
No.
No.
No.
No.
No.
No.
No.
No.
No.
No.
No.
No.
BF go to H from B for 2400.
CG go to A from C for 2800.
No.
No.
No.
No.
No.
No.
No.
DF go to I from D for 2399.
EE go to B from E for 2000.
DE go to A from D for 2000.
No.
BA go to J from B for 399.
No.
No.
JH go to C from J for 3199.
No.
No.
No.
No.
No.
No.
No.
No.
No.
AB go to B from A for 800.
FD go to C from F for 1601.
ED go to I from E for 1599.
AD go to D from A for 1600.
No.
No.
AF go to F from A for 2399.
DD go to F from D for 1599.
No.
No.
No.
GD go to B from G for 1600.
JG go to A from J for 2799.
HF go to F from H for 2400.
BH go to E from B for 3200.
No.
No.
BC go to D from B for 1200.
AA go to B from A for 399.
No.
No.
JC go to D from J for 1200.
EA go to I from E for 400.
No.
No.
No.
No.
No.
No.
No.
No.
No.
No.
No.
No.
No.
No.
JA go to H from J for 400.
IB go to G from I for 800.
No.
EB go to C from E for 801.
No.
No.
No.
No.
No.
FB go to B from F for 801.
No.
No.
No.
No.
No.
No.
No.
No.
IC go to C from I for 1199.
No.
No.
FA go to B from F for 401.
DC go to I from D for 1199.
AC go to H from A for 1199.
No.
HE go to J from H for 2000.
No.
No.
No.
FF go to A from F for 2400.
JB go to A from J for 801.
No.
No.
IA go to E from I for 400.
No.
DB go to F from D for 801.
No.
No.
IF go to J from I for 2400.
No.
BE go to H from B for 2001.
No.
FE go to C from F for 2001.
FD go to C from F for 1600.
No.
No.
No.
GB go to C from G for 800.
BD go to I from B for 1601.
No.
No.
IC go to G from I for 1200.
CG go to G from C for 2801.
No.
No.
AH go to C from A for 3199.
CD go to I from C for 1599.
No.
No.
FF go to J from F for 2400.
No.
FC go to C from F for 1201.
No.
ID go to D from I for 1599.
No.
No.
No.
No.
No.
No.
FB go to H from F for 801.
EA go to A from E for 399.
No.
No.
No.
No.
No.
EC go to G from E for 1199.
No.
No.
No.
No.
No.
No.
No.
No.
No.
No.
No.
No.
No.
No.
No.
No.
No.
No.
EE go to H from E for 1999.
No.
No.
IB go to F from I for 800.
No.
BF go to I from B for 2400.
No.
No.
BB go to A from B for 801.
No.
No.
No.
GG go to I from G for 2800.
No.
No.
BH go to E from B for 3199.
No.
No.
No.
No.
No.
No.
No.
No.
No.
No.
No.
No.
No.
No.
No.
No.
AB go to E from A for 799.
No.
No.
No.
AC go to G from A for 1199.
No.
No.
No.
No.
GD go to A from G for 1601.
BA go to A from B for 9000.
No.
No.
No.
CB go to B from C for 1900.
No.
No.
No.
No.
BA go to B from A for 9200.
No.
No.
No.
