1. Sum = 1
2. Sum = 3
3. Sum = 7
4. Sum = 13
5. Sum = 23
6. Sum = 41
7. Sum = 75
8. Sum = 141
9. Sum = 271
10. Sum = 529
11. Sum = 1043
12. Sum = 2069
13. Sum = 4119
14. Sum = 8217
15. Sum = 16411
16. Sum = 32797
17. Sum = 65567
18. Sum = 131105
19. Sum = 262179
20. Sum = 524325
21. Sum = 1048615
22. Sum = 862626
23. Sum = 490646
24. Sum = 981251
25. Sum = 727892
26. Sum = 221172
27. Sum = 442297
28. Sum = 884545
29. Sum = 534472
30. Sum = 1068891
31. Sum = 903160
32. Sum = 571696
33. Sum = 1143333
34. Sum = 1052038
35. Sum = 869446
36. Sum = 504260
37. Sum = 1008453
38. Sum = 782270
39. Sum = 329902
40. Sum = 659731
41. Sum = 84820
42. Sum = 169563
43. Sum = 339047
44. Sum = 678013
45. Sum = 121376
46. Sum = 242667
47. Sum = 485247
48. Sum = 970405
49. Sum = 706152
50. Sum = 177644
51. Sum = 355193
52. Sum = 710289
53. Sum = 185912
54. Sum = 371723
55. Sum = 743343
56. Sum = 252014
57. Sum = 503921
58. Sum = 1007733
59. Sum = 780788
60. Sum = 326896
61. Sum = 653677
62. Sum = 72670
63. Sum = 145221
64. Sum = 290321
65. Sum = 580519
66. Sum = 1160913
67. Sum = 1087132
68. Sum = 939568
69. Sum = 644438
70. Sum = 54176
71. Sum = 108217
72. Sum = 216297
73. Sum = 432455
74. Sum = 864769
75. Sum = 494828
76. Sum = 989511
77. Sum = 744308
78. Sum = 253900
79. Sum = 507649
80. Sum = 1015145
81. Sum = 795568
82. Sum = 356412
83. Sum = 712665
84. Sum = 190602
85. Sum = 381041
86. Sum = 761917
87. Sum = 289100
88. Sum = 578031
89. Sum = 1155891
90. Sum = 1077042
91. Sum = 919342
92. Sum = 603940
93. Sum = 1207701
94. Sum = 1180654
95. Sum = 1126558
96. Sum = 1018364
97. Sum = 801974
98. Sum = 369192
99. Sum = 738193
100. Sum = 241626
101. Sum = 483057
102. Sum = 965917
103. Sum = 697068
104. Sum = 159368
105. Sum = 318533
106. Sum = 636861
107. Sum = 38948
108. Sum = 77687
109. Sum = 155163
110. Sum = 310113
111. Sum = 620011
112. Sum = 5238
113. Sum = 10257
114. Sum = 20293
115. Sum = 40363
116. Sum = 80501
117. Sum = 160775
118. Sum = 321321
119. Sum = 642411
120. Sum = 50022
121. Sum = 99809
122. Sum = 199381
123. Sum = 398523
124. Sum = 796805
125. Sum = 358800
126. Sum = 717355
127. Sum = 199896
128. Sum = 399543
129. Sum = 798835
130. Sum = 362850
131. Sum = 725445
132. Sum = 216066
133. Sum = 431873
134. Sum = 863485
135. Sum = 492140
136. Sum = 984015
137. Sum = 733196
138. Sum = 231556
139. Sum = 462841
140. Sum = 925409
141. Sum = 615976
142. Sum = 1231675
143. Sum = 1228504
144. Sum = 1222160
145. Sum = 1209470
146. Sum = 1184088
147. Sum = 1133322
148. Sum = 1031788
149. Sum = 828718
150. Sum = 422576
151. Sum = 844857
152. Sum = 454850
153. Sum = 909401
154. Sum = 583934
155. Sum = 1167565
156. Sum = 1100258
157. Sum = 965642
158. Sum = 696408
159. Sum = 157938
160. Sum = 315563
161. Sum = 630811
162. Sum = 26738
163. Sum = 53157
164. Sum = 105993
165. Sum = 211663
166. Sum = 423001
167. Sum = 845675
168. Sum = 456454
169. Sum = 912577
170. Sum = 590254
171. Sum = 1180173
172. Sum = 1125442
173. Sum = 1015978
174. Sum = 797048
175. Sum = 359186
176. Sum = 718027
177. Sum = 201140
178. Sum = 401931
179. Sum = 803511
180. Sum = 372102
181. Sum = 743849
182. Sum = 252774
183. Sum = 505189
184. Sum = 1010017
185. Sum = 785104
186. Sum = 335276
187. Sum = 670185
188. Sum = 105434
189. Sum = 210497
190. Sum = 420621
191. Sum = 840867
192. Sum = 446790
193. Sum = 893201
194. Sum = 551454
195. Sum = 1102525
196. Sum = 970098
197. Sum = 705242
198. Sum = 175528
199. Sum = 350665
200. Sum = 700937
201. Sum = 166912
202. Sum = 333427
203. Sum = 666455
204. Sum = 97942
205. Sum = 195481
206. Sum = 390557
207. Sum = 780707
208. Sum = 326438
209. Sum = 652465
210. Sum = 69950
211. Sum = 139485
212. Sum = 278553
213. Sum = 556687
214. Sum = 1112953
215. Sum = 990916
216. Sum = 746840
217. Sum = 258686
218. Sum = 516943
219. Sum = 1033455
220. Sum = 831910
221. Sum = 428818
222. Sum = 857199
223. Sum = 479392
224. Sum = 958343
225. Sum = 681676
226. Sum = 128340
227. Sum = 256233
228. Sum = 512017
229. Sum = 1023583
230. Sum = 812146
231. Sum = 389270
232. Sum = 778083
233. Sum = 321140
234. Sum = 641819
235. Sum = 48608
236. Sum = 96751
237. Sum = 193035
238. Sum = 385601
239. Sum = 770731
240. Sum = 306422
241. Sum = 612369
242. Sum = 1224261
243. Sum = 1213476
244. Sum = 1191904
245. Sum = 1148758
246. Sum = 1062464
247. Sum = 889874
248. Sum = 544692
249. Sum = 1088893
250. Sum = 942726
251. Sum = 650390
252. Sum = 65716
253. Sum = 130933
254. Sum = 261365
255. Sum = 522227
256. Sum = 1043949
257. Sum = 852824
258. Sum = 470572
259. Sum = 940633
260. Sum = 646186
261. Sum = 57290
262. Sum = 114063
263. Sum = 227607
264. Sum = 454693
265. Sum = 908863
266. Sum = 582634
267. Sum = 1164741
268. Sum = 1094386
269. Sum = 953674
270. Sum = 672248
271. Sum = 109394
272. Sum = 218251
273. Sum = 435963
274. Sum = 871385
275. Sum = 507660
276. Sum = 1014775
277. Sum = 794436
278. Sum = 353756
279. Sum = 706961
280. Sum = 178802
281. Sum = 357049
282. Sum = 713541
283. Sum = 191956
284. Sum = 383351
285. Sum = 766139
286. Sum = 297146
287. Sum = 593725
288. Sum = 1186881
289. Sum = 1138624
290. Sum = 1042108
291. Sum = 849074
292. Sum = 463004
293. Sum = 925429
294. Sum = 615710
295. Sum = 1230837
296. Sum = 1226522
297. Sum = 1217890
298. Sum = 1200624
299. Sum = 1166090
300. Sum = 1097020
301. Sum = 958878
302. Sum = 682592
303. Sum = 130018
304. Sum = 259435
305. Sum = 518267
306. Sum = 1035929
307. Sum = 836684
308. Sum = 438192
309. Sum = 875773
310. Sum = 516366
311. Sum = 1032117
312. Sum = 829050
313. Sum = 422914
314. Sum = 845207
315. Sum = 455224
316. Sum = 909823
317. Sum = 584452
318. Sum = 1168275
319. Sum = 1101352
320. Sum = 967504
321. Sum = 699806
322. Sum = 164408
323. Sum = 328177
324. Sum = 655713
325. Sum = 76216
326. Sum = 151787
327. Sum = 302927
328. Sum = 605205
329. Sum = 1209759
330. Sum = 1184298
331. Sum = 1133374
332. Sum = 1031524
333. Sum = 827822
334. Sum = 420416
335. Sum = 840169
336. Sum = 445106
337. Sum = 889545
338. Sum = 543854
339. Sum = 1087037
340. Sum = 938834
341. Sum = 642426
342. Sum = 49608
343. Sum = 98537
344. Sum = 196393
345. Sum = 392103
346. Sum = 783521
347. Sum = 331788
348. Sum = 662887
349. Sum = 90516
350. Sum = 180339
351. Sum = 359983
352. Sum = 719269
353. Sum = 203272
354. Sum = 405843
355. Sum = 810983
356. Sum = 386694
357. Sum = 772681
358. Sum = 310086
359. Sum = 619461
360. Sum = 3642
361. Sum = 6569
362. Sum = 12421
363. Sum = 24123
364. Sum = 47525
365. Sum = 94327
366. Sum = 187929
367. Sum = 375131
368. Sum = 749533
369. Sum = 263768
370. Sum = 526803
371. Sum = 1052871
372. Sum = 870438
373. Sum = 505570
374. Sum = 1010399
375. Sum = 785488
376. Sum = 335664
377. Sum = 670581
378. Sum = 105846
379. Sum = 210941
380. Sum = 421129
381. Sum = 841503
382. Sum = 447682
383. Sum = 894605
384. Sum = 553882
385. Sum = 1107001
386. Sum = 978670
387. Sum = 722006
388. Sum = 208676
389. Sum = 416581
390. Sum = 832389
391. Sum = 429436
392. Sum = 858095
393. Sum = 480844
394. Sum = 960907
395. Sum = 686464
396. Sum = 137576
397. Sum = 274365
398. Sum = 547941
399. Sum = 1095091
400. Sum = 954822
401. Sum = 674282
402. Sum = 113200
403. Sum = 225601
404. Sum = 450401
405. Sum = 899999
406. Sum = 564626
407. Sum = 1128445
408. Sum = 1021514
409. Sum = 807650
410. Sum = 379920
411. Sum = 759025
412. Sum = 282666
413. Sum = 564513
414. Sum = 1128205
415. Sum = 1021020
416. Sum = 806648
417. Sum = 377902
418. Sum = 754975
419. Sum = 274552
420. Sum = 548271
421. Sum = 1095707
422. Sum = 956010
423. Sum = 676614
424. Sum = 117820
425. Sum = 234797
426. Sum = 468749
427. Sum = 936651
428. Sum = 637886
429. Sum = 40354
430. Sum = 79855
431. Sum = 158855
432. Sum = 316853
433. Sum = 632847
434. Sum = 30266
435. Sum = 59669
436. Sum = 118473
437. Sum = 236079
438. Sum = 471289
439. Sum = 941707
440. Sum = 647974
441. Sum = 60506
442. Sum = 120135
443. Sum = 239391
444. Sum = 477901
445. Sum = 954919
446. Sum = 674386
447. Sum = 113318
448. Sum = 225747
449. Sum = 450603
450. Sum = 900313
451. Sum = 565164
452. Sum = 1129431
453. Sum = 1023396
454. Sum = 811324
455. Sum = 387178
456. Sum = 773451
457. Sum = 311428
458. Sum = 621947
459. Sum = 8416
460. Sum = 15919
461. Sum = 30923
462. Sum = 60929
463. Sum = 120939
464. Sum = 240957
465. Sum = 480991
466. Sum = 961057
467. Sum = 686620
468. Sum = 137744
469. Sum = 274557
470. Sum = 548181
471. Sum = 1095427
472. Sum = 955350
473. Sum = 675194
474. Sum = 114880
475. Sum = 228817
476. Sum = 456689
477. Sum = 912431
478. Sum = 589346
479. Sum = 1177741
480. Sum = 1119962
481. Sum = 1004402
482. Sum = 773280
483. Sum = 311034
484. Sum = 621107
485. Sum = 6684
486. Sum = 12403
487. Sum = 23839
488. Sum = 46709
489. Sum = 92447
490. Sum = 183921
491. Sum = 366867
492. Sum = 732757
493. Sum = 229968
494. Sum = 458955
495. Sum = 916927
496. Sum = 598302
497. Sum = 1195617
498. Sum = 1155678
499. Sum = 1075798
500. Sum = 916036
501. Sum = 1111850
502. Sum = 1173935
503. Sum = 587693
504. Sum = 294571
505. Sum = 148009
506. Sum = 74727
507. Sum = 38085
508. Sum = 19763
509. Sum = 10601
510. Sum = 6019
511. Sum = 3727
512. Sum = 2580
513. Sum = 619289
514. Sum = 310359
515. Sum = 155893
516. Sum = 78659
517. Sum = 40041
518. Sum = 20731
519. Sum = 11075
520. Sum = 6246
521. Sum = 621114
522. Sum = 928547
523. Sum = 464979
524. Sum = 233194
525. Sum = 734584
526. Sum = 985278
527. Sum = 1110624
528. Sum = 1173296
529. Sum = 1204631
530. Sum = 603014
531. Sum = 919488
532. Sum = 1077724
533. Sum = 1156841
534. Sum = 579115
535. Sum = 290251
536. Sum = 145818
537. Sum = 690884
538. Sum = 963416
539. Sum = 1099681
540. Sum = 550529
541. Sum = 275952
542. Sum = 755946
543. Sum = 995942
544. Sum = 1115939
545. Sum = 558653
546. Sum = 280009
547. Sum = 140686
548. Sum = 688307
549. Sum = 344833
550. Sum = 173095
551. Sum = 87225
552. Sum = 44289
553. Sum = 22820
554. Sum = 629368
555. Sum = 932641
556. Sum = 466993
557. Sum = 234168
558. Sum = 735038
559. Sum = 985472
560. Sum = 1110688
561. Sum = 1173295
562. Sum = 587314
563. Sum = 911606
564. Sum = 1073751
565. Sum = 537539
566. Sum = 269432
567. Sum = 752661
568. Sum = 376991
569. Sum = 189155
570. Sum = 95236
571. Sum = 665559
572. Sum = 333436
573. Sum = 784657
574. Sum = 392983
575. Sum = 197145
576. Sum = 99225
577. Sum = 50264
578. Sum = 643066
579. Sum = 939466
580. Sum = 1087665
581. Sum = 544480
582. Sum = 890170
583. Sum = 1063014
584. Sum = 1149435
585. Sum = 575361
586. Sum = 288323
587. Sum = 144803
588. Sum = 73042
589. Sum = 654444
590. Sum = 945144
591. Sum = 1090493
592. Sum = 545883
593. Sum = 273577
594. Sum = 137423
595. Sum = 69345
596. Sum = 35305
597. Sum = 18284
598. Sum = 627056
599. Sum = 931441
600. Sum = 466349
601. Sum = 233802
602. Sum = 734811
603. Sum = 368031
604. Sum = 184640
605. Sum = 710227
606. Sum = 355736
607. Sum = 795773
608. Sum = 398507
609. Sum = 199873
610. Sum = 100555
611. Sum = 50895
612. Sum = 26064
613. Sum = 630931
614. Sum = 316080
615. Sum = 775937
616. Sum = 388581
617. Sum = 194902
618. Sum = 715345
619. Sum = 358282
620. Sum = 797033
621. Sum = 399124
622. Sum = 817452
623. Sum = 1026615
624. Sum = 513912
625. Sum = 874843
626. Sum = 438024
627. Sum = 836897
628. Sum = 419049
629. Sum = 210124
630. Sum = 722944
631. Sum = 979353
632. Sum = 490273
633. Sum = 245732
634. Sum = 740744
635. Sum = 988249
636. Sum = 494717
637. Sum = 247950
638. Sum = 741849
639. Sum = 371514
640. Sum = 803629
641. Sum = 402402
642. Sum = 819071
643. Sum = 410121
644. Sum = 205645
645. Sum = 103406
646. Sum = 669569
647. Sum = 335366
648. Sum = 785547
649. Sum = 393353
650. Sum = 197255
651. Sum = 99205
652. Sum = 50179
653. Sum = 25665
654. Sum = 13407
655. Sum = 7277
656. Sum = 4211
657. Sum = 2677
658. Sum = 1909
659. Sum = 1524
660. Sum = 618614
661. Sum = 927158
662. Sum = 1081429
663. Sum = 541280
664. Sum = 888488
665. Sum = 1062091
666. Sum = 531608
667. Sum = 883649
668. Sum = 442385
669. Sum = 221752
670. Sum = 728718
671. Sum = 982200
672. Sum = 1108940
673. Sum = 1172309
674. Sum = 586709
675. Sum = 293908
676. Sum = 764790
677. Sum = 1000230
678. Sum = 1117949
679. Sum = 559524
680. Sum = 897594
681. Sum = 1066628
682. Sum = 1151144
683. Sum = 1193401
684. Sum = 597245
685. Sum = 299166
686. Sum = 767409
687. Sum = 384246
688. Sum = 809947
689. Sum = 405513
690. Sum = 203295
691. Sum = 102185
692. Sum = 51629
693. Sum = 26350
694. Sum = 630993
695. Sum = 316030
696. Sum = 775831
697. Sum = 388447
698. Sum = 194754
699. Sum = 715190
700. Sum = 975407
701. Sum = 488231
702. Sum = 244642
703. Sum = 740130
704. Sum = 987873
705. Sum = 494460
706. Sum = 865036
707. Sum = 1050323
708. Sum = 525682
709. Sum = 880644
710. Sum = 1058124
711. Sum = 1146863
712. Sum = 573948
713. Sum = 904773
714. Sum = 452901
715. Sum = 226964
716. Sum = 731278
717. Sum = 983434
718. Sum = 1109511
719. Sum = 555265
720. Sum = 278141
721. Sum = 139578
722. Sum = 687579
723. Sum = 344295
724. Sum = 172652
725. Sum = 704113
726. Sum = 352559
727. Sum = 176781
728. Sum = 88891
729. Sum = 44945
730. Sum = 22971
731. Sum = 11983
732. Sum = 6488
733. Sum = 621023
734. Sum = 311006
735. Sum = 773280
736. Sum = 1004416
737. Sum = 1119983
738. Sum = 560482
739. Sum = 898014
740. Sum = 1066779
741. Sum = 533877
742. Sum = 267425
743. Sum = 134198
744. Sum = 684867
745. Sum = 342917
746. Sum = 171941
747. Sum = 86452
748. Sum = 660990
749. Sum = 948258
750. Sum = 1091891
751. Sum = 546423
752. Sum = 273688
753. Sum = 754603
754. Sum = 377776
755. Sum = 806645
756. Sum = 403795
757. Sum = 202369
758. Sum = 101655
759. Sum = 51297
760. Sum = 26117
761. Sum = 13526
762. Sum = 624513
763. Sum = 312722
764. Sum = 774109
765. Sum = 387518
766. Sum = 811505
767. Sum = 406214
768. Sum = 820851
769. Sum = 410885
770. Sum = 205901
771. Sum = 103408
772. Sum = 669444
773. Sum = 952461
774. Sum = 476685
775. Sum = 238796
776. Sum = 737134
777. Sum = 986302
778. Sum = 1110885
779. Sum = 555892
780. Sum = 895678
781. Sum = 1065570
782. Sum = 1150515
783. Sum = 575703
784. Sum = 288296
785. Sum = 761875
786. Sum = 381380
787. Sum = 808415
788. Sum = 404648
789. Sum = 820047
790. Sum = 410462
791. Sum = 822952
792. Sum = 1029196
793. Sum = 1132317
794. Sum = 566593
795. Sum = 283730
796. Sum = 759581
797. Sum = 380222
798. Sum = 807825
799. Sum = 404342
800. Sum = 819883
801. Sum = 410369
802. Sum = 205611
803. Sum = 103231
804. Sum = 52040
805. Sum = 643727
806. Sum = 322286
807. Sum = 778848
808. Sum = 1007128
809. Sum = 1121267
810. Sum = 561052
811. Sum = 898227
812. Sum = 449530
813. Sum = 842464
814. Sum = 1038930
815. Sum = 1137162
816. Sum = 1186277
817. Sum = 593550
818. Sum = 914469
819. Sum = 457644
820. Sum = 846514
821. Sum = 1040948
822. Sum = 1138164
823. Sum = 1186771
824. Sum = 593790
825. Sum = 914582
826. Sum = 1074977
827. Sum = 537890
828. Sum = 886629
829. Sum = 443714
830. Sum = 839539
831. Sum = 420167
832. Sum = 210480
833. Sum = 722919
834. Sum = 361854
835. Sum = 798604
836. Sum = 1016978
837. Sum = 1126164
838. Sum = 1180756
839. Sum = 1208051
840. Sum = 604414
841. Sum = 919878
842. Sum = 1077609
843. Sum = 539190
844. Sum = 887263
845. Sum = 444015
846. Sum = 222390
847. Sum = 728860
848. Sum = 982094
849. Sum = 1108710
850. Sum = 1172017
851. Sum = 586386
852. Sum = 910853
853. Sum = 455802
854. Sum = 845559
855. Sum = 423153
856. Sum = 211949
857. Sum = 106346
858. Sum = 670827
859. Sum = 335783
860. Sum = 168260
861. Sum = 701781
862. Sum = 351257
863. Sum = 175994
864. Sum = 705645
865. Sum = 353186
866. Sum = 794239
867. Sum = 397481
868. Sum = 199101
869. Sum = 99910
870. Sum = 667597
871. Sum = 334156
872. Sum = 784718
873. Sum = 1009998
874. Sum = 1122637
875. Sum = 561672
876. Sum = 898472
877. Sum = 1066871
878. Sum = 533786
879. Sum = 884526
880. Sum = 1059895
881. Sum = 530295
882. Sum = 265494
883. Sum = 750376
884. Sum = 992816
885. Sum = 1114035
886. Sum = 557360
887. Sum = 896305
888. Sum = 448493
889. Sum = 224586
890. Sum = 729915
891. Sum = 365295
892. Sum = 182984
893. Sum = 709111
894. Sum = 354890
895. Sum = 795062
896. Sum = 1015147
897. Sum = 507905
898. Sum = 254283
899. Sum = 127471
900. Sum = 64064
901. Sum = 649643
902. Sum = 325148
903. Sum = 780183
904. Sum = 390416
905. Sum = 812815
906. Sum = 406730
907. Sum = 820970
908. Sum = 1028089
909. Sum = 514364
910. Sum = 874784
911. Sum = 1054993
912. Sum = 527813
913. Sum = 264222
914. Sum = 749709
915. Sum = 375168
916. Sum = 805180
917. Sum = 1020185
918. Sum = 510403
919. Sum = 255511
920. Sum = 128064
921. Sum = 681623
922. Sum = 341118
923. Sum = 788148
924. Sum = 1011662
925. Sum = 1123418
926. Sum = 1179295
927. Sum = 589949
928. Sum = 295275
929. Sum = 147937
930. Sum = 74267
931. Sum = 37431
932. Sum = 19012
933. Sum = 627085
934. Sum = 313837
935. Sum = 157212
936. Sum = 696182
937. Sum = 965666
938. Sum = 1100407
939. Sum = 550493
940. Sum = 275535
941. Sum = 138055
942. Sum = 69314
943. Sum = 652226
944. Sum = 943681
945. Sum = 472124
946. Sum = 853628
947. Sum = 1044379
948. Sum = 522470
949. Sum = 878798
950. Sum = 1056961
951. Sum = 528758
952. Sum = 881939
953. Sum = 441245
954. Sum = 220897
955. Sum = 110722
956. Sum = 672917
957. Sum = 336730
958. Sum = 785919
959. Sum = 393229
960. Sum = 196883
961. Sum = 98709
962. Sum = 49621
963. Sum = 25076
964. Sum = 630086
965. Sum = 932590
966. Sum = 1083841
967. Sum = 542182
968. Sum = 888635
969. Sum = 444577
970. Sum = 222547
971. Sum = 111531
972. Sum = 56022
973. Sum = 645550
974. Sum = 940313
975. Sum = 470410
976. Sum = 852741
977. Sum = 426622
978. Sum = 830845
979. Sum = 415672
980. Sum = 825368
981. Sum = 1030215
982. Sum = 515354
983. Sum = 875206
984. Sum = 1055131
985. Sum = 527809
986. Sum = 264147
987. Sum = 132315
988. Sum = 66398
989. Sum = 650722
990. Sum = 942883
991. Sum = 471679
992. Sum = 236076
993. Sum = 735557
994. Sum = 368013
995. Sum = 184240
996. Sum = 709636
997. Sum = 972333
998. Sum = 486397
999. Sum = 243428
1000. Sum = 739226
