3
5
11
10
5
5
6
6
6
4
3
4
4
4
5
6
8
20
61
60
61
40
1015
2134
235
42
272
84
409
2335
2057
87
1082
1395
12134
4491
1111
2136
246272
2854
592714
2474
1103
78
10220
3239
1213
65705
3300
2163
450
29788
78545
1521
438
825
7302
4285
4213
240
11293
2246
2332
1078
1040952
2110
2206
606
2434
1584
115
459
1978
7576
4609
2330
1099
729
5669
5408
246
1597
3965
60
1283
4210
25012
266
61
451
43
98
1143
4015
6187
395
2045
29248
4913
1485
1137
3308
694
3297
8850
1158
5563
11821
3543
155
15516
3798
43775
67
6819
1237
1090
2185
1392
1073
6489
1095
350
6427
2061
820
1136
258
1087
4127
60
382
2396
3382
333
2399
7344
161
3511
1216
46
384
3403
4940
2226
2080
235
12018
553
370
1308
88738
5060
2519
2309
1053
2234
222
2107
680
38
394
1392
745624
2084
1493
1296
1288
1048
1189
2121
3167
6411
591
1202
8506
2482
2081
2291
6570
3591
22314
4393
515
251
1605
2280
699
4255
1824
1138
1530
2129
1115
48
2139
4409
4842
1066
822
1517
2194
1118
85222
2176
94
2118
7093
134
14200
2282
2636
2304
473
823
4370
2873
2162
2340
1055
4938
17581
817
45
793
1202
2255
733
2250
1471
71023
2176
1140
9420
1867
151
264
1210
2134
63
22619
429
245
4435
72
839
2414
1263
2324
23054
298
2174
6251
2266
10871
2050
1505
13603
183
2164
105
2137
2331
6154
202
1992
2256
2135
4466
3164
3704
1245
18088
10145
4132
8358
157
4130
724
8069
213
529
439
4212
4916
999
2298
9463
1043
1151
1099
2062
1219
1510
2170
1189
2518
1812
102
744
2178
2761
2245
2392
583
2147
26632
1280
1138
7006
4905
1424
108
34
3518
368
4403
1254
1449
1367
2101
6470
219
58
1066
2932
110
98
40
2143
1224
2053
599
1054
573
32965
29713
7958
9067
125
4562
2132
2330
2471
2520
1526
145
305
4366
12523
2782
6151
310
2663
123
110
2765
1576
700
69
296
3121
470
67
1056
1047
2198
24278
173
420
3654
31348
2601
1160
1382
281
4536
147
413
24908
3712
2316
3140
4672
2058
1386
256
1368
865
1139
905
155
2082
98
9008
3774
82
3704
2427
10813
2226
1143
60
1724
34437
1566
65
419
9747
4123
2675
3459
4223
1203
147
265
749
2757
1289
210
9289
7203
51235
325
6563
2150
291
415
203
2522
1159
1196
354
3038
1108
7125
181
620
140
1266
1193
3160
251
47
9044
156
15087
2128
4498
1396
40991
2072
2264
6186
1555
2099
1222
66
1343
306
876
6246
8877
2586
4029
4420
2083
1102
1110
322
1439
64
1069
15177
1244
82435
1080
1135
451
322
16500
2346
63
956
2147
2113
1075
1385
21396
580
2185
1333
2927
292
4088
106
4241
1054
56925
65
2782
287
5739
177
1836
297
4486
161
3681
724
170
3490
13213
97197
3869
178
3303
8862
276
2167
1141
516
169
3419
7216
2183
140
4412
3456
2168
2328
113
837
2248
1766
2080
2305
2230
3153
9544
2428
4247
2104
190
1372
7352
18547
657
2088
8048
2230
5355
10306
268
312
3450
2234
143
1576
188
2078
1538
1571
2453
14331
1273
2520
1086
3417
10597
7582
50458
2830
2086
2304
527
7508
2110
2843
2372
6189
10511
1041
1077
10492
574
2492
1198
49
97
6638
563
311
4124
1155
1064
250
5068
2155
2200
6034
11479
12315
2574
1308
2483
2569
8841
1048
127
5558
2143
2050
2099
25039
1078
296
2110
22187
1751
10617
4351
1590
1310
28414
4987
618
2118
4463
1216
572
2287
3225
6169
3249
2164
2091
4085
1070
32747
18345
1613
2228
4331
212
2158
1167
8628
2120
1619
351
1240
10639
679
71
1440
19152
2194
142
164
436
137
6174
90
4089
2007
4284
1720
2100
880
2273
439
14287
1155
2332
3265
67933
1198
2111
2271
86
2082
2601
380
52922
157
1150
1142
2097
733
1251
1102
1243
10091
1540
308
187
10941
215
2180
2115
54867
2734
1134
5257
155
12936
4529
2072
24545
311
1268
155
1311
2092
1104
7272
3354
2369
2052
1300
58
8277
1093
2368
6466
8220
170072
2055
281
2218
2602
11089
39321
2155
3975
47
1120
2065
13903
2438
7528
2075
97
1068
465
3361
184
2464
1448
1182
4624
25524
2112
269
1075
2207
2955
2054
277
2064
4389
4290
141
1147
2085
2212
4005
2847
89
1333
44651
8417
62
13653
6709
1386
1600
284
24136
2054
2440
5583
2019
1121
2071
2875
111
2171
131
1220
92105
72
1753
3793
1502
185
9554
8477
4131
1055
2235
4416
1068
587
441
4105
210
205
1132
1302
2056
150
154
127
14917
2111
2120
182
323
1343
2116
4264
6020
136
3262
81
984
139
1946
2408
2448
1129
2182
1979
2229
2099
2182
1060
2208
11925
5754
113
564
6098
2143
8261
77
934
1138
2205
110
2079
185
4186
2126
2148
18591
706
2143
1437
2121
2208
1674
26029
3194
1242
220
2264
108
2058
2562
7839
624
18114
1056
2303
1122
2098
2372
1303
1255
1071
296
1924
1571
8279
2071
3292
153
5109
2294
1609
8121
2111
240
1966
3681
63
6124
409
185964
5359
631
254
359
4187
6536
42651
4552
2084
271
2060
2112
140
2876
107
293
33054
82
1259
2664
1270
1438
2208
461
2077
5106
399
2357
318
2162
2477
2582
233
36264
2162
120
1471
1885
2585
2219
2637
3395
2248
1237
257
2655
4271
196
2152
887
98530
2966
1164
455
4155
1238
2278
2885
1397
2151
1118
554
1306
2209
289
468
3832
1106
4390
359
4562
3041
368
463
1775
402
1248
16359
2525
2802
98867
4610
1452
1108
1057
2116
4124
10221
1893
1082
543
2686
81162
1038
35608
128
96
21778
120016
1100
64
2348
482
1149
85
933
207
299
2093
445
158
2564
1090
2052
1198
46002
56
29959
142
9759
1190
1073
2474
94
1077
6036
3392
1097
404
2216
2435
7981
2492
2145
4219
1131
1218
6553
2081
2102
249
14545
183
1170
2550
111
2302
662
11011
777
117646
4080
777
187
328
493
2863
1499
2308
55404
2055
2154
214
12263
1160
1183
1432
74
2205
1095
6985
3350
3294
2194
31170
2020
2125
578
341
40727
3872
3240
1120
79
1193
1498
3283
14790
1125
6236
2086
396
2256
2035
2882
530
425
4384
28137
2154
2298
3107
1187
4844
128
1402
5630
2626
2096
2612
1169
1072
123
428
11582
1564
1851
1467
4054
1038
388
119
220
632
84
9500
1082
30853
164
15063
2254
3727
67
158
2452
2741
4791
20631
965
523
2070
70
5048
2267
196
3353
419243
4183
2100
560
353
2154
273
16493
2185
410
2139
26041
8541
1343
3084
222
6779
676
78
12737
346
425
4384
2038
133
1054
2111
9397
301
2069
1104
130
10712
165
1158
4176
217
1083
12939
2240
177
10574
1377
1067
34258
2171
864
1113
36356
431
6221
42
116
3725
80
3312
5464
195
250
906
2818
189
11609
1447
172
18698
742
108
1112
708
2188
2610
4479
2175
1198
2118
348
2060
63
2099
2205
1112
4228
3607
2696
10955
13374
123
5783
2000
295
1691
8432
7193
6521
6272
935
2204
10472
2076
68
523
2229
1042
2041
2115
147
12928
1222
4212
1075
3218
206
4619
254
1069
2777
162
1415
2047
1137
2099
9714
358
3936
2117
1204
7037
1139
2091
2806
625
1289
75
14038
3277
11501
77
5398
346
5034
3077
53323
8157
2429
2124
4665
363
7383
328
2233
2193
1159
2859
16419
1077
102
231
1520
78
2197
208310
302
2090
10539
235
823
1914
82
120
2063
2617
295
1079
37
1194
164
437
238
1587
10907
6349
4388
169
5956
1375
78
2310
2260
1201
126
13475
7991
2707
2095
294
523
23976
825
1361
2132
4811
2730
35682
762
814
6555
1101
2563
6144
71
2483
213
3263
1452
1443
17555
4758
135
1135
4210
3621
3572
2150
4669
5901
18443
2356
485
295
43212
2107
14857
1375
12328
231
178869
2086
2778
196
16628
1085
102
5038
2295
2104
5593
2110
3950
2081
1458
1192
5570
823
2425
442
4185
2107
818931
3547
1179
1447
2049
74
3717
4413
4473
1248
1080
74760
835
31594
2420
827
2280
2101
2385
1245
4301
24272
1097
3860
3503
64183
2422
131
1713
62918
9155
5593
823
1044
167
29220
3344
21415
2040
120902
2172
1147
485
2097
2096
1085
257
184
20997
1105
430
1261
2086
2265
1130
4155
87180
1286
1318
831
19377
171
460
385
68
1145
1121
10255
996
6442
1179
2055
3146
2490
2301
1135
3825
10464
4137
8211
2202
1256
2146
4721
509
2052
128
2747
85
483
170673
39989
2357
7414
2180
1575
2586
38877
154
1137
71171
1096
2423
4500
2363
12965
2089
122
2602
3977
2833
10285
5874
3791
8755
912
8240
1109
2045
2090
2493
3106
7177
4801
3572
171
2174
4813
2068
2927
10299
2123
4941
4730
208
155
650
451
161
14839
2054
245
1839
2434
8125
2152
3407
51
236
5524
90
146
3430
2268
766971
4576
4098
1667
650
6236
260
1104
2608
4304
4343
1063
3761
4147
1157
17381
4822
6162
1052
1071
2115
412
1114
762
1059
8427
6811
2589
2888
1087
61
259
293
7655
451
2237
2036
4253
2521
64718
2532
806
28765
2126
190
58
124
4289
71
2060
1739
83
174
1827
47
8918
8014
605
48
2252
2114
766
1164
2442
12823
2420
2082
2834
4853
2150
2061
1093
1135
3560
122
44
133
2801
71482
1596
254
1683
986
148
972
172
10595
4839
2640
1207
413
2143
2551
1116
110
1068
317
2049
2251
245
6453
420
1451
377
292
15690
6279
190
42123
1092
1066
2291
1113
2551
21823
10523
453
6187
1506
3852
279
2049
4964
3764
1379
4102
174
1113
2227
2512
5673
2201
2496
1026
1173
1066
2262
6024
104
618
11378
2102
5176
3932
1477
2102
1656
143
11005
13797
3563
2097
4145
6808
28030
516
2280
1197
4848
2349
78
83
1071
73
2381
5004
22858
17478
14358
17968
19036
1132
99
7578
76180
5455
2047
1564
2126
1208
530
2088
6336
21431
1474
414
12361
2199
1464
2249
2194
2147
368
2753
1050
483
201459
2137
2923
5010
266
41946
11969
2194
1113
273
345
2187
2154
761
2160
5114
156416
2876
306
802
1177
1309
2204
173
1580
105459
293
4476
79
3441
102
180
2096
4317
2572
24178
673
2608
17468
1093
8317
2511
6803
5200
720
155
11917
2043
1239
83
3131
136
1536
13476
2339
1375
2401
1075
1183
7165
2436
972
1192
13173
199
2406
10437
1190
4388
6529
417
200
451
6617
92
55
133
977
1867
136
81
95
1051
84
343
1086
102
248
1019
828
3118
2117
11603
2221
32
153
1873
4545
2130
2308
2263
2092
2901
1638
2180
45061
1478
829
11177
1011
2095
891
2147
7632
2173
602
1657
2297
5853
64
166
2217
152
4379
243
5485
21478
4175
386
209
35029
16923
98
3436
2668
3054
6403
6511
1386
3906
65
1187
90
8184
1317
4114
1360
4080
2105
184
1055
12428
2357
34331
2305
2119
2546
7479
4262
11820
1083
1577
6237
2274
359
2526
1294
669
2203
30847
293
1185
4388
1427
119
88
756
2153
1264
121
5732
3035
2218
1072
77
331
161
39518
2047
135
113
1497
714
247
19432
1655
2033
2032
3370
4137
60
2146
2054
1465
4317
2417
1089
3213
2249
1502
2336
241
123
390
2465
6194
2096
2115
187
798
3210
3197
2066
146
1147
1153
1144
118
1133
756
2544
524
100
2106
189
1156
1492
3995
59384
2787
2105
101
1490
144
2128
2624
2977
1191
3320
1231
2652
12438
1034
2177
561
388
2119
2035
2140
9083
1967
1139
1323
676
3308
783
2177
1318
8983
2908
2056
5174
2082
371
2555
2145
1679
1399
3019
7263
83
2143
2362
4219
1172
2128
1079
11761
4252
1787
6403
24366
352
3524
16769
1131
375
2214
163
2320
6494
4592
104
179
127
554
4222
4143
1664
2323
1455
1671
4611
79
68
4546
38867
149
2208
869
1161
1047
12222
2267
276
4977
175
327
77
5121
2156
1165
1505
481
232
2792
101
65
1257
6771
4841
2701
15400
2050
1606
3231
12734
2911
3025
636
678
1648
1111
4310
2336
1097
3208
1153
2120
281
4485
11243
129
1056
1327
2280
506
4493
4153
5707
2359
2890
18963
1219
386
3468
34453
1576
1229
1588
444
1192
1091
1113
2118
58
144
1055
1570
1344
214
11259
8681
3232
8441
2552
1369
3117
1368
111
2451
58
2069
7591
149
6330
117
4139
1242
3373
14465
635
10383
151
1131
3758
812
410
938
462
198
1366
112947
1356
2548
1093
1514
84
345
15209
4407
4125
2189
1460
1436
2422
3549
106
1067
3476
8168
2058
85
2605
4086
46
2097
99
7325
215
9560
527
114
2349
420
12358
948
2464
1566
173
1199
2213
148
48637
1135
2341
6999
12588
136
12670
1900
128
3417
3273
3630
4401
936
1175
1090
1311
1038
4205
226
1036
2119
2281
1949
4195
107
2094
1125
1521
1118
1090
578
1064
305
1093
2902
5784
1336
1124
373
4752
33557
1277
1061
220585
261
120
2579
2099
5219
3005
44752
21254
30121
250
3434
334
1043
16493
2467
2192
1118
5104
2050
5251
262
1202
852
403
418
2441
14262
1133
2853
21707
122
11531
1164
2156
81746
4186
2052
1208
2240
4235
2301
2785
1210
7290
4273
2463
2231
229
3559
2114
741
3457
3157
2709
3218
1120
424
2309
2124
1089
1286
4105
3267
1218
2086
796
7750
2204
1089
174
2432
1261
12418
2093
498
94
72
2087
13179
5612
2709
2789
38
422
3299
342
9593
10409
2155
1213
253
1025
1415
8716
4644
1659
140161
10064
4500
1694
76
2435
4917
192
29968
49464
796
2097
307
4760
2152
590
8205
4175
255
1221
2380
3425
2210
3094
13693
4267
2221
99
14659
3342
2394
155
60
2255
174
3168
2198
5407
592
4259
273
2507
8509
1531
21475
2733
95
1515
2128
2156
387
9167
152
1065
6851
2291
76
79
200
1204
1637
2144
1129
124
43028
776
4542
2252
1187
1172
229
1076
4874
157
244
80
131
18124
336
1189
2057
2262
1075
1758
4192
2465
6020
103
15815
2073
12879
404
6615
980
1391
305
36338
551
1822
6814
6881
290
4324
2341
1412
167
2801
2211
4527
153
328
103
100
31
2054
6079
1071
2459
2119
254
9081
8062
56
109850
33
2109
1269
1135
6446
8613
1080
14241
4305
1191
2917
2075
111
2134
9396
250
204
4296
2103
2153
239
1109
8041
4138
94
181
7270
3191
1090
1181
902
1184
2235
2181
4537
11110
169
2053
6310
6874
72
100
10719
833
1469
23874
2784
1087
3805
2304
135
9357
93637
3500
92
572
4461
197
201
538
2327
864
1212
2857
81
2198
12015
4717
2191
37357
3787
174
4080
4487
1334
66
85
6567
1012
952
12416
2094
154
6128
1383
106
10189
4218
44715
33
5859
2073
1096
6216
4628
2102
1101
405
1200
54
2247
53
2277
1248
167
983
4116
1178
11111
2047
4167
1074
2077
191
469
2316
2189
645
129
830
3655
1522
2244
4492
4881
8234
1149
4129
1106
1269
411
1518
237
1273
1294
2684
56
3439
1161
1085
1071
74
318
2033
1294
6392
187
1069
18713
1100
7371
1094
2176
4318
374
4527
5024
869
2972
1550
2386
1212
251
145
60083
16219
1247
233
120635
2046
13865
138
1885
220
694
54615
1153
1208
2598
2085
17178
1183
3373
4239
2076
23480
2052
8359
1227
8898
4982
2043
1095
1283
823
4900
2071
10318
6650
32976
4363
1144
105
2048
1070
2139
4995
5542
2736
2585
3797
6448
7095
215
187
2186
1165
369
4153
1080
2171
6945
3280
16891
1253
113878
2865
3806
4109
695
2862
4669
72
131520
2234
2925
1299
1088
492
259
44310
1227
1666
859
2141
2532
11370
720
2372
51
1062
4273
124
1066
1062
328
13747
2390
1131
2124
2366
1621
2319
156
1248
2050
5691
78
41461
1062
3209
808
158
1196
1348
1616
1810
50965
4178
2312
1052
221
149
2137
628
2045
8646
159
156
23335
257
2207
10513
129
16395
2148
145
118
2246
127
10665
3113
8850
2104
1293
2434
2014
4203
2447
1167
2301
524
2735
2037
2061
3414
2063
382
2182
92
2127
192
1246
14256
2098
1137
502
1612
873
2242
3288
202
326
3384
1927
1052
1102
162
1224
135
52775
18308
15513
88
2294
2136
1645
915
8271
2055
8650
2729
1084
2096
170
2600
175
265
1107
4943
5116
117
2838
1689
2590
2129
3676
2091
1146
2050
4176
160
2102
2081
1106
6794
52
1801
2208
4672
127
2873
363
18942
126689
73
2072
5213
6523
8590
10426
1108
156
4513
1060
2110
1146
1121
1145
9829
2162
2790
4337
1060
1122
1550
1102
4852
1832
1043
5384
2352
1040
184
2061
7481
21799
7085
1148
3882
125
35
1133
691
155
2366
101
2102
2091
99
12676
2285
6289
4435
19353
2070
2112
1100
252
2061
3835
1666
2775
294
2172
4677
2159
5224
10269
1731
2105
1447
1080
2339
2064
4534
1888
169
1088
2118
168
2086
672
1091
1093
8089
1057
8028
856
227
2135
7012
1070
2056
144
9105
1086
228
6505
2144
2200
87
2382
922
2796
1616
3344
6862
122
5496
20839
4255
2523
1069
3229
2236
2219
5402
2651
1372
2079
26849
1467
4156
4173
1816
220
1552
1932
1071
1384
151
1126
3029
7864
209
1399
3505
1149
6270
6743
103
2041
161
4205
3189
3136
1031
1664
2232
1818
4139
1943
322
4970
11762
2090
10313
60771
65610
3160
13913
1657
2066
109
43202
1340
2072
13508
2192
6365
2592
2294
1236
1220
2092
152
68
1479
61
1183
47
14587
2159
2319
2565
1487
1668
61
4027
40913
1144
3386
3217
1199
2087
80
4171
118
217
349
2177
1267
4356
7792
21070
2212
1120
1455
2125
5189
1194
107
1979
2281
29793
76
247
1383
2552
4264
6466
9571
66
277019
8739
5255
3213
1173
6175
7131
5539
19298
2193
2956
19660
2462
18528
835
2110
2481
9299
3565
35
1561
2328
15669
1061
172
629
466357
13033
2246
3103
2135
1180
1057
4302
1154
2163
4299
138
6345
146914
967
2851
1056
420376
4751
432
2049
4175
1836
2136
238
742
6426
60526
2091
2088
480
18580
24605
4299
177748
6346
465
1120
2674
7666
3005
1687
982
1075
220
864
1060
4555
33444
2797
510
2568
254
1143
1938
1205
4360
2990
3251
2276
1220
1492
2723
1253
9181
289
597
907
1324
1856
2078
2270
15956
5555
1215
2137
1056
81
1336
3140
215
2058
2375
1520
245
2770
124
2783
6705
1291
2086
402
9711
711
1240
8118
4237
2129
2268
3691
186
42624
3877
2446
131
2143
2099
189
4139
2065
1071
2636
2249
2236
1709
1178
2281
104
2091
5090
119313
2140
2379
318
2806
6600
1183
2521
4941
970
70
2933
1284
668
1115
2545
314
5482
8451
5392
2236
751
3259
103
692
27717
2920
1469
4184
2099
1122
4215
2460
2672
1309
11436
1271
1301
2093
137
1135
2201
6483
354
2258
1271
1867
285
485
541
9748
384
6702
3073
1096
3700
2249
1100
507
7914
53425
1075
1440
550
211
197
10420
64
446
10199
1705
2863
422
3214
2382
1238
1079
4618
2702
1126
1984
6274
4217
1499
1065
9623
4074
369
465
110402
1201
1118
7282
8171
2252
1452
1702
791
1252
3278
8225
2466
2074
6173
1194
29220
52
6252
6842
2180
1155
2652
4213
27513
109
7107
2215
2050
4463
1650
1057
2113
324
507
2108
5065
1173
1338
1455
15148
33203
6685
3217
1286
223
5888
2199
1086
180
2528
387
1114
4396
152
2532
1911
578
402
9982
5941
1324
200290
572
613
18380
1273
2155
1419
2279
1050
4383
2109
4773
1043
2953
2108
2266
4889
1181
2590
4352
2206
2231
4366
4779
2135
2190
2113
6731
25665
472
370
2403
1081
2384
2178
3902
71
1521
10840
2098
4292
2136
2213
2090
205
4292
2643
128
2541
1260
2428
9865
2084
638
4176
3899
1968
126
2331
4436
155
1176
6046
2356
1086
4297
12689
675
42
2099
4084
1115
1077
1250
5946
3811
133
165
10335
1203
200
17797
1559
563
2039
2234
2062
147
5436
5292
2671
15684
1179
454
345
2345
3131
577
8663
1715
1092
2231
1520
6254
139
22272
512
2133
12764
2153
2131
2507
1566
5132
3526
519
117
2231
4193
465
2086
596
2178
3449
31120
454
4330
2010
108
23545
974
4253
1806
54
2236
93
4337
1929
1266
2575
2259
1078
215
2186
2199
8602
1218
5009
2462
5600
1071
1544
2154
423
1716
97
2054
1517
282
6621
59
167
803
2211
198
242
2942
2327
5547
4129
10932
136
198
1078
1312
3893
1713
1560
230
3746
1070
250
2092
371
635
582
2069
1153
6541
10828
1426
1449
345
1668
14971
697164
2281
1170
4060
1150
108649
141
1099
1165
7767
16402
2359
1184
147
1121
369
1043
6842
1148
4150
5909
1831
411
4759
200
2440
4343
180
4092
3330
3120
91
2355
18151
916
740
2114
1053
8218
2985
5028
2296
24127
4537
1056
1733
8597
1136
2283
1080
6595
1239
12419
1212
15271
76
3301
19184
2781
723
2948
1369
1990
2142
1125
1123
29502
28682
9048
25606
1168
2506
3619
191
2139
34
142
17428
1381
68
5860
2127
1473
956
10469
922
3870
1326
3620
6618
4246
2107
4415
2491
1100
2172
12468
1465
2219
156
4340
1194
1119
1460
6471
1125
29511
23479
2787
2084
321
192
2114
1271
3322
2077
73
90
2167
1259
124
3625
3323
2171
140
361
3017
72
134
2096
2106
1066
1092
1108
151021
6690
5776
1573
2402
876
2198
1114
10804
168
28786
1208
1071
2856
1108
2738
2867
1525
3453
1075
6303
274
228
1274
1755
406
4375
2073
158
2085
3228
2401
345
82594
24769
84
2115
2165
201
87
28992
402
9851
7387
2214
4881
2075
3424
4873
1077
2528
5426
1471
1503
902
1440
21404
2108
7047
105
4279
475
31399
7462
444
1101
5974
1125
622
185104
2094
2072
141
2304
1054
3672
2089
1156
344
359
433
100
2098
301
1309
2090
1079
2330
3228
1071
3618
16736
13843
2913
296
171
100124
2179
5677
2272
258
2197
2304
67
1839323
15634
279
1173
394
2069
1165
1615
1415
785
2232
1150
1601
2096
149
2366
9702
47820
68798
1792
8691
3505
447
6610
79
1210
17199
4437
2137
433
377
2057
1142
146
4224
3617
647
3158
2356
305
610
712
1196
1138
2145
2085
1385
237
173
2479
2062
1112
1266
1312
298
6483
2882
3415
2098
89
77
1373
4140
173
2263
159280
473
1205
214
134
7781
4687
262
92
10384
235
4440
212
1105
176
3910
1100
196
4980
378
466
1108
2093
2066
82
1343
53488
183
67
3971
9919
2172
4308
4172
195
57688
14946
1225
126
195
4106
509
41
207
80
3727
710
11566
13944
12270
501
22658
3668
2133
2656
1972
3619
1145
971
3802
115
441
18361
1059
1135
493
1661
1282
8805
56141
10688
2219
56
5939
1025
31148
8612
36668
2071
243
297
5999
2114
3441
2076
1028
62177
971
776
2167
2114
36644
2143
9417
1130
27206
2295
1195
2235
1125
3810
9445
2072
34792
1364
3188
232
140
3707
1064
2169
3334
2532
4653
3610
2195
1201
3153
29351
364
2180
1099
2140
1209
838
2210
4291
2091
2911
2051
2159
366
2061
6662
2115
5223
22845
1434
173
1067
296
2305
115
2038
1362
2083
2193
2109
2527
473
2400
9531
1098
3006
2362
3658
735
120
2743
253
128
35657
1283
1099
1168
2580
4323
1111
4992
534854
2328
97
905
75
3246
2489
2207
527
1089
226
2049
1198
2238
1201
1067
3660
3273
2227
138
3703
776
882
2318
2096
1287
1278
18949
268
2259
222
4097
228
4165
2068
369
258
1058
2158
1145
2153
1950
200
27086
5462
10516
494
4240
82
66
2305
4623
6134
2167
236
4099
1150
7197
872
1086
30011
1121
6098
5875
197
1137
72507
439
2046
10597
2254
6541
1656
2178
179
49300
1084
2379
79188
2204
4981
7332
10135
1183
2909
91
112
1933
13863
2273
4473
332
1012
55207
1755
105
6121
2076
1115
41
9291
27113
2073
20627
1258
399
261
125
15103
1137
260
9854
508
2312
1687
2956
1308
10589
285
355
2218
69
129
138
2107
4485
14659
1150
2109
3195
1347
69
122
9579
2173
4828
64
102
11351
2056
15015
10886
1056
6468
1101
2291
1496
3308
3416
8595
2098
603
210
50112
155
873
6963
1425
8950
2074
2020
1196
6156
7331
35919
2514
588
457
481
1100
4169
9544
2323
2046
454
15797
2091
2037
2275
75050
134
1215
3813
2055
9008
764
1518
4208
72
9412
239
2071
13088
2278
437
1251
6668
163
4734
422
3798
521
7834
103
45194
9658
149
5478
2280
2199
2695
2134
1126
2110
8480
2121
1238
9595
2164
43597
2180
1286
6513
1287
4299
1592
71
4350
11918
153
123
6642
1125
1089
74
1129
45101
114
2124
279
904
4424
728
2814
385
6607
49
1081
2093
177
2121
4465
2315
1123
2149
1190
1190
2767
16360
4413
1300
26472
3732
193
95
1703
1384
1544
2141
204
1088
2103
11451
2266
2466
248
4376
8573
474
155
1113
4166
120
2127
1110
2028
1141
52066
2621
1415
282
1165
4892
6878
122
1149
3143
4143
8560
3009
1405
1048
2543
1311
702
287
1550
712
3744
595
17859
2044
2045
11807
1072
91
395
221
2274
102
8508
1125
153
292
1463
1321
73
1108
109
195
2048
392965
5461
1066
1177
191
5545
1173
1214
6318
402
2501
5183
1712
40313
183
8136
6515
4860
90
222
5289
1080
10231
99
122
693
228
241
3831
144
1109
2383
1071
2226
1094
2134
2075
960
11331
1082
2100
2823
2362
46
2357
4740
4237
3493
201
1100
1418
1645
2110
2593
408
39054
240
1235
4058
2178
2300
129
1418
522
1054
2421
1356
1048
143
434
12363
2151
3404
1112
92
2182
61582
2064
159
2203
1106
6580
1154
906
338
14944
193
1152
2124
12241
72
1555
1390
9002
3527
302
103
198
2048
2358
234
3369
2078
1107
3491
2139
2083
460
563
60157
7484
15207
1321
6303
4848
57
1871
2077
562
2290
2567
256
936
15224
797
3807
2660
2470
1833
49
107
8920
4293
281
575
1593
7772
2584
7532
106
1349
24598
14303
1655
18225
2056
2585
6490
3305
1624
1377
670
111
2353
721
6269
1992
38
2132
933
1249
17840
1525
1391
3209
3630
2088
600
192
1342
76
4707
184
28324
334
277
14890
1845
179
1342
6320
4806
80
1559
2158
3438
2100
2192
4501
2314
1814
2859
4206
4024
836
2490
1043
1356
81766
2103
2216
1132
1346
372
2831
1535
2046
3893
3329
117813
2147
72
1468
8514
2638
2236
9117
109
2033
87
6531
813
2073
302
3125
1063
255
2158
2208
1746
39353
2109
4410
106
720
2548
567
2122
3426
2851
3618
2210
168
3586
2175
1242
4344
18438
158
13816
1085
6199
7681
1338
122965
1230
789
5985
8899
47610
1077
6639
223
5631
1443
226988
406
20704
2086
3432
4023
689
7361
388
14337
294
1083
152
142776
1097
1625
2052
1939
2641
228
2076
821
1262
565
1142
27319
146
111384
4186
1144
2052
2041
3590
505
63
311
1298
1125
2074
276
646
1126
53
2120
839
531
10314
1081
148317
73
14642
129
6043
14984
758
2285
1036
1057
897
2248
51
1730
4941
1177
6977
23622
3729
4398
2355
253
2110
1161
2699
1046
6332
196
524
398
10300
2251
189
2457
44
1326
550
172
2070
45329
5514
1063
2389
12892
2174
384
8179
9510
13002
1093
92
73585
31199
4925
3611
2073
4607
2120
4523
1239
6820
260978
2136
3094
27384
146
2049
356
11053
4523
2434
14116
401
2047
1181
1059
7019
4518
570
1224
141
3757
1065
4366
2073
10187
1425
2080
90398
482
5010
5283
186
4281
1289
1352649
1163
3169
371
162
1069
739
446
206
97
3910
74654
442
368
1237
291
2112
3418
1747
6801
939
1195
1968
1962
3148
6519
1084
191
84
249
1129
27361
2188
2256
10071
1163
141
33359
1477
1036
1044
1103
29878
832
1128
4206
3254
13639
607
49132
125
13334
17095
1057
2100
7370
5189
3499
1067
78
6925
2110
2159
573
8724
1004
9742
177
2092
8992
6207
2066
129
7814
770
73
23380
278
1103
9898
2130
450
1045
554
2097
1110
136
1880
1515
1305
2070
911
531629
559
6979
4414
1322
58011
2076
205
1057
108
2109
2463
1254
2064
116
1470
2058
197
264
2114
2297
57
11038
176
4482
9769
2222
274
1901
14783
10762
2495
2089
1576
59164
2416
1515
2609
181
6046
3885
1208
1125
1103
290
9627
180
190
1143
6612
1221
4123
8215
2049
2718
2104
3447
2328
25182
176
1107
1543
10861
905
2349
3348
3599
5017
1164
142
147
4113
1619
2427
4266
32802
107323
797
281
979
1208
1327
1091
14849
1096
2085
2634
1712
1036
183
1042
4184
1141
7674
1138
198
1335
2121
407
1104
2305
955
642
3673
176
3480
2545
86
150
1082
107
2257
136
785
10019
2064
4408
1082
2095
9200
6344
3446
4480
1088
2145
726
314
2431
4136
1615
1259
6397
3891
313
19052
1108
1092
2072
2053
2061
575
2193
354
7982
1136
486
85245
2360
4178
178
1137
2514
8682
6498
28853
1086
1708
2358
401
2572
53
4129
86
2153
2229
2395
83
2070
80970
218
202
3103
7517
89
7878
1395
9114
502
14967
552
445
2289
1127
2292
710
2320
21125
7527
7887
206
94
4937
2669
8630
2163
592
27110
15240
4510
5349
108
335
1343
827
2153
4891
2456
2153
2011
796
8173
29719
4389
8641
3248
246
6772
600
703
68
119
2211
415
2097
536
2365
4860
4779
437
29243
366
5576
9112
1166
10786
2350
2136
2836
17215
10452
2087
954
2341
184
4951
7313
2087
2099
6353
75
2218
552
131
7898
3603
307
2351
1341
1493
116
2164
559
2173
11119
1233
51695
15497
2175
2655
663
94601
219
1116
152
1118
2253
181
3178
11255
20797
45213
103556
1094
9518
1695
11097
1519
429
2230
1038
17706
1670
2194
8391
2082
1177
163
1832
1284
735
44269
1836
2265
631
2148
8562
20046
1134
6113
106
6304
321
545
139
2208
67
32679
8684
321
1257
2441
91
279
194
149
32688
628
92806
183
688
8563
585
176
6446
4476
1434
193
1124
3742
486
4745
1341
61610
1203
6310
1076
2202
140
8213
5005
2258
255
57
283
458782
3684
4586
12588
2075
1161
9201
1097
9785
806530
42506
51689
1042
2243
2166
855
1147
561
1047
2052
231
4236
82
4465
2041
2630
1095
1138
400317
1167
17153
10491
2825
67
4681
2422
134
172
1891
35150
1107
2072
50350
4270
2071
1084
1199
2087
1289
254
1257
79
2210
8950
2138
1455
2385
1305
2112
9091
2106
222
4352
8999
2209
304
7007
69
1115
371
505
202969
46
2621
340
1132
5627
2290
52299
1046
7869
18440
18762
5265
3527
8926
1299
5893
2100
5108
127
813
4416
6892
2080
4413
3231
85
97
369
7732
328
4702
2615
1103
2217
2304
1488
2211
6633
2598
2156
2235
22164
1106
2309
1053
2566
490
170
6800
5244
4728
2145
4511
552
1453
1074
311
4226
2073
1247
1095
727
2224
2178
2180
3399
6366
506
927
1296
1357
795
4123
3314
2178
2103
1165
98
152
6286
228
6814
17602
1665
3674
3357
2087
40
1083
10528
3113
355
88
1705
764
4316
139
1248
6934
2725
1132
1310
7746
411
53511
2087
16430
843
2097
6335
10429
149
10292
1107
423
2331
15101
3385
1298
2958
368
2233
2110
8707
2063
2106
3777
616
68
1710
235
5493
128
2062
4559
7302
5206
2225
5245
2068
2103
1683
4148
90176
188
2352
2112
52745
1255
2308
1165
168
11473
253
2088
323904
1228
2115
3622
366
2449
2047
144
1543
696
1199
1420
14868
489
99
2379
1965
4178
83
829
2502
8381
5817
25984
1119
1195
5808
5132
1793
1150
2093
591
6564
2317
7430
1035
107
103
168643
71
265
18782
984
9030
7653
1538
2240
102
4671
2311
2256
6312
711
2219
5226
2250
905
1121
3681
17696
2219
2090
1051
214
86
8615
2618
13701
2155
111
2128
1153
2734
24097
1871
4236
204
4285
1111
4969
13408
1197
164
1133
45505
336
2335
9443
2043
4422
2162
130
8385
1774
2395
28391
2096
13210
3338
18017
2483
27474
1342
581
3655
60266
6985
37
213
4265
2140
2438
125
2117
4363
1088
55
374
115
2293
1451
7421
3647
4251
105
3756
1041
1056
2100
2083
582
6971
1436
2493
2986
2136
94
2248
46577
1071
309
1112
2067
217
2481
6392
1212
181
67
382
17714
2068
38000
1067
1422
23183
41474
783
1133
4460
2094
2142
2192
1370
185
542
1186
2203
2169
2401
1208
235
146
1312
205
2103
2092
2120
8109
2082
12647
1081
2154
3366
347
411
1280
2039
177
2267
50638
4981
4205
2110
9131
5842
65
1898
400
425
117
216
5091
6199
2269
1390
1141
4417
1038
233
269
294
1232
2319
661954
269
440
1545
65611
260
8383
277
2006
8795
5585
4202
881
1040
155
3496
2200
2088
2259
4154
1060
1849
151973
460
4359
454
3122
2258
589
1092
24925
52
2311
45
80
2321
355
1364
1112
2072
2505
54
2395
377
2627
3361
2334
2076
4333
130
5372
3617
2156
359
2146
9645
1728
12683
1405
44349
2106
187
2052
2173
6557
22960
126
19456
53720
1212
7977
238
29545
59
113
10434
2389
2128
1133
1495
1495
1066
2140
197
86
3478
2398
2095
382
575
153
11407
1085
2230
524
4305
738
598
1136
2063
1432
4662
115
1067
264
1449
2156
2612
2327
2116
2191
6992
1636
20968
1993
2160
7856
2403
1289
1061
64057
361
2198
650
534
1194
2164
7511
1415
3835
1727
4608
1226
8338
102
15144
202
35018
2129
2153
12734
2118
1125
2677
137
1054
2088
2461
1116
1197
351
1046
873
2881
2083
94
1070
77
2698
9066
1315
3521
111
1529
1282
2211
1233
556
232
2125
56172
5216
2865
10820
2718
140
7657
152
185
126
279
10914
1230
1158
462
415
824
55244
2291
2104
1054
710
2100
3275
2101
1210
80
1234
2278
1181
47762
2650
3581
2748
588
1061
244
1227
6317
2402
1143
142
108
4475
2156
128
437
59
4780
1177
2062
573
2080
2898
2246
2309
1090
2061
68893
4477
1426
1166
1082
2100
3005
1282
533
1114
2055
2237
1317
987
2329
1614
656
801
65042
449
6416
8183
2435
174934
681
48386
7148
2783
4215
1254
2277
2604
1260
1207
3468
19250
3812
20767
201
57
105
2096
1197
12492
9580
2980
2252
628
1089
4573
4467
115986
5833
2115
3178
45411
2218
2076
1084
2125
2038
4985
2710
663
89
68
2278
2227
2175
4208
3717
353
2372
6826
3203
1791
1212
2041
6660
61
473
1076
1081
88
15281
28190
1128
3360
85
3636
2127
1590
183
2416
58
357
300
37
3906
1175
8682
2312
1149
191
2387
2747
2597
10975
165
1177
4128
2222
12725
1081
1330
1715
2101
2337
6343
4964
4239
103
2162
51060
348
101
185
695
218
7223
54
1118
9427
6001
2062
7588
2323
3655
141
2264
13047
2106
2428
176
2511
1248
162
92
2153
1146
119
2406
7246
2563
82830
1672
943
1047
2084
247
2505
6930
2172
2164
1107
2094
2058
15202
9377
6251
2075
4235
1298
2359
480
471
24776
75
4683
2069
8821
1114
3289
2065
1702
106
5941
2232
205
211
4487
171
414
1276
4586
55276
194
34407
2071
2216
1638
124
145
28738
2084
20606
3297
98
22647
18726
4180
4511
226
824
1103
37703
181
298
10809
2207
210
1011
3708
3642
1137
158
2112
522
1322
3580
303
215
1435
12631
398
36796
2976
2976
35878
1130
2387
2199
3215
1116
11090
1223
243
37117
70
1285
55
2808
25648
111
2066
1078
711
57510
1191
78903
1137
2086
17204
49249
104
2088
1695
3713
4551
140226
4272
264
422
35
5953
8546
101
1126
2081
2227
2429
4230
2298
39382
18508
7284
2085
2340
94
1054
710
852
2124
382
2061
234
99459
216
2401
2190
2847
2574
3251
1357
3149
1076
2855
6248
671
6658
7371
65
1246
1087
3466
85
1104
1586
445
1134
2169
2056
83
793
29792
299768
140
423
1100
51
4931
152
10576
2703
1083
3917
2647
2253
1474
2298
1177
197
8335
21450
617
2084
1448
2804
2246
50
2089
2823
2197
593
1070
1041
4514
235
6971
4186
1358
2687
2814
1225
595
6298
150
2050
13121
26756
2216
283550
82
4200
36
2043
2097
1081
2062
170214
121
2106
1107
2215
2682
1301
497
1346
1364
1131
2175
1113
2469
2376
57
109
15503
152
1073
245
14821
609
2680
154
717
741
55189
1210
3118
7013
2494
1568
1085
30045
907
270
15278
7614
638
1220
371
408
1203
4499
1677
266
4701
542
2464
294
1186
1281
2512
2555
3295
4192
2194
201
4374
2115
14625
2161
3100
2049
4755
3020
3384
116
387
8215
16355
10818
45629
1313
1128
736
1376
391
2156
3806
1666
141
3224
62
2339
2352
1058
123
10497
1109
6273
1228
9570
1126
1611
1724
2427
224
169
1188
1132
4805
102
108
2134
2495
1714
1071
2154
2082
1106
1198
4189
23192
384
1121
114
1190
2253
1402
1075
2065
971
2213
1200
1137
8848
8635
2128
20917
11074
1124
340
5075
4719
4663
4088
5458
4231
11458
240
1418
1644
1338
2056
62
1153
96
7192
11197
2793
5413
2868
9691
10269
2692
2031
2273
213
265
6243
10420
3614
70001
5562
131
2973
4337
356
2556
2140
2247
2255
7006
1336
3506
4882
1255
2253
25174
4114
1076
301
230
4249
77
4733
1064
1655
14221
206
171
1236
11027
2180
2132
1443
8636
2186
1544
4216
2200
2050
2087
7389
1101
4286
2367
2046
2173
1073
2065
2175
1125
2831
7412
910
2395
1120
103
169
2116
2067
2400
1130
10306
63
7543
1192
1061
3426
2463
1146
2578
3448
47
164
6607
8750
5224
26837
2169
623
1066
4437
162
30911
369
201
4260
4424
25094
4131
146
1035
2061
4250
116
1905
6595
5242
2104
812
81088
1284
235
3240
1532
1373
1166
2043
150
1339
307
4162
12512
5351
1102
447
1139
150
2426
2097
2137
1089
1091
1819
2668
3687
1159
72492
1049
59
1342
5742
2838
37
1350
8413
168
417
2086
8209
162
2360
2973
866
1062
3476
22431
1097
8288
2530
1034
1858
105448
209
638
1109
367
2194
1931
2044
1729
122
997
3636
2507
314
16477
146
303
4124
525
782
845
8090
96
164
1048
2663
6695
1333
3281
1246
6273
81
54932
2528
221
197
2050
1049
122
2526
4423
306
137
6056
6420
1207
2485
2351
474
34873
143
759
443
375
118
130
1071
2208
76
2138
926
1238
414
648
4009
362
1087
2126
167
229
4462
7478
243
2425
4304
1173
272
460
2178
1337
755
4216
2670
9514
2464
6932
2146
535
288
2068
93
38
2245
2103
287
948
3956
829
1098
2489
2374
1973
2326
3415
7470
2559
5930
251
493
1801
2444
1750
2371
2059
1144
30652
4083
2131
2140
13618
2700
3526
18942
1868
2445
1302
632
2075
5668
1915
2626
4999
7331
2050
3170
2048
553
5462
1067
1126
1802
9047
4824
311
6286
1113
2146
2519
1038
1061
6922
2151
123984
852
437
2079
386
1769
2152
54
87
99439
193
1190
4546
257
42812
2436
4218
2129
2115
29317
108
2116
496
666
35257
380
10309
188
39
1076
2183
2105
1039
57
2090
762
416
3396
2725
1880
2731
4451
2149
8520
13713
4992
3313
309
158549
4211
151
2105
791
2087
1131
126
30477
108
6117
2117
4412
2182
2619
1481
737
2153
1061
130
173
2088
53
18796
383
61
2852
3506
6547
4479
410
2753
2143
7331
94
1093
2187
12650
113
2172
224
128
3230
110795
60
2208
168723
1292
1051
1234
1191
3317
2079
663
7256
2261
62
458
2106
9824
1187
1765
2231
30408
2635
61163
2210
1246
2227
3251
2258
1311
1676
132
312
87
2131
75
2521
2776
18808
529
216
254
117
1100
2048
2189
2228
2127
2039
21137
94
2052
283
2286
2265
517
99
1334
2171
2476
2148
3296
1105
1296
8766
2127
2054
156
6243
6293
58
3836
116
17146
2393
2310
4289
5015
3278
1077
551
986
2118
2513
1052
1095
5953
4118
2132
2370
2508
4286
1244
4383
5645
23250
8486
2271
1069
24180
2725
196
3383
6741
4122
1003
369
516
2405
6462
4216
5010
2139
4584
2310
1096
1287
2146
6660
2415
2444
2312
2189
2936
2055
1077
267
2649
2087
1267
2183
5955
47
3494
64
5378
26474
1113
2101
119
9314
1915
107
68947
1971
182
195
2222
2060
10112
1207
88
1732
1612
233
28097
1136
1102
2135
2779
6548
2633
193
2106
2136
1454
2172
3701
1190
619
2753
3317
2110
281
46
1214
9417
1080
5981
2414
122062
4158
1172
255
156
3770
1497
2366
1201
2113
1083
24920
1218
2073
2187
8596
87
16418
72702
3996
1121
289
1226
1204
3815
2995
7191
6887
2111
1111
143
21481
156104
3096
670
135
933
1073
6360
4755
3790
605
70950
1233
2079
2574
701
2102
2451
33757
2862
264
1344
8795
5876
2900
11509
1099
6547
549
9401
2295
4763
2345
2091
97
2637
813
2143
2586
9644
1237
5460
1076
489
4432
2823
583
185
2102
158
1035
4894
6443
1203
2156
5655
2090
2128
1539
782
61
71
161
2069
6122
1423
28237
6937
2117
86
287
1258
864
39
6132
908
3008
500
2090
6992
1362
4093
2236
82
2079
1264
1173
9911
6358
13876
9918
3058
123
262
2125
1587
1080
2157
2043
1993
941
253
1265
157
47737
1810
4309
4290
61924
76147
46
2213
80537
869
1086
768
55886
7921
125
224
1255
2100
2385
45
1227
8705
2126
2110
2189
2922
18906
3946
1182
3780
9237
2075
91
2207
376
1153
5282
3164
1582
16539
1129
5543
1900
86695
1283
2203
187
2084
4936
179
3412
4179
1067
1174
155
1235
4834
1154
80792
26451
60089
10641
2633
238
1229
283
2450
6158
6199
5810
362
4181
2106
63
4074
2238
20667
149
20685
2123
711
277
195
15110
350
305
1672
2442
6489
2167
2070
2100
2205
1392
2121
203
2060
2051
8449
1845
421
4126
1220
4643
24820
1270
108
2137
11102
220
4540
9030
2352
766281
2972
1042
2102
3041
1180
4209
121
6261
4154
2136
204
5498
4490
2059
2147
3395
1374
484
322
9077
2489
27820
2230
4365
1522
2147
5712
80485
16895
18894
158
1186
2036
14934
2237
4304
2112
1085
48
1146
2348
12451
8988
525
8321
1238
2112
2134
2644
7884
2167
2341
2100
3576
2534
5403
252
428
1045
4538
1324
19953
992
7923
53782
403
4271
2218
394
1202
14767
3000
3937
11075
5602
1401
111
4370
329
175
1084
1103
2663
6413
1212
2076
1172
2515
550
2060
335
2167
361
25105
1205
1253
1587
2273
3221
2139
384
22472
207
95
13254
414
5491
2698
2284
2062
1535
2576
2127
730
55
2081
724
26183
8306
6201
1081
82
4171
17571
1202
2491
6405
765
1293
11900
322
1204
1066
2094
4138
1252
68
233
3693
551
194
1327
2615
2964
626
3041
2308
310
1128
2115
1126
4606
1580
4525
395
25060
94
1122
682
2267
1965
2582
2093
2067
1044
1108
490
146
1823
309
2496
2183
256
6591
2385
1320
1155
330
1050
483
2138
1120
1220
749
3838
2195
2285
4226
1113
1153
155
5284
3214
7282
3112
2035
1154
2131
1889
1978
79
2107
1173
130
79
2176
1714
2038
2060
964
3633
2152
1216
1655
1158
2060
77
2205
82
54092
6205
2094
2290
771
1511
1285
5975
274
78
4907
6165
1067
4751
3048
9091
16734
88074
4154
73
4270
250
1170
1048
161
1127
1446
1492
2097
2248
4420
62
2086
76589
797
3468
2757
2069
2244
110520
314
173
2713
4525
1135
4390
1203
2056
158
2137
2059
16605
16452
2108
9384
2137
3200
625
257
2081
1348
1080
2322
1461
4284
8167
6501
1201
10957
2092
215
2085
2222
380
17340
2220
1313
97
1133
89
4390
163
138
2317
121
2137
3312
4173
189
461
802
1227
1231
2228
371
1360
1234
23971
2227
2131
2315
285
2431
150
1003
147
112
2296
2035
8212
225
9739
505
436
1094
178
95
896
4082
4255
769
2075
141
97
2067
7078
1145
1212
1452
65
4988
1284
1035
5073
4291
28825
1982
8837
2346
3195
5002
1359
5381
188
2446
2112
256
2275
1173
2300604
2147
3309
43
68
419
617
1154
1455
40787
385
1131
1102
21738
576
1108
443
2369
4164
2740
110
1157
3257
1219
2289
5213
2409
2181
1065
3818
1059
11089
4424
45472
3227
26524
1107
1117
1342
5625
69526
1410
157
2375
1054
7357
4309
1158
2477
1039
16375
2071
2221
190
140
3809
2089
204580
4259
6196
3984
1270
2178
248
6042
181
174
146
185
15332
2072
8600
24368
2333
2048
1151
199
6329
2271
2440
7219
2069
6745
138
1700
3289
2194
1127
864
5468
4445
1081
3639
1148
2606
192
2044
640
69
2392
6431
98
2106
28731
421
3145
14404
98
266
3375
8609
3401
2118
156
4253
102
4980
10411
1306
2968
13649
99
50
2419
2294
3281
2199
3458
142
2619
1128
2306
231
98
77
3566
23429
1396
4298
431
92
4202
2147
23682
6139
5519
2308
1252
4133
842
364
11513
3746
7637
3311
48
6997
2590
2095
10066
1117
1193
217
23089
1155
341
59
568
4530
2534
2316
10690
1301
4661
2274
2173
94
2094
3156
131
2739
1083
6356
1176
37
15700
117
4215
1325
2076
2508
68719
2206
1143
4181
334
758
2542
427
254
2435
1153
369
2192
1236
2244
3041
1166
2746
4153
206
1135
2394
2908
95
284
3347
2369
198
6613
6205
2410
135
6689
6193
165
6629
164
6039
2051
1093
16286
5248
3007
1041
7221
2278
13483
541
3144
7036
2237
2465
4644
8581
143
2201
1062
2129
2044
147
1800
2123
2482
132
25435
3467
133
229
1114
148
97267
2621
23565
324
514
74184
1108
4118
737
87
1114
818
1369
2198
4135
2126
2646
1129
1306
745
2636
45
1774
2901
75
2075
193
1086
2090
42
10814
2358
8201
1309
2148
8680
9489
1996
35529
2308
1128
3141
3241
3639
4269
876
13062
21987
5698
274
40790
150
29449
587
513
2301
2151
2368
3396
2108
4671
1072
5300
2083
179
4184
1177
1076
6294
131
2117
1353
8244
279
751
169
152177
3876
5329
11884
1092
2279
1270
1425
166
412
1042
2730
2069
9851
2475
1337
12780
458
7103
4117
1126
1703
649
78
2293
2126
1681
2175
2191
2117
142
83
2701
3683
262
2594
2073
4660
2261
2905
1253
4251
3188
3262
2214
981
1106
103394
7569
3861
10211
6383
6549
2137
2212
224
1417
2306
132
809
2043
2108
1136
806
5547
1002
78332
3524
13693
1154
1445
4566
4255
4669
1344
2508
31068
1071
129
4304
192
3560
2266
2979
4774
1071
1495
1146
1115
8732
1186
36028
4158
8841
75
2208
4292
234
10399
1632
384
2338
266
21727
2136
2213
4221
2046
5757
3089
1530
1346
1081
2117
2105
1300
2006
1130
2367
113
244
2897
1104
2951
2350
4114
2270
245
874
10073
2154
4930
320
8581
4167
1114
724
129
3557
77
1441
1298
120
58
1493
231
468
2054
2166
1070
125
1637
1116
477
2202
236
5674
42
2465
1063
2410
2167
13424
2667
1213
1095
1119
331
5347
2469
138888
240
444
57
70
12241
3449
13403
4208
199
1344
4348
2573
1163
3270
1889
188
2791
1062
50929
115
1308
2155
432
4116
4977
2475
5350
557
386
1602
291
20011
1848
1117
1280
412
2176
38741
1232
2060
2360
2120
1054
255
12596
5939
14580
183
234
10822
2380
2185
34033
4248
1230
1068
9804
45
67
165
6280
1071
1360
2421
38939
7838
4091
1084
2076
1176
120
3744
1413
1110481
2794
2130
2058
10888
2679
447
1181
2071
1120
6540
7306
2287
1055
1090
1772
972
2182
1029
5959
2795
354
267
1737
3887
1057
185
20891
9123
3030
137
1105
2187
1102
113
1501
3544
4223
1280
1098
49453
1726
1540
1295
1282
3617
10155
1121
79
1098
49
4711
39377
2096
3581
91
785
4791
43
3376
1039
782
2100
84
302
1091
1552
2068
2117
1229
2260
1110
1127
2091
62860
5257
33656
4398773
156
1172
2138
2179
5063
255
1147
11289
1050
144
3832
3274
2208
288
3290
2072
1120
1292
2136
1047
1217
2439
11539
2187
4316
292
151
272
11975
30245
107
235
4347
2153
80
2087
187
3397
204
11647
3747
3236
2077
1061
1219
742
2071
1724
8369
1568
3390
1206
3107
150468
5340
2045
110
282
1279
3026
2449
1618
112
1023
4223
1131
1083
1414
2655
6407
5376
9496
711
4068
2700
2916
4346
119
2150
3220
2207
2912
12480
2238
592
3092
34397
7821
4214
2060
2581
4251
64
1479
2394
1178
585
8702
5601
1280
2289
2229
1059
2351
15437
20538
120
2943
905
1738
7841
3506
4162
2071
2387
1072
8450
855
16130
1038
6367
2130
13398
324
140
5991
2928
3147
1183
232
21695
6398
2216
16852
1359
834
244
20971
8311
2651
544
2099
1230
241
1284
1403
297
2399
2687
2053
1158
8080
523
3230
12413
1448
14680
2095
1354
906
93
7361
48
2616
2579
102
14112
3422
1295
53905
2048
2065
1120
1210
1088
167
318
1074
378
1343
2093
101
2460
17845
377
321
179
1090
1162
12765
49
2603
499
2078
96
2214
1412
4444
231
1058
1210
1234
1868
50
752
6182
10041
4221
5819
85
10158
4338
2133
54
2248
6532
2775
627
356
142
435
4279
4941
3136
5394
418
1062
2101
1508
1122
4192
3451
2155
254
1003
3810
2371
2102
1135
4143
10218
2289
1118
2064
2420
4123
25227
233
1344
2143
117
81307
2251
3067
3617
2371
8076
6948
2209
420
4242
2746
327
8430
95
197
1364
77
10288
782
10684
1058
1458
6660
2162
10795
1831
2149
37767
28558
1531
157
1175
112511
6314
443
13534
1515
2091
1845
19844
3329
1442
1038
608946
1117
2108
2430
2266
2782
1793
564
6339
2048
2223
2121
2199
69
114
444
2923
4271
32669
5471
72
8541
12186
1186
310
13161
8435
1210
12204
1704
64
3129
2337
5236
69
69762
14747
975
2308
1148
67743
3740
8527
773
2394
2623
4579
2227
1074
6485
2581
2280
4198
544
4254
1577
117
182
5501
15453
825
1875
246
2105
1052
68
2298
12488
1073
1186
2341
21377
134
2234
133
2297
2232
2093
4730
11835
2886
4078
1126
199
88
4215
78
2090
1112
4204
2061
478154
1103
4117
1881
1060
1140
2264
13981
3288
513
1075
2755
2083
545
2256
7244
11697
2110
40710
4106
1979
2418
396
113
43
2238
4402
571
2980
2065
3535
3178
1525
2460
1674
5087
2405
19611
427
254
19048
2293
71
9057
3702
292
7463
1868
2151
8258
4723
2051
129778
6179
2077
3582
3303
10401
34119
161
1792
1082
1996
2239
4371
56
21213
4416
4272
57954
70002
2121
3116
2129
2092
2522
6347
2225
1045
7744
4801
2058
9198
1148
2075
3019
1265
397
1174
2191
2106
116244
4255
10464
4274
151
2622
1809
10367
172
247
877
2655
154
8123
371
2192
8319
2797
10836
1133
2083
2053
10800
1312
1990
1551
7639
80156
361
294
603
12115
2069
11105
4093
1291
580
611
1105
2205
23238
4983
76
2188
3367
2262
1131
111
697
1181
1183
188
103
1333
7388
4166
1142
1624
6559
7310
39605
4254
6771
1135
1063
2033
100716
4287
1099
2049
241
2210
284
2416
683
163
701
6243
2101
74
2144
294
2316
4548
4787
1139
2067
2265
2126
5979
1082
790
8979
1247
2268
4142
2161
2419
2157
3435
1543
2964
1372
1843
5402
848
2680
1160
1299
16885
734
1141
1078
1401
10452
2580
1082
1146
1094
255
101
3311
2163
2171
2093
23326
4117
4257
6146
1933
1345
6446
4181
1126
1160
3409
1401
84
191
10545
1115
1290
14258
3094
4498
81
1130
4296
2212
4491
14313
3221
2045
1417
1888
1200
1759
75
2325
4809
109
263
1089
140
732
2086
6308
30281
143
2116
17106
2136
664
59223
2427
13780
1177
4223
4236
96
1312
2408
977
19279
4103
19055
6015
1250
146
1109
2188
660
1745
23758
1064
1164
2176
2443
8412
6296
32201
2171
2133
28405
16378
2863
137
2320
2182
48
1151
335
2254
1413
2066
2115
235
2434
2411
1096
1426
2341
95
972
6847
173
1063
229
1053
732
56
2576
1666
242
258
325
7553
480
10405
2144
1232
3402
2384
504
2348
2753
1236
23869
4634
2046
75
4063
1087
2169
1240
2138
442
138
1091
2259
1266
4687
2263
56
97
2074
1049
310
1151
1537
3217
180
1259
308
2329
1467
3508
1121
2338
187
14555
6150
2064
6455
2056
19139
678
1091
2236
2111
1141
749
218
56
1371
1253
2726
2187
4806
8904
18621
574
2153
135563
4143
1169
2151
71
10317
1632
2041
1831
1419
2142
11124
1099
2571
2086
12074
2081
1104
1073
2187
1569
1423
119
8523
2258
6029
2457
176
4276
6740
260
182
337
1421
14560
4958
131
2335
1239
4110
2349
179
95
11307
12900
76
2143
2349
27875
5609
75
2362
7373
1373
28458
995
9962
1136
154
1075
2721
15063
1185
1115
2385
2433
15287
1374
4822
4333
259
309
433
2069
5011
4423
119
4322
65
1494
9689
1063
174
6582
53
1060
1043
1159
2968
92
4316
4657
8353
271
208
206
1110
2046
100
4883
2517
6809
8754
2257
6657
7024
57
2428
19450
17924
2422
2159
229
29224
5284
5089
2371
1038
2938
252
249
2092
2995
3204
15311
4536
7347
1155
6647
2258
2150
2125
116
2106
1103
2229
9035
2326
2187
159
22853
2142
2299
2414
2462
1154
7584
2168
3386
363
88
2831
3398
4137
2731
179
4594
238
1136
3556
8132
2571
105
749
2321
21435
9265
24375
518
77
161
2574
498
8491
44
11996
121
2056
301
2030
965
341
3237
16124
6699
1087
24133
310
10217
1110
1744
1128
1217
4617
161
2094
10176
2863
2247
1068
41785
3066
2083
1420
8520
3436
534
77
238
1417
40416
22237
1349
4108
118
421
39365
310
3094
1910
1501
1183
2276
1559
2283
2289
2169
5887
2137
2082
2240
2253
8690
200
4363
247
1048
2723
1274
1729
951
1130
3222
2414
1023
2367
1820
4835
941
1137
1039
3684
2400
1048
2166
520
2142
3367
1177
4564
1124
879
1192
1754
4240
4107
391
2117
1229
876
50
2307
2275
2714
1131
1366
2428
2122
6538
160
1135
2159
2064
1502
382
2351
74217
1388
2258
16185
2261
974
3728
4380
62
24927
111
15989
246
196
6653
3215
349
1385
337
62
2040
2564
2206
9139
208
12468
4251
2057
2365
2067
2097
5226
349
212
310
4335
716
53860
1107
7825
1308
4559
2073
2131
1070
2182
1673
91
740
4274
516
1812
4226
6737
2343
2215
2370
415
183
41682
165
10907
2554
5488
1550
87
1187
399
1943
3038
27356
4719
2108
779
5771
2145
2036
4643
4108
1187
9511
1647
937
2052
1161
5945
2900
72
2647
108
1471
2661
298
1196
239
1233
1157
2203
5644
2060
1368
7807
2100
11014
5388
1108
2254
2110
193
5153
2438
157
1490
1081
2077
3552
2389
2590
1478
569
2132
13285
23761
1110
614
147
219
2083
2171
9065
1975
314060
4110
1072
1725
5860
6176
1167
1133
6207
41
6280
557
2529
2622
1095
1986
2533
2073
50853
166
389
2776
2352
1073
2091
1176
3109
2073
1154
4846
1065
1088
668
2177
1303
2430
4727
1112
27658
2414
51
5549
1065
3320
2231
10304
4960
1098
760
2804
2686
4160
5134
856
158
1093
2204
2129
1580
1087
261
6515
1491
2401
16668
1103
2123
12919
2091
2090
10093
2187
116
155
2515
310
6248
1101
2387
6521
2323
5150
2889
39463
1291
1659
2266
2123
1061
13163
2315
1054
1123
1196
1717
2744
10830
4206
152
6940
185
666
1090
1476
5247
4370
85
2257
498
453
2106
4221
138
2119
10749
152
330
4225
2676
6114
401
1385
81
2286
7767
1171
6956
1279
434
51
5375
16257
505
549
235
30209
202
4692
4494
13450
1292
1099
1252
2153
1282
2171
405
123
121
264
1042
437
4089
7754
1148
335
24214
2064
188
2463
1118
2731
1108
8058
289
6491
8156
3346
2359
252
2815
1218
2169
2099
5790
1308
5736
6196
2261
2131
2979
151
1104
221
10903
5169
1054
2210
2142
1093
8120
4180
1001
711
709
2062
1184
1671
34183
1687
2243
1130
2850
1071
2363
4225
3072
1376
16354
367
72
2267
1035
4171
429
901
5295
4823
168
1332
8941
1103
40857
1304
2090
109
293
438
622
44
375
1312
592
55
62311
435
2998
1293
1134
1170
2198
240
2184
1126
4342
5518
2277
2047
1112
140
2048
2171
65
4603
225
50409
2398
1710
92
1102
1102
1062
2133
1331
716
8232
1307
1496
2043
254
2226
1108
2132
1048
1070
1249
90
1160
167
6409
1182
182
33860
780
112
1253
4175
3167
1073
14727
4391
778
2086
141101
321
2085
149
2048
17314
3169
542
8529
1100
490
110454
2645
1049
141
3325
6411
2243
106
354
120
2554
2060
1150
4932
1102
3547
42
1166
87
1258
4835
6987
3335
12247
1128
71721
1115
4219
1927
20558
175
2160
2298
458
259762
387
1360
3198
418
89
1089
3499
1170
509
1274
2101
1194
2441
1196
4266
817
1063
80
224
395
1031
41
4688
1077
2376
14799
1183
74
292
60
166
422
92
55
2633
15009
1088
181
2164
1149
1673
2059
81511
2526
3454
2062
1321
1199
81
2297
47510
2116
1548
152
2094
1265
2380
1270
5815
1124
1042
134
2154
124
4220
201
1195
12548
1439
202
20523
404
334158
4244
2205
176
7521
6224
43305
1193
2184
2149
2328
224
2116
2047
4448
380
682
2787
2254
2081
1139
9829
799
1087
10559
334
4523
3923
1051
45498
356
1061
92
1210
56
4565
4172
2618
2330
186
309687
3118
1425
305
90
511
2847
1144
113
3756
2191
1194
339
642
47
2255
233
1122
3078
31347
1487
1187
2235
4537
442
285
38
879
4113
1053
5384
5228
3314
2118
8756
737
1893
111
5658
984
2351
4128
1329
4280
122695
5854
1492
1042
4225
11450
2293
3227
1451
8622
2036
4323
103
117
5384
2078
108
7717
27052
73
1416
122641
28348
209
10326
1096
1126
2096
1666
169
6615
273
111125
4897456
13589478
29825513
109717400
7412359
2
