1
2
3
5
89
55
34
21
13
8
165580141
102334155
63245986
39088169
24157817
14930352
1346269
2178309
3524578
5702887
9227465
832040
514229
317811
196418
121393
17711
46368
28657
75025
10946
6765
4181
2584
1597
144
233
377
610
987
89
55
34
21
13
1
2
3
5
1
2
3
5
89
55
34
21
13
8
165580141
102334155
63245986
39088169
24157817
14930352
1346269
2178309
3524578
5702887
9227465
832040
514229
317811
196418
121393
17711
46368
28657
75025
10946
6765
4181
2584
1597
144
233
377
610
987
89
55
34
21
13
1
2
3
5
8
13
1
165580141
1346269
987
4181
10946
89
55
34
21
13
8
5
3
2
1
233
8
13
1
165580141
1346269
987
4181
10946
89
55
34
21
13
8
5
3
2
1
233
1
2
3
5
89
55
34
21
13
8
165580141
102334155
63245986
39088169
24157817
14930352
1346269
2178309
3524578
5702887
9227465
832040
514229
317811
196418
121393
17711
46368
28657
75025
10946
6765
4181
2584
1597
144
233
377
610
987
89
55
34
21
13
1
2
3
5
8
13
1
165580141
1346269
987
4181
10946
89
55
34
21
13
8
5
3
2
1
233
