1 2
No one is immune!
No one is immune!
No one is immune!
1
2
2
1
1 2
2 5 6 9 11 13 14 16 17 19 21 23 27 29 32 35 37 38 39
49 94
1 2 4 5 6 7 8 9 10 13 14 16 17
2 3 4 5 6 7 8 9 10 11 12 13 14 15 16 17 18 19 20 21 22 23 24 25 26 27 28 29 30
1 4 9 10 11 12 13 16 17 18 19 21 23 24 27
1 2 3 4 5 6 7 8 9 10 11 12 13 14 15 16 17 18 19 20 21 22 23 24 25 26 27 28 29 31 32 33 34 35 36 37 38 39 40 41 42 43 44 45 46 47 48 49
1 2 3 4 5 6 7 8 9 10 12 13 14 15 16 17 18 19 20 21 22 23 24 25 26 27 28 29
3 25 69 71 78
4 6 9 11 12 13 14 22 26 32 33
8 18 23 39 45 55 68
3 17 27 30 48 49 54 57 59
1 2 3 4 5 6 7 8
2 3 4 5 6 7 8 9 10 11 12 14 15 16 17 20 21 23 24 26 28 31 32 33 34
23
5 13 16 21 22 24 27 29 32 37 38 44 45 46
1 2 3 4 5 6 7 8 9 10 11 12 13 14 15 16 17 18 19 20 21 23 24 25 26 27
4 5 6 10 16 17 19 20 21 22 24 25
1 2 3 4 5 6 7 8 9 10 11 12 13 14 16 17 18 19 20 21 22 23 24
67
1 2 4 5 6 8 9 11 12 13 15
70
1 2 3 4 6
1 2 4 5 10 19 23 29 30 33 36 39 41
12 21
1 2 4
8 9 10 29 32 33 36 41 43 44
14 37 39 53
1 2 4 16 17 18 24 27 28 31 37 42 52
6 48 51 52 61 74
4 16 20 21 25 28 35 46 47 53
6 12 67 69 76
5 8 9 14 16 17 18 21 28 35 37 45 46
1 2 3 4 5 6 8 9 10 11 12 13 14 15 16
10 13 17 24
1 2 4
1 4 5 6 7 9 10 12 13 14 15 16 17 18 19 20 22
1 3
63
1 2 3 4 6 7 8 9 10 11 12 13 14 15 16 17 18 19 20 21 22 23 24 25 26 27 28 29 30 31 32 33 34
16 51
1 2 3 4 5 6 8 9 10
1 2 3 4 5 6 7 8 9 11 12
57
36 42 55 64
7 25 31 37 45
1 2 3 4 5 6 7 8 9 10 11 13 14 15 16 17 18 19 20 21 22 23 24 25 26 27 28 29 30 31 32 33 34 35 36
8 12 13 14 18 20 22 27 30 44
1 2 3 4 5 6 7 8 9 10 11 12 13 14 15 16 17 18 19 20 21 23 24 25 26 27 28 29 30 31 32
62
1 3 4 5 6 7
1 2 3 4 5 6 7 9 10 11 12
1 3 4 5 6 7 8 9 11 12 13 14 15 16 17 18 19 20 21 22 24 25 27 28 29 30 32 33 34 35 36
7 8 15 21 22 26 27 28 31 33 34 37 39
1 3 4 6 8 9 14 16 17 18 19 20
1 2 3 4 5 6 7 8 9 10 11 12 13 14 15 16 17 18 19 20 21 22 24 25 26 27 28
80 86
14 17 18 25 26 32 37 45
1 3 4 6 7 8 10 11 12 14 15 18 19 20 21 22 23 24 26 27 32
11 18 24 34 41 46 50 55
1 2 3 4 5 6 7 8 9 10 11 12 13 14 15 16 17 18 19 20 21 22 23 25 26 27 28 29 30
1 2 3 4 6 7
3 4 8 9 13 14 16 19 22 24 31 36 45 46 49
2 5 30 50 55
20 43 49 51 64 69 80
1 2 3 5 6 7 8 9 10 11 12 13 14
1 2 3 4 5 6 8 9 10
9 24
1 2 3 4 5 7 8 9
1 2 3 4 5 6 7 8 9 10 11 12 13 14 15 16 17 18 19 20 21 22 23 24 25 26 27 28 29 30 31 32 33 35 36 37 38 39 40 41 42 43 44 45 46 47 48 49 50 51 52 53 54 55 56 57 58 59 60 61 62 63 64 65 66 67 68 69 70 71 72 73 74 75 76 77 78 79 80
1 2 3 4 5 6 8 9
7 16 18 47
4 8 9 14 21 22 25 27 28 30
1 3 4 6 7 8 9 10 12 13 14 15 16 17 18 20 21 22 23 26 27 29 30 31 32 34 35 36 37
1 2 3 4 5 6 7 8 9 10 11 12 13 14 15 16 17 18 19 20 21 22 23 24 25 26 27 28 29 30 31
60 71
1 4 36 38 75
5 6 15 19 29 31 37 41 45 46
8 17 28 29 33 36 37 40 43
5 10 49 54
1 2 3 4 5 6 7 8 9 10 11 12 13 14 15 16
13 19 20 27 41 54 55 57 59
No one is immune!
93
70 77 79
74
No one is immune!
No one is immune!
No one is immune!
11 19 39 50 69
64
83
