3941595
2991021
3920470
-1
3940602
-1
-1
4082979
-1
4567700
-1
4087139
3852659
4360338
3243560
4034934
3669340
3902449
-1
-1
4892224
3861724
3905977
4803868
4815510
-1
4207530
4808872
4393776
4420176
4015898
900
-1
1505
476
-1
-1
-1
-1
5744
3213
-1
-1
-1
-1
-1
-1
-1
9227
-1
10183
-1
-1
-1
17395
-1
-1
13633
-1
-1
-1
-1
-1
26036
-1
-1
-1
-1
35935
-1
35814
-1
-1
36649
-1
44529
-1
-1
37033
-1
54597
46146
-1
54494
82199
44768
52193
55543
-1
67775
-1
55913
110963
88337
-1
97537
74644
75849
-1
97947
74115
48203
100682
-1
53991
124223
97983
117973
159677
126477
-1
269709
157228
129434
-1
-1
-1
125910
-1
-1
133194
191560
-1
156315
199233
221818
177532
-1
-1
152757
231672
8
7
5
40
-1
17
35
