38812
32827
42068
62204
58323
59408
35507
28341
49598
31790
50503
58744
26727
57795
42054
53003
35483
64946
20833
62357
63414
52284
32561
64308
36279
57439
55019
45933
61507
53531
49811
41351
40393
61148
29284
60140
57838
26100
28053
31891
36140
49657
39355
32028
42329
41008
60290
57272
60429
26185
64694
64418
49681
52870
38543
33400
58943
62449
59207
35729
12114
30275
45051
2830
64181
20741
53433
47465
49509
39119
65325
34361
18947
9468
36305
62903
64580
39976
54815
39303
64125
63778
47504
57441
8791
47883
40046
48204
39720
26507
20238
38569
45715
22931
58252
20292
19907
63789
58744
63685
26505
42411
56087
35971
62691
49886
42909
59891
59630
55281
65114
43760
51379
38676
56900
36117
33065
34292
37390
59003
64673
47756
48777
52053
32240
41354
48070
53736
57713
41684
51589
20868
48760
38767
41435
37064
58565
33264
55841
65152
64875
42355
54577
9790
59416
39501
53074
49929
35892
61699
29751
17623
52276
6638
28422
25772
35686
11141
55166
56487
6158
45375
21295
65397
56700
24345
65261
37236
56151
13710
29231
40440
43221
45719
59716
19120
50049
65404
31533
50529
24738
38879
5618
36984
38379
51148
65464
62781
52841
11402
36232
35888
58474
26229
34480
52075
56400
58281
46534
36729
55521
63729
60328
7326
28789
62673
40909
52353
61849
31746
45623
38756
58104
54441
56264
48731
20891
36837
65107
62727
36294
41158
37606
38608
23229
44573
22484
1360
48054
36398
63847
35278
56883
64189
53700
61463
32515
55188
40162
53944
56833
19773
42233
60007
31476
61795
40999
57863
62595
24044
25193
25704
33817
22464
57859
61499
7483
40125
52270
21804
23793
54316
36768
33516
59961
19527
53526
65202
51028
61143
58175
29546
26499
49093
10031
17125
45416
63841
64554
65227
57693
17212
45600
52050
47482
29835
53085
62189
43988
62069
59640
64153
47576
63072
51301
30577
64642
37650
60142
37958
34012
40757
51892
30687
23173
52476
36203
12348
47574
61254
45292
28853
54272
22242
65535
38607
18845
53236
64058
41994
43375
12582
54740
48472
55735
12122
59758
26390
26272
54167
28780
62872
30998
34038
61776
55820
52450
38151
33700
56526
40117
53204
62636
40476
52780
34742
54337
35814
63655
45180
54092
42014
64863
58123
32420
61239
55630
3626
64701
20190
41475
25551
55573
56401
45639
47413
49767
55533
54916
52534
62079
28248
9173
36449
34053
48928
53381
48644
48623
45853
21060
52977
59835
62093
16490
25717
44706
63425
47385
59805
14123
8283
54377
56097
42711
58767
14544
23812
54644
29086
36946
49216
29581
39804
44901
59360
48651
55822
56007
63555
50464
62849
49308
29188
42091
61291
55024
23746
39297
56277
22535
47761
14155
63174
11040
42733
36019
20621
62472
21081
31599
26712
45569
20633
28392
35248
55619
29323
57305
61410
60114
43367
58875
50301
37756
20950
42366
37879
62057
55850
63377
34640
47197
19266
64463
59593
42489
31663
39045
52309
17479
43358
29323
51833
28965
32640
60391
63906
57443
43704
62128
9000
6002
14811
29068
46058
41080
39800
60137
35149
52363
63106
27845
48814
55613
46821
59092
55178
60790
25677
50056
41991
48005
24746
50361
49535
44504
6815
28129
38546
51491
48435
64257
25540
31250
57879
57353
52346
57016
3043
54698
55900
63075
56747
21465
49540
55709
58443
50208
50045
38909
28220
65249
42833
35725
29770
42029
5611
34978
40580
29073
45509
34136
46913
63828
34008
46085
51796
46828
9570
42472
65480
64801
52990
57586
27673
55129
37383
47536
63703
35015
43751
62055
37821
49513
54009
39577
51977
53026
63189
52869
40063
61581
39092
55853
38407
60788
40340
59115
49791
42819
52590
40721
39172
54254
17852
26545
30782
64929
59365
23335
64054
62736
35919
45819
50613
37636
27058
56043
42589
37337
38122
49339
64674
32546
64566
64827
12312
54855
44881
27874
52496
47557
46429
52887
18426
59327
64779
21735
61500
63435
15095
47643
59724
44831
24480
23904
64600
33695
62072
41291
49674
42524
31926
13222
28405
35157
37005
11669
50421
44523
48660
50935
59410
58398
50729
30698
26823
40200
39872
51016
25424
49129
9913
56191
49499
63678
64444
59680
44196
40103
61019
39628
20031
63675
51711
16150
9153
5278
41876
61821
7557
25791
51844
17515
22107
32168
63394
19293
51227
39299
32996
52919
12785
60935
55994
56336
27433
38485
57978
49805
15728
53088
17115
52158
64716
61812
46436
52052
44310
41182
31773
48387
35862
57611
54228
50540
47504
60895
46870
33217
42729
57631
51573
32645
47783
60228
27677
48499
52301
53961
50197
40075
57590
22077
46924
29328
30441
33527
60915
56794
46914
44672
58729
2505
43596
36796
56065
26713
13900
53297
37227
55849
50683
51007
45367
41357
52704
46259
39329
25680
64454
63260
40346
30900
50541
56765
28753
17831
59457
16102
55456
42928
27924
29610
21183
33341
44171
57820
57554
58233
53897
52221
40031
46092
24328
61081
59543
20143
39749
59684
34873
49062
26088
21747
26183
22591
48021
49154
22273
32303
58368
35020
15845
52811
44663
51650
25138
36911
37469
27333
58435
44501
42648
58174
53355
49307
13162
48959
53166
38476
55244
59855
63656
57594
30348
30525
63151
17009
50379
48792
34051
55260
23279
63447
61592
42655
39168
55439
63101
27240
16612
46064
59019
28457
34829
21992
28408
63423
36001
53649
64909
24614
53211
47096
38495
57783
23744
32661
54269
17560
57012
55521
53704
45684
59416
8162
29472
56827
60908
45763
43878
59823
53342
56179
59033
64349
33484
51304
64083
51187
63196
29940
58400
46123
30860
61345
45588
50396
62615
29910
43036
23110
12839
15057
36165
49039
61632
46915
5700
51863
65013
63310
54943
35582
23214
62448
58620
58313
38637
35443
64204
50023
63021
27323
20047
41226
41545
62503
39112
29484
48836
19960
26623
31088
43065
49362
27557
63303
36240
43464
35848
15319
55540
15001
54780
48926
43929
4968
57915
53540
48423
24854
29505
60712
34585
49280
61456
60425
28417
51622
64535
51374
16887
62235
61726
40277
63439
33498
35193
51148
19657
58388
19111
11191
16853
60389
43067
51643
52503
10978
56464
50558
60638
27075
54080
43117
65502
40383
25838
60443
50583
2104
37327
59622
43196
52242
50823
49846
48956
23345
52396
50095
32163
49492
38953
49111
10135
37488
62387
45484
54796
64710
54669
49689
34805
40239
41370
36288
18343
51785
62919
41714
51162
16452
42293
59991
53690
35749
35901
59893
35345
26868
31115
60725
56928
57924
21911
52434
50738
45168
21743
25160
51161
60432
52496
50878
59620
56943
39278
45562
47282
35396
27368
46788
32421
58709
32495
52966
57461
61626
64982
24525
24125
40859
14783
43264
52063
41804
39137
33975
58200
35916
15933
51194
41048
52848
49556
54299
45273
36859
48664
64315
37615
40693
62634
26568
45688
30153
58932
34020
55886
41215
53179
46015
20296
58061
22284
36845
61142
44782
19849
44029
50245
58589
56730
61408
11751
40123
46068
59144
32275
13964
65100
56448
46393
62376
24752
40022
38274
36031
22746
54311
48792
59895
37190
62237
26872
38706
42453
45946
45236
63731
36675
27812
1753
64734
27258
63637
48188
10139
41494
65482
23041
63877
53140
59338
12371
60382
60851
23420
59120
16392
26361
62215
32256
28990
64674
39258
39107
20316
64179
64544
43540
60732
10334
44585
10854
59551
37872
58940
62518
50992
35651
31454
22370
12781
49369
29074
63433
30902
16587
43295
62049
46538
63686
62748
58432
45804
51355
60913
53075
9023
56436
56807
57475
28610
30941
35632
53716
38948
31849
45207
24883
21495
28049
47002
30826
35520
55483
61366
28798
8888
57138
35609
50626
51747
44653
56268
29928
55060
32274
42721
17027
22073
56967
59774
44622
63971
62691
54136
62934
48965
61327
63669
32047
47904
14787
60297
43556
55954
21265
60630
59343
32171
63494
54991
62277
42085
55815
39032
45729
60205
60888
12093
50546
40790
7421
30138
47120
23971
20053
51406
58259
43316
33185
30240
29226
61810
62546
31476
57657
38416
55963
24684
58824
61829
51242
53363
59739
61572
55604
57777
51855
62533
44845
54642
31704
59953
46590
61968
63439
56722
56929
20544
34185
65177
39895
34866
10018
26968
57244
53517
30882
23262
50440
55726
26061
64272
57522
27180
39582
9870
44236
65305
52018
62495
15742
41678
65044
44353
32181
61330
55606
57995
62507
24446
39529
30656
31152
25733
55020
40272
50742
25804
57805
19424
54629
51067
61247
44640
42256
31767
47091
60071
63155
7670
46282
59528
52402
26677
60486
33329
29914
26250
60973
32609
48482
55846
17737
23624
59297
59575
33089
46644
42886
54490
43949
31372
11847
58265
63794
40862
48663
60350
34538
37942
24781
60041
31314
53612
29981
64843
59721
31755
42409
56536
40085
24048
54002
60889
41060
55403
25271
35872
53479
49217
32196
34655
32177
48253
51175
34471
40845
56379
27590
8023
52957
46696
19735
44361
59440
43370
57415
60078
63022
40948
60934
52057
32724
44068
35484
48618
37396
64516
30459
49647
63594
48598
13552
62725
24550
11470
42781
16317
28727
47164
35020
55772
52668
38983
57865
61684
34542
24095
36727
57046
23712
55519
48754
59229
45568
28445
41524
58304
61078
62344
10280
52644
18330
44278
59795
51118
25503
54776
45489
25075
39460
55698
61756
65251
32679
61253
29734
21424
50669
57166
60382
55579
43909
30773
45112
35999
18581
39051
65408
49856
11204
47005
49500
47333
18936
35386
51205
38709
34327
48079
57757
48056
61891
38733
64641
58929
44699
17435
40044
23880
57971
36327
39974
56248
61570
62133
52322
20047
13750
63817
18656
62859
58751
58524
60691
29237
63863
14830
40228
24297
46940
48751
36311
31031
58171
41595
48688
27170
35629
63593
34320
64202
59775
57813
61599
58698
42885
56860
12497
27848
39889
64347
52928
59171
28414
57058
61412
53629
53905
56349
24106
64941
61038
56680
18131
30295
13560
61579
51492
19996
56364
46054
62735
50073
56313
27621
40361
62852
19607
57962
53982
49333
15486
41779
55216
33195
28565
41244
52424
63847
34191
38666
61415
61287
37857
22153
19147
46446
53263
58230
26949
48892
58386
55596
35643
7413
46960
46598
61034
19593
60730
65246
48694
33396
21526
34385
33268
32637
58685
55133
24431
10515
55793
61802
51159
59315
62578
53241
37622
19652
52632
22578
30108
49820
44709
51565
42293
32035
25331
56912
38636
36317
56517
39957
53596
32883
47561
49508
35407
58231
10875
54709
40151
62289
14059
39050
37583
59052
50834
40467
59093
64896
65281
61419
56502
24991
56642
29015
34088
34057
52999
63242
59061
49773
56544
63261
9488
48290
36155
35451
59212
61787
61159
39515
38720
50000
31033
56432
12548
60657
41825
34318
47970
27659
55074
16133
57057
33858
52525
43794
60981
20546
9143
11879
33742
61987
60529
53538
51447
23918
43710
43524
59601
47908
37311
54980
16581
16801
34122
15561
56248
63860
37348
38582
46238
53677
57700
53619
33852
63354
25837
40320
29196
55900
32490
15929
55076
33951
18689
49508
43621
11420
63946
5959
37540
55994
40782
55670
47089
38577
28014
35881
42525
20547
39425
50532
54795
44578
30371
55015
33545
26218
34333
65011
34200
26359
37814
8717
24150
54448
42544
53135
46938
30655
59279
6478
37037
45199
17095
42115
55212
42890
63920
44820
20475
35607
46661
8800
24144
48933
7543
26747
56509
63259
8048
33372
18489
41091
35218
62068
48761
26232
61108
62847
59284
55534
14220
42975
58364
57705
39466
57803
52292
36557
50277
48883
56933
48342
57276
51481
59043
63924
27684
14807
55426
33247
39413
30455
51938
42947
20886
54863
64071
54439
43329
39180
39691
46915
52699
34960
57169
51810
33871
59360
35948
65373
18851
49797
41652
60105
24207
41014
55723
52767
55084
39645
27289
23552
37417
60285
62650
33351
57991
43132
38781
33676
22381
64571
25106
51016
50977
48949
30125
9458
58078
48176
55231
45403
43747
47393
13969
28873
51640
38315
61388
52763
50648
21083
22867
48648
62178
25714
63570
61946
37380
19667
56103
61828
62313
57120
27012
5243
62942
33519
25863
64697
62905
63335
60528
57063
53616
40888
53694
50392
30813
44996
33881
63650
60314
33899
49059
47744
19453
24452
54885
37588
56086
53861
21120
49227
59023
55768
42894
55061
51200
40613
50024
45141
53529
4660
56112
60249
57197
28112
34774
13796
63305
57607
62048
48218
44614
60709
45471
15598
61957
58403
29532
49284
1212
27921
44600
35314
59707
60783
63070
54854
53129
63567
46512
47458
9904
56893
39014
56117
55261
62422
61753
48577
57016
32733
57312
43397
43604
61175
62055
24213
36216
23679
43380
50896
23903
51439
59008
17157
64238
27780
53371
3046
16950
62734
62555
23477
65284
27174
55339
42392
47491
48825
45341
20590
54540
62370
61076
52373
58199
36782
58549
57081
38133
24566
42390
43366
23673
64717
25093
61994
29553
53675
52409
50883
60321
36977
58794
34821
49889
34401
58945
62468
29599
23394
16267
54985
56529
56133
30144
24336
46038
27903
28268
63492
64803
59633
24161
18251
65167
33595
44966
57769
49286
38070
60464
46460
64959
25452
28480
65087
57897
14479
52522
29001
56517
51947
51812
39172
62557
56266
58391
63543
49093
45124
16605
53590
31746
28494
50205
47179
55294
45165
57855
54965
12385
28080
36025
55040
45431
41754
15942
32137
50394
46323
30513
35172
25557
15191
27858
16398
28578
62861
51413
13955
65389
28822
42908
63967
21268
30997
57844
56987
35876
51256
18548
54271
51506
29407
65158
29829
38514
19391
42459
14442
8274
51770
47647
27602
42341
41642
55937
59344
49953
34341
53738
43754
58350
38173
34888
57987
50329
63532
55317
58578
56841
53765
39818
55463
37032
40966
62792
5904
49777
28700
33843
41593
15819
42574
49981
61050
48491
53976
33467
51829
18951
58789
64628
25309
63969
62440
51951
26471
54050
37393
40361
52382
16801
53356
52695
58568
23877
57265
18868
22314
26809
56008
50927
36548
55239
62222
39549
39492
48263
61528
57783
45544
54910
47176
46529
25846
45193
62268
44245
20451
40838
41072
58151
34669
32107
49959
62591
63308
15245
36598
45919
47387
22756
54191
42844
57481
64759
15292
61892
53064
41549
6241
35300
41056
43280
41418
34606
44309
39171
37322
57637
49981
55381
23949
63292
55831
34622
42477
26711
22297
19794
11693
23671
31082
43497
17523
56569
57791
60502
61514
25957
56575
22930
16226
58148
38776
34566
44453
35466
16781
51004
27210
50138
51436
52669
48511
59319
64376
28028
28084
41880
38792
32377
63244
7515
31697
22643
61542
48389
37990
38541
40672
26469
52419
54977
13433
34466
39306
31836
54687
48260
64649
30796
43815
61326
29338
28965
52581
43437
7456
63795
61326
52384
52145
46565
5188
23739
48248
26298
22582
59905
43884
43927
49168
62133
37953
25695
63785
56619
42542
36229
21550
11529
27787
29218
25221
53248
37925
39245
41923
58637
60708
49782
46162
60558
64603
61662
33211
45807
24978
49622
57814
51279
21819
27053
42573
40384
59778
44669
57919
29918
47938
45920
54499
56944
54416
47963
34170
63235
10011
24136
60499
62006
46357
17005
13310
16184
39238
40267
54002
19123
15432
38246
61064
61313
37265
46405
64035
50676
23242
52436
47782
53347
54554
58180
44369
55694
46255
32051
59422
54522
33284
47374
64635
56184
63926
42592
46843
33187
58373
64801
34717
62895
33964
45147
40438
52121
19209
43775
26299
48925
31052
53753
30628
20851
62406
29387
41282
63023
51016
35993
58578
63657
14716
47406
57388
36611
29001
52519
62349
43480
34933
54734
15760
65153
57766
64721
37289
61203
41170
4517
13884
32522
23103
49818
59559
47450
27224
55834
46838
39683
8494
56025
29475
53934
40672
24321
32000
51710
32705
55720
31013
51277
59454
47673
6741
36061
50265
59881
54259
50850
33745
27579
50862
54055
59387
38210
39211
63652
45711
39453
58772
13727
56016
47563
11012
62353
34296
39648
40591
53816
20252
53576
45174
57602
42165
45241
24424
60374
54932
15688
45292
59565
53959
64190
59966
60481
37246
64437
59292
38596
60508
21819
34012
64355
56509
54102
34964
51583
55474
29893
30050
44800
56637
45333
52714
62899
15084
47618
43607
52336
21942
52691
54533
47826
52458
39280
56743
57294
51685
44370
29576
56323
33832
64711
62517
22706
15435
29529
64333
59350
55193
53398
55239
65328
28969
25344
56506
15791
56529
54946
62799
53329
59511
50529
37858
55967
26330
39812
37973
41779
55837
59012
47135
22581
56243
64041
55998
47035
53661
18482
17239
46850
32904
56129
61491
33499
43907
54255
57446
27755
45738
65069
49786
63060
59928
62490
41729
42085
31312
65294
50567
58384
51730
10975
56814
45739
32812
14153
55682
24999
50104
37456
50817
54215
38272
42118
56058
33564
46497
18770
55677
35467
34570
40427
41841
42917
25774
50201
62030
50156
60250
31696
47823
62799
37370
21348
62665
60200
59374
32523
61798
9057
58531
63424
48865
38873
65137
55229
33197
6030
39048
38842
50587
40968
22838
61860
42349
27108
57591
51898
59229
32464
7238
19114
25139
58029
59645
15067
4884
28473
43422
49286
31834
23453
36939
62494
63576
46782
27871
51326
44401
45965
7058
45099
41364
45446
8456
47129
50730
24940
54240
11409
26239
41000
56263
48603
43437
40362
24201
60791
9582
47351
22046
65299
56920
45229
23895
32431
56564
25359
63126
24011
38155
55175
44517
44666
22855
49011
64341
32851
64221
39627
62334
58481
63345
11647
4237
51966
41710
55598
32212
47661
64141
60332
59760
48144
44072
16038
32843
63517
64851
34928
31077
34229
61777
53520
55461
36858
57776
51851
64186
21240
46015
59268
42644
63166
23703
26058
59534
36918
13811
58525
25200
16838
59588
25675
50843
29190
37400
61710
53582
1476
52430
62335
17095
8623
22666
39663
57727
11156
39180
54081
6708
16929
29401
46953
32188
42501
56904
57543
29330
51754
39390
51455
60604
44452
51611
44232
42686
64379
40113
63836
40863
42894
55743
5795
44699
40374
9349
58581
52130
51034
60852
55773
21331
24882
19551
43674
39434
34365
58747
61270
22844
48150
38868
26617
39299
55566
37893
56452
35815
60466
50729
32525
41870
30401
31927
51142
42286
38861
50868
64515
35330
14446
35385
56976
33245
37841
25574
51361
57953
46159
34660
44618
50624
17788
9196
44379
53602
60154
64775
7433
30821
60260
65512
58139
55865
39793
27324
54385
62774
63718
60712
61492
56739
38861
52651
57575
44294
52364
40780
9184
46386
18539
27687
48128
51521
30559
39602
45852
57858
59736
48514
34667
28992
64188
49522
49177
38883
61652
48018
33578
64244
24612
58304
47842
4904
47410
63259
57879
55005
14848
58675
53574
47570
10718
46697
21663
29107
64710
40624
33524
54472
53889
13696
47764
31167
27888
37424
49841
34461
57140
37442
37454
49312
64158
41564
62821
16916
48691
24408
57748
4179
50078
41008
48702
60349
38004
33135
26350
37225
38563
18628
57258
41217
41137
44637
57392
35710
47194
32953
59814
46161
3023
48269
61238
55515
40696
54148
14059
63155
43737
34070
57179
39086
31312
25644
54019
45026
6098
43175
55151
65472
37725
44010
6597
62487
64507
58936
65495
42849
64476
39054
37469
9871
51053
27896
62649
42421
42610
52613
62400
50413
29570
37664
56159
57109
65026
20112
12782
41199
13717
12927
56417
31257
62942
46459
65347
30724
41882
19210
30111
50860
47669
52140
15523
60223
49668
32533
43515
53820
18703
34434
46908
14941
59581
36776
54508
30113
60512
30364
52422
51659
43751
16890
33437
5460
24089
31005
55442
37955
55329
34672
42449
59813
29743
19259
10285
64517
62470
56455
43980
45215
38556
50297
60611
36679
36507
31291
52487
55412
59935
46656
45079
25094
30058
47280
33793
37794
64133
51712
27373
32648
61407
41570
51284
21915
65491
55428
31595
41489
50675
53099
64010
59762
31325
49720
63261
40370
53196
16793
49884
34100
63400
64696
48756
64706
37872
41503
57343
30189
41338
54788
40102
64277
62445
44123
58234
43602
62145
47428
54022
23409
53151
2357
63673
56268
55637
31821
56735
32292
61205
59630
46422
61427
24813
51511
60962
20947
59499
55149
56671
52663
43865
43903
36592
45253
58571
43108
64309
59403
62706
46696
39426
25674
18587
57605
42682
28780
59729
49795
36392
62555
63754
47017
42285
47912
44764
43496
42486
47647
53937
43366
30754
51831
21923
61208
65088
58492
48964
37583
22765
33189
13689
53374
34901
45516
60985
64432
40965
29204
48624
50278
50792
40213
61663
23630
37024
32008
62362
43022
30078
33287
61940
50681
28025
26147
40904
64654
41362
62638
27693
26002
33593
56206
35140
65482
43697
21769
7822
50215
60334
56921
61484
34513
52030
52710
54244
53639
30054
65487
44078
50965
32125
35316
45024
27869
52255
32303
34743
56823
48496
59759
53231
62536
41499
34088
52720
46575
60098
13320
47500
52187
58275
60922
59759
52736
41509
55391
38751
24021
19632
58857
22220
63884
46586
51518
42342
28869
49528
61365
57968
29589
43377
48452
4951
50266
47245
60551
22191
28659
45426
34384
41207
21505
31025
47440
40860
54335
62629
49870
61304
47587
63996
53510
61941
45175
7608
32928
55678
51852
65429
16142
62222
37845
17316
16414
30211
28901
52203
45819
54750
15082
39066
58921
52263
5780
24857
56292
49203
41695
26112
32933
33997
60096
58968
49690
57863
27466
57021
28265
40870
45798
62606
58420
52032
24911
43026
40601
35170
55812
56136
27182
41086
19256
44718
52447
31803
37675
48773
46055
38689
58461
24658
55580
47264
19316
52996
48115
57937
14323
56370
42207
42612
57778
36769
18830
64647
51656
48042
46615
30768
27851
59247
62558
29307
35845
59310
57570
29436
18503
43782
58901
56795
60925
60973
65366
52421
33251
45530
48486
62148
20245
64146
63890
59326
45818
29551
62879
63317
57861
40456
42930
9615
49065
62070
54924
23316
54341
41852
29738
47746
33126
59810
53714
57262
51195
37697
16532
51618
38698
36108
51253
23880
37222
42441
58071
49696
51887
50001
36175
46513
51240
64281
25331
54180
61090
64118
48059
26303
32864
31830
63512
30377
60697
55212
19201
41112
11318
47691
63451
44533
39777
22010
55763
44941
55811
22334
62825
54879
28673
44018
32294
54196
22761
34703
53829
30045
20921
6422
42929
36567
65239
36090
64728
34268
61708
17218
14653
52001
23347
44716
51276
27166
36874
62394
61769
63112
36103
14965
39092
28288
28000
58998
56181
45485
36107
37990
65438
50668
33633
15256
39571
49625
62514
51015
36770
54473
38104
62810
49054
45564
62089
24765
19006
56332
28519
54525
21214
46173
15685
30983
20266
12123
50771
53083
57770
61942
26538
23892
23113
60424
38522
18452
39103
63786
65424
25539
63852
44985
30459
33310
51953
63907
38537
49097
39375
27379
65099
44753
39826
27586
65096
52349
23685
32692
43494
65142
39614
62549
54752
53683
14482
64450
39109
20771
41219
43321
33592
63307
61713
51364
47282
19046
32289
11030
45001
55343
43223
44980
55169
31343
54273
64669
19826
35169
45049
59430
55114
58849
46873
48609
62501
63492
57669
63711
35609
20945
45924
13487
55156
63868
23373
22718
32870
41491
42017
55741
33858
50862
36491
52115
39269
64858
15284
61687
39760
27586
21696
57083
41478
22218
29308
58588
58420
63921
35714
58168
25802
20305
52047
56969
37395
30000
53513
65170
41918
29282
23216
11051
56517
31616
65208
53178
63338
55397
44979
62387
59633
36000
14607
16789
47099
62646
43590
53324
39172
54885
51954
45939
63649
18324
59573
50113
22918
55016
46590
31038
65185
45997
41335
63914
61969
50948
44793
48396
43154
43368
63529
13454
44425
53623
35458
55901
16435
29228
31762
24409
50819
28473
57024
16011
53241
14454
17342
47512
19730
43430
52874
59437
65533
34419
30479
45578
55687
55199
56727
35482
60833
25677
44469
35287
33840
34216
59881
56991
11702
64559
50135
31371
47033
42139
54310
46005
35738
6972
39634
49838
31739
42111
19840
58012
43133
48224
50285
52018
30985
48681
59509
62502
30336
60683
11929
52817
32977
22221
53732
25518
43041
31842
45302
63314
20971
40157
42343
58128
60891
64027
55206
56781
49122
51685
59898
21480
35471
35737
46860
40934
41379
24115
55019
40556
46125
48584
52997
23517
42035
28770
59216
62376
32988
65144
63010
32600
39715
18384
63719
63722
38978
61820
21673
12237
15621
17381
61414
58256
49540
48316
64875
57138
33106
44459
40927
55802
54718
31434
37464
55453
56572
46968
33402
9935
46432
31185
63028
27745
36464
47402
34561
64377
57607
59109
48750
42822
55893
57056
30742
60191
34941
34430
3334
56674
57931
47189
61072
63130
59612
61997
14320
42217
33060
17331
5107
46474
27272
63914
45008
55643
63181
54872
42063
60534
21959
55818
15119
63364
49966
54235
60949
33147
42457
46283
49708
38518
65175
36725
25860
65391
61556
48691
59371
31675
63649
60969
14871
38742
34357
26705
49409
61350
30667
51446
38594
50694
40419
51676
50980
48973
50889
60458
59084
12227
64933
29878
54908
49073
61274
60589
31851
63000
60832
28826
52662
26230
58893
62049
41239
48822
58583
61033
30404
52656
28561
34221
18398
30188
49779
46994
29399
35524
58767
32937
16022
27234
64552
41618
40122
40709
42924
23523
22491
55509
57635
59603
47381
29774
60330
27064
13663
23373
56899
15902
42469
11081
59867
53499
51427
54469
54757
40777
60537
24617
27864
61945
51009
53779
40676
19972
50667
59517
53294
24544
58915
39947
50847
43920
43856
39137
15915
53887
65336
16855
23374
56401
27085
10443
25604
58524
63740
10634
56373
33170
48754
21143
56109
57492
44200
48195
30941
33730
40319
61390
49359
61792
35401
61978
39481
15435
42722
51874
43960
42913
32078
39326
63237
62609
45013
52263
25895
53477
19104
31199
55381
21308
36229
27720
44487
61790
50890
57546
45922
63104
55044
48162
25768
40345
49927
34313
13828
53000
43972
5954
7349
42111
58328
9434
26012
49354
37454
60649
59539
34396
9533
35395
51307
63790
21322
39624
39546
32352
15248
39543
27937
18502
50015
59359
42245
51029
53486
47374
53183
32164
47596
46423
56931
52436
52583
14371
59144
55294
55905
54465
27191
51702
57070
30847
43287
57786
64280
53717
43619
59982
58775
37291
35834
55553
6386
55394
38776
49517
48900
52093
28807
59201
53110
21842
53735
20615
58273
43192
61965
38596
54150
24409
29045
55242
35926
5979
27828
50585
61000
18786
54730
53682
60688
52529
60162
60199
65225
30899
64283
34474
32408
50847
52936
40163
59994
59785
57485
58649
32395
28366
41452
44840
28105
29349
62110
47630
52421
53550
60660
41370
59442
51275
23750
56362
30019
37298
58951
44600
47332
37996
32622
55604
56123
43702
13136
62976
17018
53449
12802
56455
65443
36082
37577
18044
32303
61343
34032
19771
57884
27810
44338
29112
59603
32769
56257
14288
60818
39765
29743
49259
50881
17530
30375
62185
10799
24899
38909
44614
38709
51345
45519
62814
14517
57798
54200
27314
60356
26663
37220
40986
55666
49263
64986
64765
61603
5700
47166
50540
59185
57848
10454
25967
31966
42313
60477
59278
22143
55021
50644
65266
54133
53973
20555
37904
41654
51570
44912
57056
5626
17179
14512
43098
44637
59014
43339
56833
65274
61233
45335
40463
17221
48732
34143
31795
42234
40183
26688
45086
6562
23642
57082
46549
16559
60442
62093
65195
16299
59610
53959
59934
55478
50153
44109
29550
5630
62776
59199
46707
25266
60708
51216
41604
51670
54419
63672
58907
25429
63837
26016
61252
54949
42481
60370
6366
46221
24406
61080
61482
8006
41155
36648
41506
64742
55319
47738
55582
38658
61791
22624
33161
39171
63915
62808
53565
45454
28188
12956
61016
43267
23773
59452
5565
28802
49525
61023
46464
64977
48271
9045
7699
34115
37314
40081
44070
57932
44115
34788
64761
45855
55659
38603
65287
51514
26206
41943
26894
52411
14240
49245
41870
34134
63269
26688
61415
45974
50199
58982
65015
47108
15266
38276
40342
59707
51470
60843
65195
24597
59034
55542
64450
43281
42389
46489
55498
63217
45243
17146
62450
20435
34439
46933
43651
52952
38345
27982
45711
50097
44792
53945
43967
20972
54112
60158
65245
54212
34440
57596
8625
15806
57865
59366
54638
27794
64883
50084
42785
35368
62617
62272
61585
60561
60915
61742
64395
50435
39883
61348
59923
45476
29919
44916
62321
56381
42723
47067
59879
60258
35560
21677
47771
47156
39409
50944
26242
55937
41595
50316
23757
54987
44501
62882
20856
62642
59290
54392
64667
18738
4317
32619
62958
27478
59144
28594
38811
42773
34681
39567
62917
36232
54018
61231
47963
47593
48926
16263
39903
17865
54604
47411
59240
26610
22805
21353
48643
34206
23806
62744
45215
22454
33411
35463
56644
53845
34761
59906
57935
26841
32308
41067
32106
16704
42832
16453
11381
20188
39697
28752
36755
31089
60153
40496
46288
54108
62063
45169
32356
63344
59058
49349
44486
55257
22842
8134
36632
64722
51474
41925
29637
64001
37399
50612
58671
23381
48058
54027
8006
29930
58114
1940
65394
27252
60618
26610
26308
32285
58042
8178
27177
62003
60601
52749
63396
60303
50794
41844
51401
17673
58961
62296
51428
58456
47263
64734
50694
45812
6920
55564
45505
61208
59470
45724
42173
63055
56122
61215
59186
60761
58020
55907
38401
26129
33470
25494
62209
47999
54586
45469
53047
64715
61148
37444
8137
54264
59576
47734
52363
25311
60465
28157
43451
19231
44949
52686
49812
45200
45212
46738
44371
47468
62135
51739
56611
55683
11242
18688
38702
57885
41276
31604
43103
53827
58345
53797
41417
51920
32665
33474
62648
22372
14691
18626
61597
60697
55890
45560
45152
59586
18003
17729
19601
32478
23255
54456
41043
50081
26281
43171
35330
49648
55503
52977
63783
27426
49885
63736
57716
51510
57964
26453
42899
40350
51271
41224
59253
27463
50843
65337
21637
64834
48321
48974
55023
6798
44862
63308
34279
56718
53040
30527
55563
62649
52744
56973
29538
45248
31226
25401
24184
53395
42874
32400
27690
63696
48186
24611
32223
13044
19686
28260
45435
63129
61359
64618
36639
59773
62833
39068
41353
30255
46894
42606
52156
58900
28717
47608
29041
49881
56355
34385
45643
57057
28522
46408
27160
58957
59776
36428
25256
44520
28742
14309
50653
54121
16901
36518
62466
54719
45668
63718
56914
65014
56213
15350
13443
32881
38774
64914
63095
45729
22379
37355
59567
62317
16409
63337
41263
64776
45508
62293
48749
43145
62457
50207
43845
31915
23177
49794
46005
51535
26838
55555
38959
14706
37204
22088
63309
32746
22880
21935
41177
28392
39027
36075
25845
20565
14325
48430
60927
43652
46481
63146
43499
63927
31970
58749
12276
50482
13825
57311
16750
50240
64267
53542
28414
42251
34154
50715
36759
58388
46688
62608
51092
54726
44133
30003
44895
38482
25264
37635
49372
30274
61440
39974
59133
9188
27615
54594
39317
56630
59659
61503
51697
51308
61037
58174
33534
18987
49903
46831
28283
61755
46480
40966
48787
937
42524
12585
57703
52556
39603
35471
46983
34814
51664
32512
53962
52660
56029
33281
42772
55025
45107
63035
27440
54292
61789
18996
49692
14845
33080
60245
48173
47983
22338
48441
31966
21540
32731
58345
17279
65192
54579
42666
54510
52841
56023
48458
10997
59268
62241
46490
31649
44655
65123
61970
55177
58901
9780
49022
23386
37170
35683
50852
40851
56306
38172
40162
53199
8520
63495
44882
38670
40823
23620
56303
22397
37129
29517
34050
61078
48164
54158
42384
57507
9440
39217
58021
31476
64919
33892
30073
62692
62001
54714
58233
55729
45708
27502
61694
59389
55720
46002
18283
51563
60010
54275
31018
57627
35587
12060
42458
28966
59354
18259
7949
14932
40512
50655
50848
56703
29801
52111
11956
63611
57414
44657
41632
48339
58200
51882
16396
55641
31954
62568
51235
61278
38048
38974
61805
53599
49215
31270
65532
7291
52536
18793
34971
17482
48188
54737
38695
32572
45606
21235
12339
29921
63507
50361
43673
60745
52147
54637
63007
39198
48417
28941
17232
22496
61746
23574
56005
58759
24511
58326
65497
37277
9032
55008
31320
59763
46352
53187
8275
56435
58837
54421
30258
55377
42146
18477
62422
52948
12350
39830
44242
56070
53036
38181
44044
38969
45889
10317
56485
27658
8016
55280
42882
22433
63590
63559
60543
37163
33472
45614
51420
30499
28086
40921
49153
44204
28354
63376
58503
63688
65268
53296
53430
60469
49435
38475
57086
49808
24610
11722
63234
58165
28202
65458
34686
41299
42567
58122
25559
48896
59436
27417
24513
54038
51162
29457
20227
43233
33410
25694
22418
55702
46077
49183
48651
54840
34690
30640
65479
58104
60199
25468
35809
52449
53335
52857
48982
26808
44076
32523
23111
47669
28205
56006
50286
24460
19785
23622
58604
53026
52408
56187
60628
64972
48291
18405
21848
35312
58483
63858
26084
65098
50702
40706
60124
55792
43205
53332
33650
42667
11152
37060
57515
32028
38713
24748
64153
49877
51641
26991
54025
21689
36741
54164
10387
56279
25339
30190
38697
51509
21308
48730
32315
27465
41723
56085
49058
14969
46978
12574
41199
27076
26494
5531
20461
54276
36707
42650
33427
6970
29508
37140
56187
58894
35418
65079
51641
64824
36257
64059
33404
54450
30742
7551
33184
38714
33432
28629
44186
51393
61901
57808
63855
41646
60071
36382
20141
61274
18484
49445
45718
43060
59661
50272
64414
56414
49433
53233
52401
55054
7394
36861
60365
45986
24461
38125
28878
46828
26792
57320
47456
42520
49459
61554
63336
23375
17446
30682
