1.000000
1.500000
2.666667
991.089109
0.000000
0.000000
262.595238
553.315068
146.172840
401.818182
124.701031
575.260000
714.980769
546.328125
777.223881
900.740741
715.916667
214.646154
623.076923
664.440000
344.041667
949.894737
796.153846
945.461538
580.357143
612.852941
249.850000
624.000000
251.460000
526.279570
447.946667
554.166667
86.775000
383.175000
135.342105
821.586207
408.697917
970.333333
902.505747
435.461538
468.666667
721.381579
926.911765
773.333333
967.322034
739.773585
98.194444
881.829787
741.555556
477.888889
98.947368
174.730769
386.345238
501.952381
253.700000
373.333333
90.942529
721.326316
791.111111
411.450000
790.819672
935.013699
266.406780
776.000000
693.230769
334.875000
944.720000
106.500000
609.085714
855.272727
324.473118
306.172840
471.626667
521.379310
553.465347
652.500000
262.400000
316.987500
872.101010
741.847826
287.493976
505.433333
479.885714
706.153846
859.655914
798.628205
604.102564
626.711538
702.916667
141.565217
132.029412
854.505495
982.024096
316.788462
200.430380
450.906667
326.732673
154.092593
609.310345
886.303030
