55498
133744
332467
227396
68218
236795
266030
387060
449969
171220
6338
2971
217157
63475
176486
166426
276060
21527
253351
1
132892
207988
107116
40993
14238
4596
107495
84048
206901
414659
1841
379962
271001
27421
365036
163978
11329
183469
160408
65624
49770
14011
107821
35976
22180
87407
80399
139838
273281
5757
114690
197403
150395
23579
492009
80055
8091
26940
1761
210074
11918
41789
73025
199476
309007
9177
144695
40324
383380
391842
42740
375622
4816
741
94864
95033
2775
356342
15789
59340
134
438362
71765
4261
54311
1519
2802
73796
216457
155305
224854
459390
126
120607
398252
33190
193881
401612
56526
127771
