马麟 鲍旭 李衮 顾大嫂 穆弘 穆春 邹渊 陈达 曹正 石秀 金大坚 李俊 武松 公孙胜 呼延灼 周通 樊瑞 张顺 孙立 乐和 彭^ 丁得孙 李应 陶宗旺 吕方 阮小五 安道全 花荣 柴进 王定六 扈三娘
陶宗旺 孟康 宣赞 鲍旭 郭盛 杨春 解宝 孙二娘 金大坚 时迁 吕方 蔡福 李俊 杜迁 焦挺 魏定国 曹正 欧鹏 邹渊 呼延灼 白胜 蒋敬 阮小五 李逵 鲁智深 李忠 周通 朱贵 戴宗 汤隆 黄信 童威 丁得孙 石勇 邹润 裴宣 彭^ 薛永 杨志 张横 孙新 孔明 杨林 凌振 吴用 侯健 宋江 雷横 王英 张清 公孙胜 徐宁 柴进 樊瑞 郑天寿 燕青 蔡庆 索超 宋清 龚旺 刘唐 郁保四 宋万 童猛 马麟 杜兴 项充 李应 解珍 卢俊义 李立 萧让 朱武 郝思文 史进 林冲 扈三娘 杨雄 燕顺
曹正 鲍旭
蔡福 李俊 阮小七 韩滔 郭盛 李衮 王定六 杨雄 皇甫端 史进 关胜 陶宗旺 孔亮 戴宗 邹渊 石勇 柴进 索超 解珍 雷横 朱武 侯健 宋江 乐和 顾大嫂 王英 项充 张青 童猛 杨林 欧鹏 石秀 张清 宋清 黄信 金大坚 郁保四 汤隆 刘唐 李忠 公孙胜 郑天寿 阮小二 朱仝 裴宣 段景住 陈达 穆弘 孙新 曹正 朱富 燕顺 萧让 宋万 樊瑞 李云 李应 阮小五 穆春 宣赞 杨春
童猛 卢俊义 鲁智深 朱富 乐和 裴宣 石勇 雷横 孟康 杜兴 孔亮 凌振 燕顺 呼延灼 杜迁 李云
童威 陶宗旺 施恩 公孙胜 萧让 杨春 周通 孔亮 柴进 顾大嫂
戴宗 张横 柴进 石秀 汤隆 樊瑞 乐和 焦挺 时迁 张青 童猛 穆春 韩滔 项充 朱武 欧鹏 吴用 阮小五 朱仝 林冲 李逵 穆弘 彭^ 童威 邓飞 周通 孔亮 安道全 皇甫端 裴宣 陈达 王英 凌振 鲍旭 李忠 李立 孙二娘 阮小二 孙新 燕青 侯健 呼延灼 黄信 蔡庆 金大坚 公孙胜 吕方 施恩 解珍 郝思文 顾大嫂 史进 宋万 邹渊 曹正 张顺 李衮 石勇 李应 关胜 杨雄 鲁智深 李俊 段景住 郁保四 杜兴 丁得孙 薛永 魏定国 索超 阮小七 王定六 郭盛 杨志 董平 孙立 宋江 白胜 龚旺 郑天寿 解宝 杜迁 杨林 朱贵 单廷贵 孟康 徐宁 李云 马麟 刘唐 雷横 武松 萧让 宋清 秦明 蒋敬 朱富 蔡福 孔明
樊瑞 王英 李忠 武松 张顺 顾大嫂 史进 戴宗 黄信 李云 孙新 燕青 乐和 裴宣 解宝 杨林 项充 欧鹏 萧让 邹润 张青 李逵 郁保四 燕顺 孟康 杨春 穆弘 徐宁 李俊 段景住 孔亮 董平 穆春 白胜 关胜 单廷贵 童威 马麟 宣赞 朱武 曹正 花荣 朱富 宋清
黄信 穆弘 童猛 张顺 雷横 杜迁 李衮 石勇 魏定国 童威 李应 李逵 王定六 鲍旭 段景住 金大坚 阮小二 蒋敬 邹渊 呼延灼 宣赞 周通 顾大嫂 穆春 侯健 张青 邹润 蔡庆 武松 燕青 施恩 杜兴 乐和 孟康 阮小七 解宝 萧让 郁保四 韩滔 朱贵 龚旺 张横 吕方 张清
杨雄 宋江 董平 裴宣 阮小二 郑天寿 朱武 项充 李俊 龚旺 安道全 宋万 鲁智深 张清 萧让 王英 马麟 顾大嫂 柴进 阮小七 蔡福 郝思文 李逵 蒋敬 穆春 段景住 孙新 樊瑞 时迁 解珍 汤隆 关胜 韩滔 凌振 杨志 孔亮 索超 孙二娘 杨林 焦挺 林冲 石勇 李应 张横 童猛 杨春 徐宁 周通 鲍旭 邹润 花荣 黄信 扈三娘 金大坚 孟康 童威 史进 蔡庆 丁得孙 李忠 乐和 朱仝 李立 呼延灼 石秀 张青 欧鹏 皇甫端 王定六 戴宗 穆弘 魏定国 卢俊义 李云 朱贵 武松 阮小五 孔明 曹正 宣赞 邹渊 雷横 彭^ 郁保四 郭盛 刘唐 孙立 薛永 宋清 燕顺 解宝 邓飞 燕青 侯健 秦明 公孙胜 吕方 李衮 朱富 单廷贵 杜迁 杜兴 白胜 陈达
史进 解珍 董平 李云 解宝 邹渊 曹正 王英 穆春 宋江 林冲 呼延灼 顾大嫂 杨志 蒋敬 孙二娘 阮小五 魏定国 韩滔 阮小七 刘唐 陈达 吕方 马麟 李逵 杜兴 凌振 李立 李忠 丁得孙 汤隆 郑天寿 燕顺 安道全 孔明 鲁智深 皇甫端 朱富 杜迁 段景住 柴进 李应 邓飞 雷横 杨林 龚旺 杨雄 侯健 张青 蔡福 焦挺 欧鹏 鲍旭 白胜 项充 秦明 宋万 陶宗旺 蔡庆 朱武 索超 武松 卢俊义 孙立 石秀 郁保四 徐宁 施恩 裴宣 邹润
燕顺 张青 白胜 杨林 史进 孟康 戴宗 裴宣
朱贵 邹润 穆弘 解珍 穆春 蔡福 安道全 鲍旭 周通 李云 乐和 王定六 张清 杨志 张青 李逵 阮小七 侯健 陈达 呼延灼 阮小二 宋清 杨雄 宣赞 马麟 石秀 段景住 邓飞 邹渊 彭^ 宋万 杜兴 焦挺 宋江 欧鹏 徐宁 史进 裴宣 郁保四 施恩 项充 雷横 薛永 凌振 魏定国 石勇 杨春 张顺 金大坚 杨林 单廷贵 燕顺 孟康 樊瑞 戴宗 董平 孙新 蒋敬 王英 李俊 龚旺 卢俊义 索超
杨志 扈三娘 金大坚 王定六 石勇 杨雄 乐和 孙立 张顺 吕方 孔亮 解宝 黄信 戴宗 龚旺 宋江 郁保四 顾大嫂 张青 凌振 陈达 王英 魏定国 李俊 阮小七 宋清 孙新 裴宣 朱贵 石秀 张横 徐宁 萧让 刘唐 段景住 施恩 韩滔 蔡福 董平 焦挺 李逵 安道全 项充 邹渊 李应 孔明 杨林 郝思文 解珍 林冲 吴用 单廷贵 彭^ 李立 公孙胜 李衮 孟康 张清 呼延灼 李忠 童威 索超 关胜 杜迁 杨春 孙二娘 柴进 武松 曹正 穆春 童猛 侯健
鲍旭 朱富 林冲 彭^ 李逵 韩滔 项充 吴用 穆弘 金大坚 皇甫端 薛永 王定六 阮小五 石勇 乐和 史进 蔡庆 孙立 李忠 吕方 刘唐 郑天寿 雷横 裴宣 童猛 侯健 阮小二 石秀 施恩 李云 孙二娘 关胜 朱仝 汤隆 龚旺 杨林 杨志 邹润 解宝 李衮 孙新 邹渊 孟康 杜兴 董平 张清 陈达 欧鹏 秦明 凌振 公孙胜 索超 朱贵 宋万 马麟 蒋敬 安道全 丁得孙 周通 解珍 时迁 陶宗旺 花荣 郝思文 鲁智深 黄信 蔡福 曹正 郭盛 呼延灼 张顺 宋清 段景住 邓飞 孔明 宣赞 朱武 徐宁 阮小七 卢俊义 戴宗 萧让 王英 张青 顾大嫂 燕青 杨雄
项充 花荣 鲁智深 彭^ 单廷贵 蔡庆 段景住 焦挺 曹正 孙立 邹润 卢俊义 郁保四 阮小五 皇甫端 吴用 黄信 孔明 顾大嫂 穆弘 李应 戴宗 陈达 孙二娘 凌振 石秀 李衮 徐宁 周通 解珍 杜兴 郑天寿 解宝 童威 蔡福 郝思文 乐和 龚旺
金大坚 阮小七 张横 杜迁 李忠 张顺 李立 时迁 鲍旭 魏定国 宣赞 周通 邹润 蒋敬 秦明 燕顺 雷横 黄信 段景住 李云 李衮 施恩 卢俊义 韩滔 汤隆 侯健 孙新 阮小二 李俊 燕青 索超 宋江 薛永 鲁智深 朱富 林冲 孔明 焦挺 朱仝 王英 吕方 彭^ 皇甫端 马麟 朱武 解珍 刘唐 穆春 龚旺 戴宗 徐宁 萧让 单廷贵 杜兴 宋万 武松 孟康 孔亮 邓飞 关胜 童威 丁得孙 蔡庆 蔡福 乐和 石勇 杨雄 白胜 阮小五 童猛
杜迁 李衮 焦挺 薛永 李忠 杨志 杜兴 欧鹏 郝思文 蔡福 童猛 吴用 李应 蔡庆 卢俊义 杨雄 韩滔 宣赞 童威 穆春 公孙胜 扈三娘 阮小五 解宝 凌振 孙二娘 李云 张顺 张横 时迁 邓飞 宋万 花荣 李俊 朱贵 黄信 吕方 段景住 阮小七 朱仝 裴宣 解珍 石秀 白胜 邹渊 林冲 刘唐 燕顺 张青 王英 穆弘 杨林 丁得孙 索超 魏定国 单廷贵 侯健 李立 项充 顾大嫂 阮小二 宋江 陶宗旺 周通 萧让 雷横 秦明 孔亮 张清 武松 史进 孔明 徐宁 燕青 蒋敬 彭^ 孟康 安道全 孙新 李逵 关胜 樊瑞
宋清 杜兴 解宝 阮小二 周通 李忠 杨雄 施恩 李逵 燕顺 郝思文 穆弘 邓飞 郭盛 蒋敬 丁得孙 韩滔 时迁 雷横 花荣 张清 董平 金大坚 薛永 刘唐 石勇 石秀 索超 彭^ 邹渊 孙二娘
李忠 杜迁 邹渊 龚旺 张横 蒋敬 李应 石秀 蔡庆 段景住 童猛 欧鹏 李衮 孔亮 孙立 王定六 索超 史进 杨林 黄信 张清 韩滔 樊瑞 阮小五 周通 宣赞 李俊 安道全 武松 邹润 卢俊义 燕青 解珍 董平 朱仝 关胜 鲁智深 穆弘 宋万 阮小二 萧让 杜兴 裴宣 呼延灼 宋清 杨雄 单廷贵 朱富 吴用 郑天寿 皇甫端 蔡福 孟康 孙新 李逵 郭盛 张顺 柴进 燕顺 雷横 刘唐 童威 魏定国 石勇 花荣 马麟 解宝 杨志 鲍旭 阮小七 林冲 孔明 凌振 郁保四 郝思文
汤隆 宣赞 杨春 李逵 蒋敬 戴宗 朱武 张青 王英 孔亮 阮小七 阮小五 杜兴 朱仝 郝思文 安道全
索超 吴用 杨志 单廷贵 孙立 燕青 白胜 龚旺 童猛 史进 董平 阮小五 施恩 杜兴 孙新 杨林 郁保四 吕方 欧鹏 金大坚 孟康 杨春 柴进 张横 项充 卢俊义 丁得孙 邓飞 穆春 李立 石勇 秦明 李俊 郝思文 孔明 解宝 燕顺 李逵 孔亮 张清 朱富 乐和 解珍 杜迁 顾大嫂 蔡庆 裴宣 阮小二 郭盛 彭^ 孙二娘 焦挺 周通 刘唐 陈达 李应 宋万 花荣 汤隆 呼延灼 樊瑞 黄信 雷横 皇甫端 蔡福 陶宗旺 戴宗 邹渊 李忠 徐宁 穆弘 扈三娘 朱武 魏定国 王定六 张青 李云 安道全
阮小七 皇甫端 杜迁 邹渊 黄信 龚旺 李俊 朱武 李衮 王英 秦明 鲍旭 凌振 彭^ 韩滔 萧让 孙二娘 董平 卢俊义 宋万 郭盛 孟康 燕顺 金大坚 曹正 侯健 樊瑞 公孙胜 陶宗旺 杨雄 穆春 花荣 裴宣 宋清 郝思文
刘唐 穆春 李忠 阮小五 白胜 李应 杨志 孙新 单廷贵 石勇 张横 丁得孙 萧让 欧鹏 李立 汤隆 蔡庆 蔡福 公孙胜 穆弘 邹渊 李逵 龚旺 戴宗 侯健 郁保四 杨雄 施恩 凌振 李云 索超
杜迁 燕青 乐和 童威 孙二娘 王定六 孔亮 郝思文 扈三娘 宋江 项充 阮小七 杨志 孙新 孔明 安道全 陈达 朱仝 彭^ 杨雄 邹渊 丁得孙 杜兴 史进 时迁 关胜 金大坚 焦挺 薛永 石秀 张青 施恩 徐宁 吕方 顾大嫂 黄信 张横 樊瑞 宋万 吴用 郁保四 孙立 雷横 邓飞 段景住 柴进 魏定国 燕顺 董平
陶宗旺 单廷贵 顾大嫂 宋江 陈达 丁得孙 段景住 杨春 张横 吕方 杜迁 杨志 邹润 燕顺 蔡庆 雷横 解宝 乐和 蒋敬 欧鹏 童威 刘唐 阮小五 秦明 李衮 侯健 穆弘 徐宁 汤隆 安道全 花荣 阮小七 李逵 张青 朱武 武松 杨雄 杨林 史进 张顺 鲍旭 皇甫端 薛永 马麟 韩滔 黄信 宋万 朱富 阮小二 孙新 鲁智深 萧让 呼延灼 朱贵 孟康 张清 关胜 杜兴 项充 龚旺 李俊 蔡福 李忠 彭^ 王英 李立 凌振 石秀 孙立 索超 宣赞 樊瑞 吴用 曹正 孔明
萧让 董平 李云 石秀 朱仝 阮小七 关胜 杨雄 焦挺 童猛 张清
时迁 韩滔 宋江 李衮 阮小二 金大坚 武松 燕青 李逵 公孙胜 宣赞 朱仝 花荣 徐宁 蔡庆 王定六 史进 孔明 彭^ 黄信 张横 孔亮 张顺 杨春 邹润 孙二娘 安道全 吴用 欧鹏 童威 李忠 李俊 孙新 解珍 侯健 朱武 薛永 扈三娘 石勇 宋清 杜兴 邓飞 朱富 汤隆 卢俊义 鲁智深 孙立 郁保四 凌振 蔡福 单廷贵 樊瑞 陶宗旺 石秀 蒋敬 周通 阮小五 陈达 解宝 项充 戴宗 呼延灼 王英 孟康 关胜 皇甫端 萧让 杨雄 龚旺 李云 丁得孙
杨雄 韩滔 宣赞 龚旺 童猛 郭盛 史进 宋江 孔亮 张清 关胜 杜兴 童威 顾大嫂 鲍旭 武松 郑天寿
燕顺 龚旺 施恩 王英 穆春 张顺 杨志 魏定国 童威 黄信 邓飞 马麟 凌振 柴进
孙新 石秀 关胜 杨林 郑天寿 刘唐 焦挺 郭盛 阮小二 马麟 邹润 项充 李逵 扈三娘 孔明 张横 石勇 金大坚 林冲 蒋敬 曹正 杜兴 雷横 吴用 杨雄 孙二娘 朱武 单廷贵 薛永 顾大嫂 樊瑞 戴宗 欧鹏
张顺 李逵 蔡福 石勇 焦挺 石秀 裴宣 白胜 杜兴 杨雄 公孙胜 吕方 萧让 孔明 魏定国 李忠 彭^ 王定六 柴进 李云 宋清 李立 陶宗旺 关胜 吴用 杨春 马麟 花荣 李俊 刘唐 鲁智深 杨志 解珍 丁得孙 安道全 张清 穆弘 燕顺 秦明 李衮 朱贵 段景住 童猛 林冲 阮小七 周通 顾大嫂 鲍旭 杨林 呼延灼 郭盛 扈三娘 曹正 戴宗 雷横 张横 郝思文 孔亮 阮小二 董平 樊瑞 薛永 乐和 王英 宋万 黄信 索超 皇甫端 侯健 杜迁 史进 孙二娘 阮小五 邹润 卢俊义 宋江 蔡庆 朱武 欧鹏 蒋敬 郁保四 张青 邹渊 孙新 穆春 韩滔 单廷贵 孟康 郑天寿 孙立 陈达 李应 朱仝 龚旺 朱富 凌振 武松 解宝 金大坚
郁保四 蒋敬 朱仝 石秀 李立 穆弘 戴宗 李俊 朱武 马麟 童威 陶宗旺 燕青 金大坚 卢俊义 孔明 薛永 周通 武松 宋清 鲍旭 董平 秦明 杨志 石勇 徐宁 张顺 项充 孙二娘 呼延灼 时迁 公孙胜 欧鹏 黄信 童猛 蔡庆 杜兴 孙新 邓飞 解宝 关胜 李逵 郝思文 阮小二 阮小五 索超 燕顺 龚旺 王英 鲁智深 雷横 李忠 邹渊 杨雄 柴进 宋江 李云 阮小七 郑天寿 汤隆 顾大嫂 史进 蔡福 丁得孙 孟康 单廷贵 韩滔 魏定国 朱贵 宣赞 安道全 裴宣 白胜 曹正 樊瑞 邹润 朱富 花荣
杜兴 王英 童猛 武松 樊瑞 阮小五 杨雄 萧让 杨林 王定六 穆春 阮小二 杨志 龚旺
李衮 李俊 孙新 李忠 段景住 花荣 项充 吕方 李应 邹渊 宣赞 李立 朱仝 宋江 解珍 朱富 魏定国 卢俊义 解宝 杜兴 燕顺 陶宗旺 韩滔 阮小二 石勇 武松 徐宁 金大坚 施恩 王英 杨春 董平 朱贵 杨雄 宋万 刘唐 石秀 鲁智深 鲍旭 陈达 薛永 杜迁 郑天寿 秦明 邓飞 杨林 丁得孙 李云
段景住 孙立 焦挺 时迁 燕青 宋江 吴用 鲁智深 李立 陶宗旺 马麟 蒋敬 雷横 乐和 宣赞 孔明 王英 李逵 石勇 公孙胜 柴进 曹正 穆弘 邹润 蔡庆 皇甫端 关胜 项充 扈三娘
李立 李衮 顾大嫂 张青 索超 张顺 杨志 石秀 薛永 朱贵 郁保四 朱武 解珍 徐宁 陈达 武松 皇甫端 孙二娘 施恩 童猛 朱富 项充 穆弘 雷横 李逵 萧让 邹渊 鲍旭 时迁 公孙胜 凌振 单廷贵 孙立 杨雄 史进 张清 周通 杨林 刘唐 卢俊义 杜迁 蔡福 李忠 阮小七 邹润 孟康 鲁智深 秦明 杜兴 彭^ 阮小二 石勇 焦挺 樊瑞 燕顺 欧鹏 段景住 王英 韩滔 解宝 乐和 孙新 郝思文 李俊 孔亮 裴宣 白胜 黄信 李云 戴宗 宣赞 穆春 侯健 汤隆 马麟 柴进 宋江 魏定国 安道全 童威 蒋敬 蔡庆 杨春 张横 扈三娘 孔明 丁得孙 林冲 龚旺 宋万 花荣 吴用 宋清 郭盛 吕方 阮小五 邓飞 陶宗旺 曹正 朱仝 金大坚 呼延灼 王定六 董平 关胜 燕青 郑天寿 李应
公孙胜 童威 皇甫端 宋清 杨雄 魏定国 彭^ 史进 郝思文 燕青 杨春 武松 吴用 卢俊义 王定六 侯健 李逵 李忠 孔明 李立 金大坚 汤隆 曹正 孙新 阮小五 戴宗 鲍旭 黄信 张青 陶宗旺 孟康 安道全 焦挺 乐和 宋江 宣赞 石勇 石秀 解宝 李云 孙立 杨林 马麟 单廷贵 邓飞 张横 朱仝 李衮 郭盛 项充 薛永 徐宁 解珍 林冲 燕顺 郑天寿 杜迁 杜兴 龚旺 穆弘 关胜 段景住 董平 索超 朱贵 邹润 樊瑞 时迁 阮小二 孔亮 萧让 杨志 孙二娘
萧让 索超 呼延灼 孔明 穆春 金大坚 邹润 汤隆 董平 蔡福 鲍旭 郁保四 邓飞 张青 蒋敬 杜兴 曹正 吕方 花荣 侯健 韩滔 李衮 孟康 彭^ 时迁 宋万 李云 朱富 李忠 杨志 童猛 王定六 阮小七 张横 黄信 李立 杨雄 张顺 卢俊义 杜迁 关胜 宋清 邹渊 孙新 白胜 阮小二 焦挺 李逵 丁得孙 李应 穆弘 林冲 张清 阮小五 鲁智深 杨林 石秀 郭盛 孔亮 扈三娘 龚旺 顾大嫂 吴用
公孙胜 黄信 樊瑞 李应 阮小七 李忠 花荣 郑天寿 薛永 韩滔 蒋敬 白胜 曹正 顾大嫂 孔明 邓飞 鲁智深 宣赞 马麟 史进 卢俊义 吕方 董平 阮小二 扈三娘 蔡福 时迁 李立 施恩 柴进 孔亮 陶宗旺 孙新 朱仝 雷横 解宝 龚旺 魏定国 金大坚 郝思文 陈达 燕青 乐和 凌振 邹渊 王英 童猛 戴宗 汤隆 武松 宋清 阮小五 张青 解珍 段景住 吴用 张清
施恩 李忠 穆春 张顺 董平 宋清 黄信 郭盛 吴用 白胜 索超 张青 刘唐 裴宣 安道全 李俊 顾大嫂 李衮 杨春 郝思文 萧让 宋万 蔡福 阮小七 韩滔 汤隆 邹渊 李立 孙新 杜迁 卢俊义 时迁 马麟 孙立 薛永 雷横 史进 王定六 童猛 杨林 周通 吕方 彭^ 石秀 项充
李应 宣赞 郁保四 杨志 杨春 孟康 宋万 孔亮 蔡庆 戴宗 邹润 阮小七 阮小五 郝思文 石勇 魏定国 顾大嫂 李云 欧鹏 汤隆 花荣 龚旺 白胜 朱富 时迁 解宝 丁得孙 鲁智深 张顺 马麟 武松 童威 韩滔 雷横
宋江 朱仝 汤隆 徐宁 王定六 乐和 王英 丁得孙 龚旺 欧鹏 宋万 穆春 金大坚 武松 萧让 魏定国 解宝 张顺 韩滔 童威 花荣 呼延灼 时迁 张青 杨雄 卢俊义 杨林 侯健 单廷贵 杨志 蔡福 皇甫端 邹润 郑天寿 公孙胜 杜兴 阮小二 郭盛 秦明 孙立 阮小七 裴宣
孙新 杨林 白胜 杨春 王定六 李衮 杜迁 朱武 李俊 李逵 张横 宋江 安道全 周通 樊瑞 乐和 龚旺 邹润 扈三娘 穆春 郑天寿 陈达 孔明 陶宗旺 穆弘 呼延灼 童威 武松 石秀 曹正 欧鹏 杨志 李应 阮小七 戴宗 阮小二 焦挺 宣赞 汤隆 郁保四 宋清 公孙胜 秦明 徐宁 雷横 单廷贵 吴用 张顺 施恩 蒋敬 董平 燕青 凌振 鲍旭 孙立 柴进 李云 邹渊 马麟 阮小五 吕方 杨雄 郭盛 韩滔 张青 孟康 李立 童猛 石勇 张清 侯健 魏定国 朱贵 花荣 孙二娘 卢俊义 时迁 邓飞 黄信 刘唐 朱富 金大坚 裴宣
黄信 项充 武松 金大坚 石勇 卢俊义 阮小七 薛永 蔡福 韩滔 秦明 宋清 蔡庆 扈三娘 白胜 林冲 邹渊 陶宗旺 孟康 邹润 孔明 郝思文 徐宁 李立 石秀 鲁智深 周通 燕青 欧鹏 花荣 段景住 裴宣 董平 邓飞 解宝 朱仝 戴宗 魏定国 刘唐 孙二娘 孙立 郭盛 王定六 樊瑞
杨林 韩滔 张清 单廷贵 穆春 魏定国 白胜 王英 李忠 吴用 郁保四 焦挺 卢俊义 顾大嫂 吕方 孙二娘 鲍旭 徐宁 曹正 蒋敬 金大坚 燕青 史进 武松 呼延灼 公孙胜 凌振 乐和 段景住 皇甫端 阮小五 张横 秦明 陈达 薛永 李逵 关胜 丁得孙 杜迁 张顺 裴宣 欧鹏 李衮 黄信 王定六 索超 李云 杜兴 陶宗旺 彭^
曹正 卢俊义 薛永 童威 郝思文 单廷贵 鲍旭 裴宣 宣赞 杜兴 魏定国 韩滔 刘唐 杨春 燕顺 孙二娘 蔡庆 时迁
金大坚 李云 宋万 蒋敬 单廷贵 孙立 郝思文 安道全 裴宣 柴进 黄信 白胜 林冲 花荣 董平 李逵 郑天寿 朱仝 蔡福 曹正 雷横 张顺 李俊 史进 韩滔 石勇 徐宁 李忠 杨雄 阮小五 萧让 乐和 马麟 阮小二 蔡庆 郁保四 石秀 杨志 孔亮 阮小七 穆弘 欧鹏 陈达 项充 焦挺 索超 时迁 朱富 宋清 张青 宋江 宣赞 鲍旭 杨林 龚旺 邹润 杜迁 王定六 呼延灼 皇甫端 秦明 彭^ 张横 卢俊义 李衮 孙新 武松 施恩 穆春 解珍
呼延灼 段景住 阮小七 史进 郝思文 阮小五 关胜 焦挺 花荣 宋万 孙立 汤隆 秦明 董平 施恩 童猛 韩滔 李忠 杨春 郁保四 曹正 邓飞 邹渊 石勇 李俊 陶宗旺 朱仝 蔡庆 杨林
穆春 宋清 樊瑞 童威 孙立 蔡福 时迁 王英 燕青 郭盛 杨雄 马麟 焦挺 裴宣 阮小五 朱仝 宣赞 林冲 项充 郁保四 乐和 李衮 张顺 宋江 侯健 阮小二 李俊 邹渊 陈达 萧让 吴用 秦明 董平 陶宗旺 李忠 张横 曹正 欧鹏 郝思文 丁得孙 孟康 邹润 白胜 施恩 关胜 戴宗 宋万 柴进 孔亮 雷横 杨林 史进 李立 杨志 王定六 魏定国 蒋敬 孙新 李应 韩滔 李云 朱贵 鲁智深 杜兴 朱武 阮小七 金大坚 邓飞 石秀 单廷贵 孙二娘 张青 解宝 安道全 呼延灼 孔明 朱富 花荣 蔡庆 皇甫端 徐宁 石勇 吕方 凌振 李逵 段景住 杜迁 杨春 扈三娘 彭^ 张清 黄信 薛永 穆弘 鲍旭 刘唐 龚旺 索超 顾大嫂 武松 公孙胜 周通 郑天寿 汤隆 燕顺 童猛
孟康 宋清
安道全 李应 郝思文 汤隆 柴进
阮小五 陈达 吴用 焦挺 李衮 孔明 林冲 蒋敬 柴进 阮小七 史进 邹渊 施恩 朱贵 宋万 孙立 蔡福 杜迁 朱武 刘唐 阮小二 张横 金大坚 时迁 解宝 穆春 解珍 杨雄 彭^ 呼延灼 曹正 萧让 关胜 白胜 石勇 董平 李云 汤隆
董平 邓飞 郝思文 金大坚 曹正 石勇 宣赞 孔亮 史进 孔明
武松 彭^ 童威 宋万 金大坚 徐宁 王英 曹正 乐和 鲁智深 杜迁 宣赞 吕方 杜兴 张清 李衮 张青 索超 顾大嫂 周通 杨雄
李衮 郭盛 解珍 朱仝 段景住 穆春 武松 燕顺 杨志 孔明 马麟 索超 徐宁 孙立 吴用 穆弘 李应 朱武 龚旺 吕方 凌振 安道全 郁保四 李云 郑天寿 宋万 张清 孙新 杜兴 丁得孙 王英 欧鹏 鲍旭 阮小七 鲁智深 童威 雷横 项充 樊瑞 阮小五 宣赞 周通 陈达 金大坚 朱贵 郝思文 阮小二 孔亮 焦挺 朱富 顾大嫂
史进 杜迁 吕方 樊瑞 朱武 张青 雷横 魏定国 秦明 张清 孔明 彭^ 穆弘 鲍旭 李云 黄信 李俊 蒋敬 邹渊 朱贵 杨雄 王英 单廷贵 刘唐 阮小五 解宝 杨志 卢俊义 童猛 李立 裴宣 陶宗旺 宋清 邓飞 杜兴 张顺 孙立 孙新 郑天寿 项充 董平 徐宁 戴宗 汤隆 燕青 孟康 曹正 白胜 燕顺 马麟 王定六 宋江 李逵 焦挺 宣赞
汤隆 邹渊 项充 林冲 张顺 柴进 孙立 王定六 李立 樊瑞 杨林 白胜 安道全 郝思文 宋清 燕青 李忠 单廷贵 阮小五 马麟 董平 孔明 欧鹏 薛永 孔亮 徐宁 蔡庆 时迁 燕顺 丁得孙 李俊 李应 郁保四 杜兴 朱贵 秦明 阮小七 彭^ 李逵 郑天寿 李云 韩滔 宣赞 金大坚 关胜 阮小二 张青 王英 公孙胜 朱富 曹正 陈达 周通 张横 花荣 侯健 朱武 索超 焦挺 朱仝 杨春 童猛 龚旺 解宝 穆弘 萧让
李衮 蔡福 萧让 阮小五 裴宣 彭^ 王英 李忠 穆弘 呼延灼 解宝 白胜 李俊 阮小七 史进 杨春 邹渊 周通 郁保四 杨雄 穆春 陶宗旺 时迁 李逵 蒋敬 蔡庆 索超 郭盛 石勇 燕顺 李应 宣赞 林冲 杨志 孙新 孙立 柴进 阮小二 卢俊义 李云 龚旺 丁得孙 朱武 鲍旭 燕青 孟康 顾大嫂 鲁智深 朱富 武松 张青 安道全 张横 魏定国 杜迁 汤隆 黄信 孔亮 曹正 朱仝 吕方 侯健 扈三娘 解珍 童威 欧鹏
柴进 龚旺 段景住 朱富 蔡福 童威 石秀 凌振 孔亮 郁保四 朱武 孔明 项充 欧鹏 宋江 薛永 孙新 李衮 公孙胜 燕顺 王英 雷横 萧让
张清 蒋敬 曹正 丁得孙 安道全 孔明 杨春 李衮 施恩 皇甫端 武松 杨雄 顾大嫂 凌振 童猛 李云 索超 陶宗旺 董平 穆春 郭盛 裴宣 郑天寿 阮小五 郁保四 花荣 朱贵 李忠 吕方 卢俊义 蔡福 孙立 邹渊 单廷贵 时迁 李逵 阮小二 龚旺 孟康 孔亮 宋清 蔡庆 侯健 李俊 杨林 石秀 吴用 魏定国
丁得孙 郑天寿 裴宣 郭盛 邹渊 阮小二 王英 项充 魏定国 凌振 李逵 孔亮 卢俊义 关胜 阮小七 郁保四 柴进 林冲 侯健 徐宁
童猛 雷横 萧让 李云 彭^ 燕青 戴宗 孔明 项充 穆弘 邹渊 龚旺 皇甫端 段景住 徐宁 樊瑞 鲁智深 花荣 时迁 马麟
童威 燕青 丁得孙 蔡福 孔亮 时迁 邓飞 蔡庆 凌振 焦挺 周通 解宝 索超 孙立 马麟 薛永 刘唐 呼延灼 宣赞 张青 阮小七 鲍旭 项充 公孙胜 卢俊义 朱武 徐宁 雷横 乐和 单廷贵 朱富 张横 戴宗 黄信 阮小二 段景住 施恩 朱仝 穆春 樊瑞 孔明 宋江 孟康 李云 杨林 吕方 柴进 李逵 王定六 汤隆 魏定国 欧鹏 林冲 童猛 安道全 史进 李俊 孙二娘 郭盛 李应 韩滔 阮小五 鲁智深 李立 董平 蒋敬 张清 王英 石勇 杨春 穆弘 裴宣 杜兴 侯健 龚旺 萧让 扈三娘 顾大嫂 花荣 宋万 白胜 石秀 吴用 燕顺 郁保四 郝思文 邹润 曹正
邹润 孔明 郝思文 童威 宋万 花荣 穆春 穆弘 邓飞 凌振 朱仝 阮小七 吕方 孙新 李立 黄信 吴用 蒋敬 孔亮 郁保四 顾大嫂 宋清 史进 宣赞 薛永 孙立 彭^ 李逵
李俊 蒋敬 邹渊 李应 关胜 黄信 宋万 顾大嫂 扈三娘 时迁 孔亮 宣赞 穆春 鲁智深 欧鹏 杨雄 徐宁 马麟 薛永 凌振 孙二娘 丁得孙 邹润 解珍 彭^ 刘唐 李衮 李逵
童猛 阮小五 公孙胜 侯健 薛永 王定六 彭^ 李衮 萧让 宋清 郁保四 孙二娘 郭盛 宣赞 魏定国 单廷贵 顾大嫂 孔明 王英 关胜 杨林 孟康 解宝 吕方 童威 朱贵 周通 李应 李忠 杨春 邹渊 孙新 穆弘 李俊 陶宗旺 杜迁 孙立 索超 汤隆 宋江 黄信 张清 燕顺 蒋敬 鲍旭 呼延灼 朱仝 阮小七 李云 董平 丁得孙 施恩 穆春 张顺 石勇 凌振 朱武 邹润 段景住 皇甫端 鲁智深 刘唐 白胜 杨志 李逵 裴宣 欧鹏 阮小二 安道全 韩滔 樊瑞 孔亮 燕青 蔡福 曹正 陈达 宋万 杜兴 郑天寿 林冲 史进 乐和 石秀 朱富 龚旺 雷横 张青 马麟 张横 徐宁 郝思文 蔡庆 解珍 金大坚 邓飞 戴宗 花荣 扈三娘 项充 焦挺 杨雄 武松 时迁 秦明
秦明 朱武 李忠 雷横 凌振 宣赞 燕青 鲍旭 丁得孙 吴用 柴进 史进 马麟 解珍 关胜 曹正 解宝 穆弘 樊瑞 鲁智深 邹渊 萧让 孔明 白胜 穆春 童猛 阮小七 金大坚 张顺 孟康 蒋敬 徐宁 张青 杜迁 索超 吕方 龚旺 花荣 顾大嫂 王定六 杨志 汤隆 魏定国 杨雄 朱仝 蔡福 孙二娘 李衮 薛永 项充 裴宣 郝思文 张清 燕顺 李立 皇甫端 张横 宋清 安道全 李俊 蔡庆 李应 朱贵 林冲 郑天寿 戴宗 宋万 公孙胜 武松 郭盛 卢俊义 朱富 施恩 杜兴
宋江 丁得孙 吕方 卢俊义 凌振 刘唐 邹渊 黄信 周通 郭盛 施恩 朱富 呼延灼 李云 秦明 李逵 萧让 李衮 孙立 龚旺 穆春 项充 燕顺 郑天寿 阮小七 穆弘 单廷贵 杨林 解珍 史进 彭^ 阮小二 皇甫端 裴宣 徐宁 扈三娘 杨春 朱武 段景住 郝思文 侯健 欧鹏 鲁智深 魏定国 郁保四 焦挺 宋清 童威 阮小五 朱贵 武松 王定六 吴用 李应 孙二娘 石秀 王英 张青 宣赞
杨志 雷横 穆弘 郑天寿 宣赞 公孙胜 徐宁 阮小五 杨林 燕青 蔡福 杨雄 孔亮 马麟 丁得孙 史进 龚旺 朱仝 阮小二 李俊 燕顺 朱武 彭^ 郁保四 关胜 陈达 孙二娘 李云 张青 孔明 李逵 戴宗 邓飞 乐和 解宝 皇甫端 吕方 周通 索超 单廷贵 朱富 邹润 张横 安道全 童威 武松 侯健 孙立 宋清 杜迁 凌振 曹正 李衮 李立 郝思文 裴宣 李应 董平 张顺 花荣 柴进 孟康 朱贵 白胜 杜兴 宋江 秦明 林冲 鲍旭 石勇 段景住 卢俊义 项充 萧让 黄信 王英 童猛 扈三娘 魏定国 石秀 顾大嫂 解珍 穆春 李忠 蔡庆 施恩 金大坚 呼延灼 薛永 时迁 孙新
扈三娘 关胜 丁得孙 鲁智深 李应 秦明 张顺 时迁 穆弘 杨林 陶宗旺 孙立 张清 韩滔 彭^ 凌振 宋江 汤隆 孔亮 张青 黄信 杨春 解珍 穆春 解宝 戴宗 王定六 杜兴 燕青 郑天寿 曹正 朱仝 公孙胜 朱贵 马麟 蒋敬 李立 柴进 顾大嫂 侯健 杜迁 萧让 李忠 安道全 朱富
