1
536870912
2
387420489 774840978
4
244140625 488281250 732421875 976562500
3
282475249 564950498 847425747
6
148035889 296071778 444107667 592143556 740179445 888215334
4
214358881 428717762 643076643 857435524
1
815730721
2
410338673 820677346
1
893871739
59
16777216 33554432 50331648 67108864 83886080 100663296 117440512 134217728 150994944 167772160 184549376 201326592 218103808 234881024 251658240 268435456 285212672 301989888 318767104 335544320 352321536 369098752 385875968 402653184 419430400 436207616 452984832 469762048 486539264 503316480 520093696 536870912 553648128 570425344 587202560 603979776 620756992 637534208 654311424 671088640 687865856 704643072 721420288 738197504 754974720 771751936 788529152 805306368 822083584 838860800 855638016 872415232 889192448 905969664 922746880 939524096 956301312 973078528 989855744
3
268435456 536870912 805306368
59
16777216 33554432 50331648 67108864 83886080 100663296 117440512 134217728 150994944 167772160 184549376 201326592 218103808 234881024 251658240 268435456 285212672 301989888 318767104 335544320 352321536 369098752 385875968 402653184 419430400 436207616 452984832 469762048 486539264 503316480 520093696 536870912 553648128 570425344 587202560 603979776 620756992 637534208 654311424 671088640 687865856 704643072 721420288 738197504 754974720 771751936 788529152 805306368 822083584 838860800 855638016 872415232 889192448 905969664 922746880 939524096 956301312 973078528 989855744
7
134217728 268435456 402653184 536870912 671088640 805306368 939524096
23
43046721 86093442 129140163 172186884 215233605 258280326 301327047 344373768 387420489 430467210 473513931 516560652 559607373 602654094 645700815 688747536 731794257 774840978 817887699 860934420 903981141 947027862 990074583
2
387420489 774840978
1
8192
1
6561
3
3125 6250 9375
4
2401 4802 7203 9604
18
529 1058 1587 2116 2645 3174 3703 4232 4761 5290 5819 6348 6877 7406 7935 8464 8993 9522
7
1331 2662 3993 5324 6655 7986 9317
4
2197 4394 6591 8788
2
4913 9826
1
6859
2
4096 8192
78
128 256 384 512 640 768 896 1024 1152 1280 1408 1536 1664 1792 1920 2048 2176 2304 2432 2560 2688 2816 2944 3072 3200 3328 3456 3584 3712 3840 3968 4096 4224 4352 4480 4608 4736 4864 4992 5120 5248 5376 5504 5632 5760 5888 6016 6144 6272 6400 6528 6656 6784 6912 7040 7168 7296 7424 7552 7680 7808 7936 8064 8192 8320 8448 8576 8704 8832 8960 9088 9216 9344 9472 9600 9728 9856 9984
39
256 512 768 1024 1280 1536 1792 2048 2304 2560 2816 3072 3328 3584 3840 4096 4352 4608 4864 5120 5376 5632 5888 6144 6400 6656 6912 7168 7424 7680 7936 8192 8448 8704 8960 9216 9472 9728 9984
19
512 1024 1536 2048 2560 3072 3584 4096 4608 5120 5632 6144 6656 7168 7680 8192 8704 9216 9728
1
6561
1
6561
184
294849 589698 884547 1179396 1474245 1769094 2063943 2358792 2653641 2948490 3243339 3538188 3833037 4127886 4422735 4717584 5012433 5307282 5602131 5896980 6191829 6486678 6781527 7076376 7371225 7666074 7960923 8255772 8550621 8845470 9140319 9435168 9730017 10024866 10319715 10614564 10909413 11204262 11499111 11793960 12088809 12383658 12678507 12973356 13268205 13563054 13857903 14152752 14447601 14742450 15037299 15332148 15626997 15921846 16216695 16511544 16806393 17101242 17396091 17690940 17985789 18280638 18575487 18870336 19165185 19460034 19754883 20049732 20344581 20639430 20934279 21229128 21523977 21818826 22113675 22408524 22703373 22998222 23293071 23587920 23882769 24177618 24472467 24767316 25062165 25357014 25651863 25946712 26241561 26536410 26831259 27126108 27420957 27715806 28010655 28305504 28600353 28895202 29190051 29484900 29779749 30074598 30369447 30664296 30959145 31253994 31548843 31843692 32138541 32433390 32728239 33023088 33317937 33612786 33907635 34202484 34497333 34792182 35087031 35381880 35676729 35971578 36266427 36561276 36856125 37150974 37445823 37740672 38035521 38330370 38625219 38920068 39214917 39509766 39804615 40099464 40394313 40689162 40984011 41278860 41573709 41868558 42163407 42458256 42753105 43047954 43342803 43637652 43932501 44227350 44522199 44817048 45111897 45406746 45701595 45996444 46291293 46586142 46880991 47175840 47470689 47765538 48060387 48355236 48650085 48944934 49239783 49534632 49829481 50124330 50419179 50714028 51008877 51303726 51598575 51893424 52188273 52483122 52777971 53072820 53367669 53662518 53957367 54252216
287
189225 378450 567675 756900 946125 1135350 1324575 1513800 1703025 1892250 2081475 2270700 2459925 2649150 2838375 3027600 3216825 3406050 3595275 3784500 3973725 4162950 4352175 4541400 4730625 4919850 5109075 5298300 5487525 5676750 5865975 6055200 6244425 6433650 6622875 6812100 7001325 7190550 7379775 7569000 7758225 7947450 8136675 8325900 8515125 8704350 8893575 9082800 9272025 9461250 9650475 9839700 10028925 10218150 10407375 10596600 10785825 10975050 11164275 11353500 11542725 11731950 11921175 12110400 12299625 12488850 12678075 12867300 13056525 13245750 13434975 13624200 13813425 14002650 14191875 14381100 14570325 14759550 14948775 15138000 15327225 15516450 15705675 15894900 16084125 16273350 16462575 16651800 16841025 17030250 17219475 17408700 17597925 17787150 17976375 18165600 18354825 18544050 18733275 18922500 19111725 19300950 19490175 19679400 19868625 20057850 20247075 20436300 20625525 20814750 21003975 21193200 21382425 21571650 21760875 21950100 22139325 22328550 22517775 22707000 22896225 23085450 23274675 23463900 23653125 23842350 24031575 24220800 24410025 24599250 24788475 24977700 25166925 25356150 25545375 25734600 25923825 26113050 26302275 26491500 26680725 26869950 27059175 27248400 27437625 27626850 27816075 28005300 28194525 28383750 28572975 28762200 28951425 29140650 29329875 29519100 29708325 29897550 30086775 30276000 30465225 30654450 30843675 31032900 31222125 31411350 31600575 31789800 31979025 32168250 32357475 32546700 32735925 32925150 33114375 33303600 33492825 33682050 33871275 34060500 34249725 34438950 34628175 34817400 35006625 35195850 35385075 35574300 35763525 35952750 36141975 36331200 36520425 36709650 36898875 37088100 37277325 37466550 37655775 37845000 38034225 38223450 38412675 38601900 38791125 38980350 39169575 39358800 39548025 39737250 39926475 40115700 40304925 40494150 40683375 40872600 41061825 41251050 41440275 41629500 41818725 42007950 42197175 42386400 42575625 42764850 42954075 43143300 43332525 43521750 43710975 43900200 44089425 44278650 44467875 44657100 44846325 45035550 45224775 45414000 45603225 45792450 45981675 46170900 46360125 46549350 46738575 46927800 47117025 47306250 47495475 47684700 47873925 48063150 48252375 48441600 48630825 48820050 49009275 49198500 49387725 49576950 49766175 49955400 50144625 50333850 50523075 50712300 50901525 51090750 51279975 51469200 51658425 51847650 52036875 52226100 52415325 52604550 52793775 52983000 53172225 53361450 53550675 53739900 53929125 54118350 54307575
1
3418801
2
1336336 2672672
1
3418801
1
19683
1
262144
100
543 1086 1629 2172 2715 3258 3801 4344 4887 5430 5973 6516 7059 7602 8145 8688 9231 9774 10317 10860 11403 11946 12489 13032 13575 14118 14661 15204 15747 16290 16833 17376 17919 18462 19005 19548 20091 20634 21177 21720 22263 22806 23349 23892 24435 24978 25521 26064 26607 27150 27693 28236 28779 29322 29865 30408 30951 31494 32037 32580 33123 33666 34209 34752 35295 35838 36381 36924 37467 38010 38553 39096 39639 40182 40725 41268 41811 42354 42897 43440 43983 44526 45069 45612 46155 46698 47241 47784 48327 48870 49413 49956 50499 51042 51585 52128 52671 53214 53757 54300
124
435 870 1305 1740 2175 2610 3045 3480 3915 4350 4785 5220 5655 6090 6525 6960 7395 7830 8265 8700 9135 9570 10005 10440 10875 11310 11745 12180 12615 13050 13485 13920 14355 14790 15225 15660 16095 16530 16965 17400 17835 18270 18705 19140 19575 20010 20445 20880 21315 21750 22185 22620 23055 23490 23925 24360 24795 25230 25665 26100 26535 26970 27405 27840 28275 28710 29145 29580 30015 30450 30885 31320 31755 32190 32625 33060 33495 33930 34365 34800 35235 35670 36105 36540 36975 37410 37845 38280 38715 39150 39585 40020 40455 40890 41325 41760 42195 42630 43065 43500 43935 44370 44805 45240 45675 46110 46545 46980 47415 47850 48285 48720 49155 49590 50025 50460 50895 51330 51765 52200 52635 53070 53505 53940
2
1849 3698
2
1156 2312
2
1849 3698
1
27
1
256
1
9
2
3 6
