7538.568
5038.237
11802.921
6479.159
7675.961
8152.013
4074.697
10999.798
8447.674
13219.370
3778.200
9449.131
5153.739
11856.853
6860.098
11620.426
14877.885
6228.818
12533.861
4983.430
6772.378
9182.023
7122.967
7156.893
12332.225
3601.160
14276.360
17692.963
8597.425
7414.583
12998.092
3671.483
6331.665
17975.650
12253.238
12166.447
2829.638
14667.117
14358.436
6933.509
5605.035
15343.906
11204.001
2668.946
14253.492
12037.716
3490.631
16828.503
7131.882
5723.581
7995.478
6728.499
16275.590
17111.111
9431.651
18622.648
1299.471
10022.656
13455.340
10797.186
4136.276
3390.133
4617.799
7752.207
3745.965
16133.024
4616.212
4252.621
7105.842
9992.182
12142.234
3630.446
4010.143
11623.302
10666.667
13151.721
7084.733
3571.913
18315.790
6881.099
9832.415
9306.589
7107.543
10289.365
17688.725
5890.207
7568.640
4427.998
11785.966
10107.166
5810.519
2134.638
5115.610
9534.021
18104.316
13240.257
5544.344
17332.269
12862.222
10380.747
14420.871
2702.822
11420.067
16978.817
18557.547
6472.716
9750.516
15686.507
10788.350
11470.933
19346.899
14888.889
8671.789
9913.764
3355.953
7879.312
7222.222
8857.231
1361.848
2383.151
8094.801
2804.435
18222.287
16788.820
15105.409
5961.553
16694.966
9197.548
10034.165
16205.542
8169.455
16782.319
9880.045
3744.294
9007.381
4887.953
14307.157
12097.794
6170.344
3853.724
14851.173
762.424
4465.628
7206.774
17884.237
13071.285
15007.306
17129.166
9828.740
1498.072
4043.645
2218.912
7188.742
10992.515
5518.121
9795.834
10972.451
12777.778
14365.499
1337.248
9639.772
14761.525
7495.255
9867.204
5336.712
9576.377
13877.809
10492.162
4556.250
9256.753
18528.949
16009.383
14206.243
13985.381
6900.110
8534.449
995.672
4770.134
6681.086
9017.700
3699.765
6023.744
7480.996
5017.708
7443.093
13343.209
12656.524
12464.874
13555.556
9105.556
11453.612
2199.721
805.679
16649.593
7457.860
3821.581
8875.887
9666.667
11900.102
8653.700
2496.619
6482.730
7130.123
8282.675
17406.515
13864.252
6797.852
16106.434
5166.309
1427.522
8913.781
14553.292
5391.127
18514.675
12333.673
8738.360
11844.746
14708.053
17495.587
8708.938
8990.768
4804.511
11740.286
12730.791
17017.390
16893.200
2898.815
9705.819
11969.022
9480.297
336.908
10889.073
14896.662
14425.199
13518.215
11999.616
12538.755
11556.559
10510.871
18328.443
7400.877
10911.576
13666.837
13663.721
10870.411
9334.166
6282.110
13161.788
14840.026
17777.778
17815.407
6266.306
6735.636
15329.445
16350.756
7621.146
5595.989
14076.498
3614.265
2404.518
15714.572
15165.613
19024.581
7888.889
17898.450
12529.392
12511.049
870.314
4674.521
19503.342
7748.753
7591.899
7252.817
5111.462
14906.995
1339.161
10806.799
12570.287
4614.372
10249.226
2810.832
12072.929
4826.405
3713.090
222.222
8200.566
13597.156
12945.862
2203.675
8663.012
11628.825
7442.958
7555.556
4509.071
5283.141
7351.390
3155.813
8906.714
6077.773
13315.418
13791.029
12831.060
10323.524
1861.749
11967.845
2669.390
11627.622
3222.658
2971.179
18365.887
2311.323
16962.958
7472.424
6569.218
19063.576
14247.491
11956.828
2203.669
16716.055
14008.068
11799.183
15578.747
1668.055
13459.763
12959.987
14440.287
8029.068
11581.228
18959.529
9809.165
10090.015
5854.545
9264.290
3153.295
6154.546
12432.346
8691.876
2426.886
18228.296
2874.798
6467.226
17765.080
13831.186
7580.467
13429.650
3764.818
16505.018
6265.721
11670.692
3716.785
12810.392
10749.716
15332.071
6393.712
13287.112
11937.662
14135.691
8998.340
13405.758
14091.225
12731.628
16452.861
12778.028
5191.935
9489.171
6034.252
5084.155
8116.591
10333.054
5777.778
4916.869
4468.518
17708.360
10931.974
9382.620
18638.847
4678.101
4669.460
8271.715
8547.389
14343.190
12074.985
2078.807
1666.667
13755.228
15554.387
7814.667
16719.703
8695.803
10629.877
15808.094
1161.720
11181.844
13630.466
4836.655
14319.306
17308.289
4076.931
10654.952
5201.236
11876.393
13098.814
10538.401
17383.964
3294.237
5671.410
5931.058
6377.141
9051.001
11175.239
3797.947
10048.272
13915.038
6977.832
4518.570
10222.683
13528.166
5111.111
18619.207
7438.284
5268.603
16626.494
5794.192
16248.071
12069.895
9311.174
14099.626
10052.668
14478.160
19409.500
4798.083
9239.303
9226.590
16252.707
18068.564
11693.379
11708.203
11690.542
6968.783
6179.518
17140.331
15108.323
6264.669
8053.193
9815.458
5245.914
2003.732
17179.051
18222.222
10494.166
7266.448
5289.314
16261.759
3986.927
7164.533
4133.968
6444.583
14634.985
17810.735
11959.724
12635.454
16200.019
4644.484
15745.403
7962.791
3628.147
3354.971
15015.213
15232.284
9417.335
18800.841
9979.715
3720.082
4444.444
8680.314
9854.527
3253.705
19265.442
8939.907
19075.916
7459.954
12992.741
9096.913
14076.487
9712.637
5756.199
9111.213
1021.868
7047.243
2237.262
7333.876
10847.557
5154.320
18159.316
10181.549
17088.180
7800.324
12161.063
9682.893
10221.289
3222.818
1555.556
9620.716
8761.351
15211.222
